2023-04-14 11:29:23,496 - INFO - Log directory: ./libcity/log
2023-04-14 11:29:23,497 - INFO - Begin pipeline, task=traffic_state_pred, model_name=GRU, dataset_name=Xiongan, exp_id=50001
2023-04-14 11:29:23,497 - INFO - {'task': 'traffic_state_pred', 'model': 'RNN', 'dataset': 'Xiongan', 'saved_model': True, 'train': True, 'exp_id': '50001', 'seed': 0, 'dataset_class': 'TrafficStatePointDataset', 'executor': 'TrafficStateExecutor', 'evaluator': 'TrafficStateEvaluator', 'rnn_type': 'GRU', 'hidden_size': 64, 'num_layers': 1, 'dropout': 0, 'bidirectional': False, 'teacher_forcing_ratio': 0, 'scaler': 'standard', 'load_external': True, 'normal_external': False, 'ext_scaler': 'none', 'add_time_in_day': True, 'add_day_in_week': False, 'max_epoch': 100, 'learner': 'adam', 'learning_rate': 0.01, 'lr_decay': True, 'lr_scheduler': 'multisteplr', 'lr_decay_ratio': 0.1, 'steps': [5, 20, 40, 70], 'clip_grad_norm': True, 'max_grad_norm': 5, 'use_early_stop': True, 'patience': 50, 'batch_size': 64, 'cache_dataset': True, 'num_workers': 0, 'pad_with_last_sample': True, 'train_rate': 0.7, 'eval_rate': 0.1, 'input_window': 12, 'output_window': 12, 'gpu': True, 'gpu_id': 0, 'train_loss': 'none', 'epoch': 0, 'weight_decay': 0, 'lr_epsilon': 1e-08, 'lr_beta1': 0.9, 'lr_beta2': 0.999, 'lr_alpha': 0.99, 'lr_momentum': 0, 'step_size': 10, 'lr_T_max': 30, 'lr_eta_min': 0, 'lr_patience': 10, 'lr_threshold': 0.0001, 'log_level': 'INFO', 'log_every': 1, 'load_best_epoch': True, 'hyper_tune': False, 'metrics': ['MAE', 'MAPE', 'MSE', 'RMSE', 'masked_MAE', 'masked_MAPE', 'masked_MSE', 'masked_RMSE', 'R2', 'EVAR'], 'evaluator_mode': 'single', 'save_mode': ['csv'], 'geo': {'including_types': ['Point'], 'Point': {}}, 'rel': {'including_types': ['geo'], 'geo': {'cost': 'num'}}, 'dyna': {'including_types': ['state'], 'state': {'entity_id': 'geo_id', 'traffic_speed': 'num'}}, 'data_col': ['traffic_speed'], 'weight_col': 'cost', 'data_files': ['Xiongan'], 'geo_file': 'Xiongan', 'rel_file': 'Xiongan', 'output_dim': 1, 'time_intervals': 300, 'init_weight_inf_or_zero': 'inf', 'set_weight_link_or_dist': 'dist', 'calculate_weight_adj': True, 'weight_adj_epsilon': 0.1, 'device': device(type='cuda', index=0)}
2023-04-14 11:29:23,505 - INFO - Loaded file Xiongan.geo, num_nodes=487
2023-04-14 11:29:23,507 - INFO - set_weight_link_or_dist: dist
2023-04-14 11:29:23,507 - INFO - init_weight_inf_or_zero: inf
2023-04-14 11:29:23,511 - INFO - Loaded file Xiongan.rel, shape=(487, 487)
2023-04-14 11:29:23,511 - INFO - Start Calculate the weight by Gauss kernel!
2023-04-14 11:29:23,514 - INFO - Loading ./libcity/cache/dataset_cache/point_based_Xiongan_12_12_0.7_0.1_standard_64_True_True_False_True.npz
2023-04-14 11:29:23,556 - INFO - train	x: (26, 12, 487, 2), y: (26, 12, 487, 2)
2023-04-14 11:29:23,556 - INFO - eval	x: (4, 12, 487, 2), y: (4, 12, 487, 2)
2023-04-14 11:29:23,556 - INFO - test	x: (7, 12, 487, 2), y: (7, 12, 487, 2)
2023-04-14 11:29:23,556 - INFO - StandardScaler mean: 59.92392878005366, std: 5.807862904711059
2023-04-14 11:29:23,557 - INFO - NoneScaler
2023-04-14 11:29:23,709 - INFO - You select rnn_type GRU in RNN!
2023-04-14 11:29:26,908 - INFO - RNN(
  (rnn): GRU(974, 64)
  (fc): Linear(in_features=64, out_features=487, bias=True)
)
2023-04-14 11:29:26,909 - INFO - rnn.weight_ih_l0	torch.Size([192, 974])	cuda:0	True
2023-04-14 11:29:26,909 - INFO - rnn.weight_hh_l0	torch.Size([192, 64])	cuda:0	True
2023-04-14 11:29:26,909 - INFO - rnn.bias_ih_l0	torch.Size([192])	cuda:0	True
2023-04-14 11:29:26,909 - INFO - rnn.bias_hh_l0	torch.Size([192])	cuda:0	True
2023-04-14 11:29:26,909 - INFO - fc.weight	torch.Size([487, 64])	cuda:0	True
2023-04-14 11:29:26,909 - INFO - fc.bias	torch.Size([487])	cuda:0	True
2023-04-14 11:29:26,909 - INFO - Total parameter numbers: 231335
2023-04-14 11:29:26,909 - INFO - You select `adam` optimizer.
2023-04-14 11:29:26,909 - INFO - You select `multisteplr` lr_scheduler.
2023-04-14 11:29:26,910 - WARNING - Received none train loss func and will use the loss func defined in the model.
2023-04-14 11:29:26,910 - INFO - Start training ...
2023-04-14 11:29:26,910 - INFO - num_batches:1
2023-04-14 11:29:26,964 - INFO - epoch complete!
2023-04-14 11:29:26,964 - INFO - evaluating now!
2023-04-14 11:29:26,984 - INFO - Epoch [0/100] train_loss: 5.0072, val_loss: 5.0799, lr: 0.010000, 0.07s
2023-04-14 11:29:26,992 - INFO - Saved model at 0
2023-04-14 11:29:26,992 - INFO - Val loss decrease from inf to 5.0799, saving to ./libcity/cache/50001/model_cache/RNN_Xiongan_epoch0.tar
2023-04-14 11:29:27,032 - INFO - epoch complete!
2023-04-14 11:29:27,032 - INFO - evaluating now!
2023-04-14 11:29:27,051 - INFO - Epoch [1/100] train_loss: 5.0799, val_loss: 5.0446, lr: 0.010000, 0.06s
2023-04-14 11:29:27,058 - INFO - Saved model at 1
2023-04-14 11:29:27,059 - INFO - Val loss decrease from 5.0799 to 5.0446, saving to ./libcity/cache/50001/model_cache/RNN_Xiongan_epoch1.tar
2023-04-14 11:29:27,098 - INFO - epoch complete!
2023-04-14 11:29:27,098 - INFO - evaluating now!
2023-04-14 11:29:27,120 - INFO - Epoch [2/100] train_loss: 5.0446, val_loss: 4.8182, lr: 0.010000, 0.06s
2023-04-14 11:29:27,128 - INFO - Saved model at 2
2023-04-14 11:29:27,128 - INFO - Val loss decrease from 5.0446 to 4.8182, saving to ./libcity/cache/50001/model_cache/RNN_Xiongan_epoch2.tar
2023-04-14 11:29:27,160 - INFO - epoch complete!
2023-04-14 11:29:27,161 - INFO - evaluating now!
2023-04-14 11:29:27,187 - INFO - Epoch [3/100] train_loss: 4.8182, val_loss: 4.6643, lr: 0.010000, 0.06s
2023-04-14 11:29:27,194 - INFO - Saved model at 3
2023-04-14 11:29:27,194 - INFO - Val loss decrease from 4.8182 to 4.6643, saving to ./libcity/cache/50001/model_cache/RNN_Xiongan_epoch3.tar
2023-04-14 11:29:27,231 - INFO - epoch complete!
2023-04-14 11:29:27,231 - INFO - evaluating now!
2023-04-14 11:29:27,248 - INFO - Epoch [4/100] train_loss: 4.6643, val_loss: 4.5551, lr: 0.001000, 0.05s
2023-04-14 11:29:27,256 - INFO - Saved model at 4
2023-04-14 11:29:27,256 - INFO - Val loss decrease from 4.6643 to 4.5551, saving to ./libcity/cache/50001/model_cache/RNN_Xiongan_epoch4.tar
2023-04-14 11:29:27,296 - INFO - epoch complete!
2023-04-14 11:29:27,296 - INFO - evaluating now!
2023-04-14 11:29:27,315 - INFO - Epoch [5/100] train_loss: 4.5551, val_loss: 4.5161, lr: 0.001000, 0.06s
2023-04-14 11:29:27,323 - INFO - Saved model at 5
2023-04-14 11:29:27,323 - INFO - Val loss decrease from 4.5551 to 4.5161, saving to ./libcity/cache/50001/model_cache/RNN_Xiongan_epoch5.tar
2023-04-14 11:29:27,366 - INFO - epoch complete!
2023-04-14 11:29:27,366 - INFO - evaluating now!
2023-04-14 11:29:27,389 - INFO - Epoch [6/100] train_loss: 4.5161, val_loss: 4.4734, lr: 0.001000, 0.07s
2023-04-14 11:29:27,396 - INFO - Saved model at 6
2023-04-14 11:29:27,396 - INFO - Val loss decrease from 4.5161 to 4.4734, saving to ./libcity/cache/50001/model_cache/RNN_Xiongan_epoch6.tar
2023-04-14 11:29:27,432 - INFO - epoch complete!
2023-04-14 11:29:27,432 - INFO - evaluating now!
2023-04-14 11:29:27,451 - INFO - Epoch [7/100] train_loss: 4.4734, val_loss: 4.4344, lr: 0.001000, 0.05s
2023-04-14 11:29:27,458 - INFO - Saved model at 7
2023-04-14 11:29:27,458 - INFO - Val loss decrease from 4.4734 to 4.4344, saving to ./libcity/cache/50001/model_cache/RNN_Xiongan_epoch7.tar
2023-04-14 11:29:27,507 - INFO - epoch complete!
2023-04-14 11:29:27,508 - INFO - evaluating now!
2023-04-14 11:29:27,534 - INFO - Epoch [8/100] train_loss: 4.4344, val_loss: 4.3997, lr: 0.001000, 0.08s
2023-04-14 11:29:27,542 - INFO - Saved model at 8
2023-04-14 11:29:27,542 - INFO - Val loss decrease from 4.4344 to 4.3997, saving to ./libcity/cache/50001/model_cache/RNN_Xiongan_epoch8.tar
2023-04-14 11:29:27,575 - INFO - epoch complete!
2023-04-14 11:29:27,575 - INFO - evaluating now!
2023-04-14 11:29:27,594 - INFO - Epoch [9/100] train_loss: 4.3997, val_loss: 4.3682, lr: 0.001000, 0.05s
2023-04-14 11:29:27,601 - INFO - Saved model at 9
2023-04-14 11:29:27,601 - INFO - Val loss decrease from 4.3997 to 4.3682, saving to ./libcity/cache/50001/model_cache/RNN_Xiongan_epoch9.tar
2023-04-14 11:29:27,641 - INFO - epoch complete!
2023-04-14 11:29:27,642 - INFO - evaluating now!
2023-04-14 11:29:27,659 - INFO - Epoch [10/100] train_loss: 4.3682, val_loss: 4.3398, lr: 0.001000, 0.06s
2023-04-14 11:29:27,666 - INFO - Saved model at 10
2023-04-14 11:29:27,667 - INFO - Val loss decrease from 4.3682 to 4.3398, saving to ./libcity/cache/50001/model_cache/RNN_Xiongan_epoch10.tar
2023-04-14 11:29:27,703 - INFO - epoch complete!
2023-04-14 11:29:27,703 - INFO - evaluating now!
2023-04-14 11:29:27,722 - INFO - Epoch [11/100] train_loss: 4.3398, val_loss: 4.3106, lr: 0.001000, 0.05s
2023-04-14 11:29:27,729 - INFO - Saved model at 11
2023-04-14 11:29:27,729 - INFO - Val loss decrease from 4.3398 to 4.3106, saving to ./libcity/cache/50001/model_cache/RNN_Xiongan_epoch11.tar
2023-04-14 11:29:27,764 - INFO - epoch complete!
2023-04-14 11:29:27,764 - INFO - evaluating now!
2023-04-14 11:29:27,789 - INFO - Epoch [12/100] train_loss: 4.3106, val_loss: 4.2808, lr: 0.001000, 0.06s
2023-04-14 11:29:27,800 - INFO - Saved model at 12
2023-04-14 11:29:27,801 - INFO - Val loss decrease from 4.3106 to 4.2808, saving to ./libcity/cache/50001/model_cache/RNN_Xiongan_epoch12.tar
2023-04-14 11:29:27,845 - INFO - epoch complete!
2023-04-14 11:29:27,846 - INFO - evaluating now!
2023-04-14 11:29:27,864 - INFO - Epoch [13/100] train_loss: 4.2808, val_loss: 4.2534, lr: 0.001000, 0.06s
2023-04-14 11:29:27,872 - INFO - Saved model at 13
2023-04-14 11:29:27,872 - INFO - Val loss decrease from 4.2808 to 4.2534, saving to ./libcity/cache/50001/model_cache/RNN_Xiongan_epoch13.tar
2023-04-14 11:29:27,911 - INFO - epoch complete!
2023-04-14 11:29:27,912 - INFO - evaluating now!
2023-04-14 11:29:27,935 - INFO - Epoch [14/100] train_loss: 4.2534, val_loss: 4.2257, lr: 0.001000, 0.06s
2023-04-14 11:29:27,943 - INFO - Saved model at 14
2023-04-14 11:29:27,943 - INFO - Val loss decrease from 4.2534 to 4.2257, saving to ./libcity/cache/50001/model_cache/RNN_Xiongan_epoch14.tar
2023-04-14 11:29:27,978 - INFO - epoch complete!
2023-04-14 11:29:27,978 - INFO - evaluating now!
2023-04-14 11:29:27,996 - INFO - Epoch [15/100] train_loss: 4.2257, val_loss: 4.1969, lr: 0.001000, 0.05s
2023-04-14 11:29:28,004 - INFO - Saved model at 15
2023-04-14 11:29:28,004 - INFO - Val loss decrease from 4.2257 to 4.1969, saving to ./libcity/cache/50001/model_cache/RNN_Xiongan_epoch15.tar
2023-04-14 11:29:28,040 - INFO - epoch complete!
2023-04-14 11:29:28,040 - INFO - evaluating now!
2023-04-14 11:29:28,062 - INFO - Epoch [16/100] train_loss: 4.1969, val_loss: 4.1688, lr: 0.001000, 0.06s
2023-04-14 11:29:28,069 - INFO - Saved model at 16
2023-04-14 11:29:28,069 - INFO - Val loss decrease from 4.1969 to 4.1688, saving to ./libcity/cache/50001/model_cache/RNN_Xiongan_epoch16.tar
2023-04-14 11:29:28,104 - INFO - epoch complete!
2023-04-14 11:29:28,105 - INFO - evaluating now!
2023-04-14 11:29:28,123 - INFO - Epoch [17/100] train_loss: 4.1688, val_loss: 4.1413, lr: 0.001000, 0.05s
2023-04-14 11:29:28,130 - INFO - Saved model at 17
2023-04-14 11:29:28,130 - INFO - Val loss decrease from 4.1688 to 4.1413, saving to ./libcity/cache/50001/model_cache/RNN_Xiongan_epoch17.tar
2023-04-14 11:29:28,170 - INFO - epoch complete!
2023-04-14 11:29:28,171 - INFO - evaluating now!
2023-04-14 11:29:28,189 - INFO - Epoch [18/100] train_loss: 4.1413, val_loss: 4.1130, lr: 0.001000, 0.06s
2023-04-14 11:29:28,196 - INFO - Saved model at 18
2023-04-14 11:29:28,197 - INFO - Val loss decrease from 4.1413 to 4.1130, saving to ./libcity/cache/50001/model_cache/RNN_Xiongan_epoch18.tar
2023-04-14 11:29:28,231 - INFO - epoch complete!
2023-04-14 11:29:28,231 - INFO - evaluating now!
2023-04-14 11:29:28,265 - INFO - Epoch [19/100] train_loss: 4.1130, val_loss: 4.0849, lr: 0.000100, 0.07s
2023-04-14 11:29:28,272 - INFO - Saved model at 19
2023-04-14 11:29:28,272 - INFO - Val loss decrease from 4.1130 to 4.0849, saving to ./libcity/cache/50001/model_cache/RNN_Xiongan_epoch19.tar
2023-04-14 11:29:28,306 - INFO - epoch complete!
2023-04-14 11:29:28,306 - INFO - evaluating now!
2023-04-14 11:29:28,327 - INFO - Epoch [20/100] train_loss: 4.0849, val_loss: 4.0819, lr: 0.000100, 0.05s
2023-04-14 11:29:28,334 - INFO - Saved model at 20
2023-04-14 11:29:28,334 - INFO - Val loss decrease from 4.0849 to 4.0819, saving to ./libcity/cache/50001/model_cache/RNN_Xiongan_epoch20.tar
2023-04-14 11:29:28,372 - INFO - epoch complete!
2023-04-14 11:29:28,373 - INFO - evaluating now!
2023-04-14 11:29:28,390 - INFO - Epoch [21/100] train_loss: 4.0819, val_loss: 4.0786, lr: 0.000100, 0.06s
2023-04-14 11:29:28,397 - INFO - Saved model at 21
2023-04-14 11:29:28,397 - INFO - Val loss decrease from 4.0819 to 4.0786, saving to ./libcity/cache/50001/model_cache/RNN_Xiongan_epoch21.tar
2023-04-14 11:29:28,434 - INFO - epoch complete!
2023-04-14 11:29:28,435 - INFO - evaluating now!
2023-04-14 11:29:28,454 - INFO - Epoch [22/100] train_loss: 4.0786, val_loss: 4.0749, lr: 0.000100, 0.06s
2023-04-14 11:29:28,461 - INFO - Saved model at 22
2023-04-14 11:29:28,461 - INFO - Val loss decrease from 4.0786 to 4.0749, saving to ./libcity/cache/50001/model_cache/RNN_Xiongan_epoch22.tar
2023-04-14 11:29:28,499 - INFO - epoch complete!
2023-04-14 11:29:28,499 - INFO - evaluating now!
2023-04-14 11:29:28,521 - INFO - Epoch [23/100] train_loss: 4.0749, val_loss: 4.0711, lr: 0.000100, 0.06s
2023-04-14 11:29:28,528 - INFO - Saved model at 23
2023-04-14 11:29:28,529 - INFO - Val loss decrease from 4.0749 to 4.0711, saving to ./libcity/cache/50001/model_cache/RNN_Xiongan_epoch23.tar
2023-04-14 11:29:28,562 - INFO - epoch complete!
2023-04-14 11:29:28,563 - INFO - evaluating now!
2023-04-14 11:29:28,586 - INFO - Epoch [24/100] train_loss: 4.0711, val_loss: 4.0673, lr: 0.000100, 0.06s
2023-04-14 11:29:28,593 - INFO - Saved model at 24
2023-04-14 11:29:28,594 - INFO - Val loss decrease from 4.0711 to 4.0673, saving to ./libcity/cache/50001/model_cache/RNN_Xiongan_epoch24.tar
2023-04-14 11:29:28,633 - INFO - epoch complete!
2023-04-14 11:29:28,634 - INFO - evaluating now!
2023-04-14 11:29:28,658 - INFO - Epoch [25/100] train_loss: 4.0673, val_loss: 4.0634, lr: 0.000100, 0.06s
2023-04-14 11:29:28,666 - INFO - Saved model at 25
2023-04-14 11:29:28,666 - INFO - Val loss decrease from 4.0673 to 4.0634, saving to ./libcity/cache/50001/model_cache/RNN_Xiongan_epoch25.tar
2023-04-14 11:29:28,710 - INFO - epoch complete!
2023-04-14 11:29:28,710 - INFO - evaluating now!
2023-04-14 11:29:28,731 - INFO - Epoch [26/100] train_loss: 4.0634, val_loss: 4.0594, lr: 0.000100, 0.06s
2023-04-14 11:29:28,738 - INFO - Saved model at 26
2023-04-14 11:29:28,738 - INFO - Val loss decrease from 4.0634 to 4.0594, saving to ./libcity/cache/50001/model_cache/RNN_Xiongan_epoch26.tar
2023-04-14 11:29:28,778 - INFO - epoch complete!
2023-04-14 11:29:28,778 - INFO - evaluating now!
2023-04-14 11:29:28,797 - INFO - Epoch [27/100] train_loss: 4.0594, val_loss: 4.0554, lr: 0.000100, 0.06s
2023-04-14 11:29:28,804 - INFO - Saved model at 27
2023-04-14 11:29:28,805 - INFO - Val loss decrease from 4.0594 to 4.0554, saving to ./libcity/cache/50001/model_cache/RNN_Xiongan_epoch27.tar
2023-04-14 11:29:28,841 - INFO - epoch complete!
2023-04-14 11:29:28,841 - INFO - evaluating now!
2023-04-14 11:29:28,859 - INFO - Epoch [28/100] train_loss: 4.0554, val_loss: 4.0515, lr: 0.000100, 0.05s
2023-04-14 11:29:28,866 - INFO - Saved model at 28
2023-04-14 11:29:28,866 - INFO - Val loss decrease from 4.0554 to 4.0515, saving to ./libcity/cache/50001/model_cache/RNN_Xiongan_epoch28.tar
2023-04-14 11:29:28,906 - INFO - epoch complete!
2023-04-14 11:29:28,906 - INFO - evaluating now!
2023-04-14 11:29:28,928 - INFO - Epoch [29/100] train_loss: 4.0515, val_loss: 4.0475, lr: 0.000100, 0.06s
2023-04-14 11:29:28,935 - INFO - Saved model at 29
2023-04-14 11:29:28,935 - INFO - Val loss decrease from 4.0515 to 4.0475, saving to ./libcity/cache/50001/model_cache/RNN_Xiongan_epoch29.tar
2023-04-14 11:29:28,973 - INFO - epoch complete!
2023-04-14 11:29:28,973 - INFO - evaluating now!
2023-04-14 11:29:28,996 - INFO - Epoch [30/100] train_loss: 4.0475, val_loss: 4.0436, lr: 0.000100, 0.06s
2023-04-14 11:29:29,004 - INFO - Saved model at 30
2023-04-14 11:29:29,004 - INFO - Val loss decrease from 4.0475 to 4.0436, saving to ./libcity/cache/50001/model_cache/RNN_Xiongan_epoch30.tar
2023-04-14 11:29:29,042 - INFO - epoch complete!
2023-04-14 11:29:29,042 - INFO - evaluating now!
2023-04-14 11:29:29,063 - INFO - Epoch [31/100] train_loss: 4.0436, val_loss: 4.0396, lr: 0.000100, 0.06s
2023-04-14 11:29:29,070 - INFO - Saved model at 31
2023-04-14 11:29:29,071 - INFO - Val loss decrease from 4.0436 to 4.0396, saving to ./libcity/cache/50001/model_cache/RNN_Xiongan_epoch31.tar
2023-04-14 11:29:29,109 - INFO - epoch complete!
2023-04-14 11:29:29,109 - INFO - evaluating now!
2023-04-14 11:29:29,127 - INFO - Epoch [32/100] train_loss: 4.0396, val_loss: 4.0356, lr: 0.000100, 0.06s
2023-04-14 11:29:29,135 - INFO - Saved model at 32
2023-04-14 11:29:29,135 - INFO - Val loss decrease from 4.0396 to 4.0356, saving to ./libcity/cache/50001/model_cache/RNN_Xiongan_epoch32.tar
2023-04-14 11:29:29,171 - INFO - epoch complete!
2023-04-14 11:29:29,172 - INFO - evaluating now!
2023-04-14 11:29:29,190 - INFO - Epoch [33/100] train_loss: 4.0356, val_loss: 4.0316, lr: 0.000100, 0.06s
2023-04-14 11:29:29,198 - INFO - Saved model at 33
2023-04-14 11:29:29,198 - INFO - Val loss decrease from 4.0356 to 4.0316, saving to ./libcity/cache/50001/model_cache/RNN_Xiongan_epoch33.tar
2023-04-14 11:29:29,233 - INFO - epoch complete!
2023-04-14 11:29:29,234 - INFO - evaluating now!
2023-04-14 11:29:29,251 - INFO - Epoch [34/100] train_loss: 4.0316, val_loss: 4.0277, lr: 0.000100, 0.05s
2023-04-14 11:29:29,258 - INFO - Saved model at 34
2023-04-14 11:29:29,259 - INFO - Val loss decrease from 4.0316 to 4.0277, saving to ./libcity/cache/50001/model_cache/RNN_Xiongan_epoch34.tar
2023-04-14 11:29:29,299 - INFO - epoch complete!
2023-04-14 11:29:29,300 - INFO - evaluating now!
2023-04-14 11:29:29,318 - INFO - Epoch [35/100] train_loss: 4.0277, val_loss: 4.0238, lr: 0.000100, 0.06s
2023-04-14 11:29:29,326 - INFO - Saved model at 35
2023-04-14 11:29:29,326 - INFO - Val loss decrease from 4.0277 to 4.0238, saving to ./libcity/cache/50001/model_cache/RNN_Xiongan_epoch35.tar
2023-04-14 11:29:29,366 - INFO - epoch complete!
2023-04-14 11:29:29,366 - INFO - evaluating now!
2023-04-14 11:29:29,384 - INFO - Epoch [36/100] train_loss: 4.0238, val_loss: 4.0199, lr: 0.000100, 0.06s
2023-04-14 11:29:29,392 - INFO - Saved model at 36
2023-04-14 11:29:29,392 - INFO - Val loss decrease from 4.0238 to 4.0199, saving to ./libcity/cache/50001/model_cache/RNN_Xiongan_epoch36.tar
2023-04-14 11:29:29,428 - INFO - epoch complete!
2023-04-14 11:29:29,429 - INFO - evaluating now!
2023-04-14 11:29:29,448 - INFO - Epoch [37/100] train_loss: 4.0199, val_loss: 4.0160, lr: 0.000100, 0.06s
2023-04-14 11:29:29,456 - INFO - Saved model at 37
2023-04-14 11:29:29,456 - INFO - Val loss decrease from 4.0199 to 4.0160, saving to ./libcity/cache/50001/model_cache/RNN_Xiongan_epoch37.tar
2023-04-14 11:29:29,490 - INFO - epoch complete!
2023-04-14 11:29:29,491 - INFO - evaluating now!
2023-04-14 11:29:29,513 - INFO - Epoch [38/100] train_loss: 4.0160, val_loss: 4.0121, lr: 0.000100, 0.06s
2023-04-14 11:29:29,520 - INFO - Saved model at 38
2023-04-14 11:29:29,521 - INFO - Val loss decrease from 4.0160 to 4.0121, saving to ./libcity/cache/50001/model_cache/RNN_Xiongan_epoch38.tar
2023-04-14 11:29:29,558 - INFO - epoch complete!
2023-04-14 11:29:29,559 - INFO - evaluating now!
2023-04-14 11:29:29,576 - INFO - Epoch [39/100] train_loss: 4.0121, val_loss: 4.0083, lr: 0.000010, 0.06s
2023-04-14 11:29:29,584 - INFO - Saved model at 39
2023-04-14 11:29:29,584 - INFO - Val loss decrease from 4.0121 to 4.0083, saving to ./libcity/cache/50001/model_cache/RNN_Xiongan_epoch39.tar
2023-04-14 11:29:29,621 - INFO - epoch complete!
2023-04-14 11:29:29,622 - INFO - evaluating now!
2023-04-14 11:29:29,641 - INFO - Epoch [40/100] train_loss: 4.0083, val_loss: 4.0079, lr: 0.000010, 0.06s
2023-04-14 11:29:29,654 - INFO - Saved model at 40
2023-04-14 11:29:29,654 - INFO - Val loss decrease from 4.0083 to 4.0079, saving to ./libcity/cache/50001/model_cache/RNN_Xiongan_epoch40.tar
2023-04-14 11:29:29,690 - INFO - epoch complete!
2023-04-14 11:29:29,691 - INFO - evaluating now!
2023-04-14 11:29:29,709 - INFO - Epoch [41/100] train_loss: 4.0079, val_loss: 4.0075, lr: 0.000010, 0.05s
2023-04-14 11:29:29,716 - INFO - Saved model at 41
2023-04-14 11:29:29,716 - INFO - Val loss decrease from 4.0079 to 4.0075, saving to ./libcity/cache/50001/model_cache/RNN_Xiongan_epoch41.tar
2023-04-14 11:29:29,755 - INFO - epoch complete!
2023-04-14 11:29:29,755 - INFO - evaluating now!
2023-04-14 11:29:29,775 - INFO - Epoch [42/100] train_loss: 4.0075, val_loss: 4.0071, lr: 0.000010, 0.06s
2023-04-14 11:29:29,782 - INFO - Saved model at 42
2023-04-14 11:29:29,782 - INFO - Val loss decrease from 4.0075 to 4.0071, saving to ./libcity/cache/50001/model_cache/RNN_Xiongan_epoch42.tar
2023-04-14 11:29:29,822 - INFO - epoch complete!
2023-04-14 11:29:29,822 - INFO - evaluating now!
2023-04-14 11:29:29,839 - INFO - Epoch [43/100] train_loss: 4.0071, val_loss: 4.0067, lr: 0.000010, 0.06s
2023-04-14 11:29:29,847 - INFO - Saved model at 43
2023-04-14 11:29:29,847 - INFO - Val loss decrease from 4.0071 to 4.0067, saving to ./libcity/cache/50001/model_cache/RNN_Xiongan_epoch43.tar
2023-04-14 11:29:29,884 - INFO - epoch complete!
2023-04-14 11:29:29,884 - INFO - evaluating now!
2023-04-14 11:29:29,902 - INFO - Epoch [44/100] train_loss: 4.0067, val_loss: 4.0063, lr: 0.000010, 0.05s
2023-04-14 11:29:29,909 - INFO - Saved model at 44
2023-04-14 11:29:29,909 - INFO - Val loss decrease from 4.0067 to 4.0063, saving to ./libcity/cache/50001/model_cache/RNN_Xiongan_epoch44.tar
2023-04-14 11:29:29,950 - INFO - epoch complete!
2023-04-14 11:29:29,950 - INFO - evaluating now!
2023-04-14 11:29:29,970 - INFO - Epoch [45/100] train_loss: 4.0063, val_loss: 4.0059, lr: 0.000010, 0.06s
2023-04-14 11:29:29,977 - INFO - Saved model at 45
2023-04-14 11:29:29,978 - INFO - Val loss decrease from 4.0063 to 4.0059, saving to ./libcity/cache/50001/model_cache/RNN_Xiongan_epoch45.tar
2023-04-14 11:29:30,019 - INFO - epoch complete!
2023-04-14 11:29:30,019 - INFO - evaluating now!
2023-04-14 11:29:30,038 - INFO - Epoch [46/100] train_loss: 4.0059, val_loss: 4.0054, lr: 0.000010, 0.06s
2023-04-14 11:29:30,046 - INFO - Saved model at 46
2023-04-14 11:29:30,046 - INFO - Val loss decrease from 4.0059 to 4.0054, saving to ./libcity/cache/50001/model_cache/RNN_Xiongan_epoch46.tar
2023-04-14 11:29:30,083 - INFO - epoch complete!
2023-04-14 11:29:30,083 - INFO - evaluating now!
2023-04-14 11:29:30,103 - INFO - Epoch [47/100] train_loss: 4.0054, val_loss: 4.0050, lr: 0.000010, 0.06s
2023-04-14 11:29:30,111 - INFO - Saved model at 47
2023-04-14 11:29:30,111 - INFO - Val loss decrease from 4.0054 to 4.0050, saving to ./libcity/cache/50001/model_cache/RNN_Xiongan_epoch47.tar
2023-04-14 11:29:30,148 - INFO - epoch complete!
2023-04-14 11:29:30,148 - INFO - evaluating now!
2023-04-14 11:29:30,167 - INFO - Epoch [48/100] train_loss: 4.0050, val_loss: 4.0046, lr: 0.000010, 0.06s
2023-04-14 11:29:30,174 - INFO - Saved model at 48
2023-04-14 11:29:30,175 - INFO - Val loss decrease from 4.0050 to 4.0046, saving to ./libcity/cache/50001/model_cache/RNN_Xiongan_epoch48.tar
2023-04-14 11:29:30,214 - INFO - epoch complete!
2023-04-14 11:29:30,214 - INFO - evaluating now!
2023-04-14 11:29:30,235 - INFO - Epoch [49/100] train_loss: 4.0046, val_loss: 4.0042, lr: 0.000010, 0.06s
2023-04-14 11:29:30,242 - INFO - Saved model at 49
2023-04-14 11:29:30,242 - INFO - Val loss decrease from 4.0046 to 4.0042, saving to ./libcity/cache/50001/model_cache/RNN_Xiongan_epoch49.tar
2023-04-14 11:29:30,282 - INFO - epoch complete!
2023-04-14 11:29:30,282 - INFO - evaluating now!
2023-04-14 11:29:30,301 - INFO - Epoch [50/100] train_loss: 4.0042, val_loss: 4.0037, lr: 0.000010, 0.06s
2023-04-14 11:29:30,308 - INFO - Saved model at 50
2023-04-14 11:29:30,308 - INFO - Val loss decrease from 4.0042 to 4.0037, saving to ./libcity/cache/50001/model_cache/RNN_Xiongan_epoch50.tar
2023-04-14 11:29:30,347 - INFO - epoch complete!
2023-04-14 11:29:30,347 - INFO - evaluating now!
2023-04-14 11:29:30,366 - INFO - Epoch [51/100] train_loss: 4.0037, val_loss: 4.0033, lr: 0.000010, 0.06s
2023-04-14 11:29:30,374 - INFO - Saved model at 51
2023-04-14 11:29:30,374 - INFO - Val loss decrease from 4.0037 to 4.0033, saving to ./libcity/cache/50001/model_cache/RNN_Xiongan_epoch51.tar
2023-04-14 11:29:30,411 - INFO - epoch complete!
2023-04-14 11:29:30,412 - INFO - evaluating now!
2023-04-14 11:29:30,431 - INFO - Epoch [52/100] train_loss: 4.0033, val_loss: 4.0029, lr: 0.000010, 0.06s
2023-04-14 11:29:30,438 - INFO - Saved model at 52
2023-04-14 11:29:30,438 - INFO - Val loss decrease from 4.0033 to 4.0029, saving to ./libcity/cache/50001/model_cache/RNN_Xiongan_epoch52.tar
2023-04-14 11:29:30,479 - INFO - epoch complete!
2023-04-14 11:29:30,479 - INFO - evaluating now!
2023-04-14 11:29:30,498 - INFO - Epoch [53/100] train_loss: 4.0029, val_loss: 4.0025, lr: 0.000010, 0.06s
2023-04-14 11:29:30,506 - INFO - Saved model at 53
2023-04-14 11:29:30,506 - INFO - Val loss decrease from 4.0029 to 4.0025, saving to ./libcity/cache/50001/model_cache/RNN_Xiongan_epoch53.tar
2023-04-14 11:29:30,542 - INFO - epoch complete!
2023-04-14 11:29:30,542 - INFO - evaluating now!
2023-04-14 11:29:30,564 - INFO - Epoch [54/100] train_loss: 4.0025, val_loss: 4.0020, lr: 0.000010, 0.06s
2023-04-14 11:29:30,571 - INFO - Saved model at 54
2023-04-14 11:29:30,572 - INFO - Val loss decrease from 4.0025 to 4.0020, saving to ./libcity/cache/50001/model_cache/RNN_Xiongan_epoch54.tar
2023-04-14 11:29:30,614 - INFO - epoch complete!
2023-04-14 11:29:30,614 - INFO - evaluating now!
2023-04-14 11:29:30,631 - INFO - Epoch [55/100] train_loss: 4.0020, val_loss: 4.0016, lr: 0.000010, 0.06s
2023-04-14 11:29:30,638 - INFO - Saved model at 55
2023-04-14 11:29:30,638 - INFO - Val loss decrease from 4.0020 to 4.0016, saving to ./libcity/cache/50001/model_cache/RNN_Xiongan_epoch55.tar
2023-04-14 11:29:30,684 - INFO - epoch complete!
2023-04-14 11:29:30,684 - INFO - evaluating now!
2023-04-14 11:29:30,709 - INFO - Epoch [56/100] train_loss: 4.0016, val_loss: 4.0012, lr: 0.000010, 0.07s
2023-04-14 11:29:30,717 - INFO - Saved model at 56
2023-04-14 11:29:30,717 - INFO - Val loss decrease from 4.0016 to 4.0012, saving to ./libcity/cache/50001/model_cache/RNN_Xiongan_epoch56.tar
2023-04-14 11:29:30,758 - INFO - epoch complete!
2023-04-14 11:29:30,758 - INFO - evaluating now!
2023-04-14 11:29:30,775 - INFO - Epoch [57/100] train_loss: 4.0012, val_loss: 4.0008, lr: 0.000010, 0.06s
2023-04-14 11:29:30,783 - INFO - Saved model at 57
2023-04-14 11:29:30,783 - INFO - Val loss decrease from 4.0012 to 4.0008, saving to ./libcity/cache/50001/model_cache/RNN_Xiongan_epoch57.tar
2023-04-14 11:29:30,825 - INFO - epoch complete!
2023-04-14 11:29:30,826 - INFO - evaluating now!
2023-04-14 11:29:30,848 - INFO - Epoch [58/100] train_loss: 4.0008, val_loss: 4.0003, lr: 0.000010, 0.06s
2023-04-14 11:29:30,855 - INFO - Saved model at 58
2023-04-14 11:29:30,855 - INFO - Val loss decrease from 4.0008 to 4.0003, saving to ./libcity/cache/50001/model_cache/RNN_Xiongan_epoch58.tar
2023-04-14 11:29:30,896 - INFO - epoch complete!
2023-04-14 11:29:30,896 - INFO - evaluating now!
2023-04-14 11:29:30,914 - INFO - Epoch [59/100] train_loss: 4.0003, val_loss: 3.9999, lr: 0.000010, 0.06s
2023-04-14 11:29:30,921 - INFO - Saved model at 59
2023-04-14 11:29:30,921 - INFO - Val loss decrease from 4.0003 to 3.9999, saving to ./libcity/cache/50001/model_cache/RNN_Xiongan_epoch59.tar
2023-04-14 11:29:30,958 - INFO - epoch complete!
2023-04-14 11:29:30,958 - INFO - evaluating now!
2023-04-14 11:29:30,975 - INFO - Epoch [60/100] train_loss: 3.9999, val_loss: 3.9995, lr: 0.000010, 0.05s
2023-04-14 11:29:30,983 - INFO - Saved model at 60
2023-04-14 11:29:30,983 - INFO - Val loss decrease from 3.9999 to 3.9995, saving to ./libcity/cache/50001/model_cache/RNN_Xiongan_epoch60.tar
2023-04-14 11:29:31,022 - INFO - epoch complete!
2023-04-14 11:29:31,022 - INFO - evaluating now!
2023-04-14 11:29:31,041 - INFO - Epoch [61/100] train_loss: 3.9995, val_loss: 3.9991, lr: 0.000010, 0.06s
2023-04-14 11:29:31,049 - INFO - Saved model at 61
2023-04-14 11:29:31,049 - INFO - Val loss decrease from 3.9995 to 3.9991, saving to ./libcity/cache/50001/model_cache/RNN_Xiongan_epoch61.tar
2023-04-14 11:29:31,087 - INFO - epoch complete!
2023-04-14 11:29:31,087 - INFO - evaluating now!
2023-04-14 11:29:31,112 - INFO - Epoch [62/100] train_loss: 3.9991, val_loss: 3.9986, lr: 0.000010, 0.06s
2023-04-14 11:29:31,124 - INFO - Saved model at 62
2023-04-14 11:29:31,124 - INFO - Val loss decrease from 3.9991 to 3.9986, saving to ./libcity/cache/50001/model_cache/RNN_Xiongan_epoch62.tar
2023-04-14 11:29:31,163 - INFO - epoch complete!
2023-04-14 11:29:31,163 - INFO - evaluating now!
2023-04-14 11:29:31,181 - INFO - Epoch [63/100] train_loss: 3.9986, val_loss: 3.9982, lr: 0.000010, 0.06s
2023-04-14 11:29:31,188 - INFO - Saved model at 63
2023-04-14 11:29:31,189 - INFO - Val loss decrease from 3.9986 to 3.9982, saving to ./libcity/cache/50001/model_cache/RNN_Xiongan_epoch63.tar
2023-04-14 11:29:31,226 - INFO - epoch complete!
2023-04-14 11:29:31,226 - INFO - evaluating now!
2023-04-14 11:29:31,246 - INFO - Epoch [64/100] train_loss: 3.9982, val_loss: 3.9978, lr: 0.000010, 0.06s
2023-04-14 11:29:31,254 - INFO - Saved model at 64
2023-04-14 11:29:31,254 - INFO - Val loss decrease from 3.9982 to 3.9978, saving to ./libcity/cache/50001/model_cache/RNN_Xiongan_epoch64.tar
2023-04-14 11:29:31,289 - INFO - epoch complete!
2023-04-14 11:29:31,289 - INFO - evaluating now!
2023-04-14 11:29:31,308 - INFO - Epoch [65/100] train_loss: 3.9978, val_loss: 3.9974, lr: 0.000010, 0.05s
2023-04-14 11:29:31,315 - INFO - Saved model at 65
2023-04-14 11:29:31,316 - INFO - Val loss decrease from 3.9978 to 3.9974, saving to ./libcity/cache/50001/model_cache/RNN_Xiongan_epoch65.tar
2023-04-14 11:29:31,354 - INFO - epoch complete!
2023-04-14 11:29:31,354 - INFO - evaluating now!
2023-04-14 11:29:31,379 - INFO - Epoch [66/100] train_loss: 3.9974, val_loss: 3.9969, lr: 0.000010, 0.06s
2023-04-14 11:29:31,386 - INFO - Saved model at 66
2023-04-14 11:29:31,387 - INFO - Val loss decrease from 3.9974 to 3.9969, saving to ./libcity/cache/50001/model_cache/RNN_Xiongan_epoch66.tar
2023-04-14 11:29:31,426 - INFO - epoch complete!
2023-04-14 11:29:31,427 - INFO - evaluating now!
2023-04-14 11:29:31,443 - INFO - Epoch [67/100] train_loss: 3.9969, val_loss: 3.9965, lr: 0.000010, 0.06s
2023-04-14 11:29:31,451 - INFO - Saved model at 67
2023-04-14 11:29:31,451 - INFO - Val loss decrease from 3.9969 to 3.9965, saving to ./libcity/cache/50001/model_cache/RNN_Xiongan_epoch67.tar
2023-04-14 11:29:31,492 - INFO - epoch complete!
2023-04-14 11:29:31,492 - INFO - evaluating now!
2023-04-14 11:29:31,511 - INFO - Epoch [68/100] train_loss: 3.9965, val_loss: 3.9961, lr: 0.000010, 0.06s
2023-04-14 11:29:31,518 - INFO - Saved model at 68
2023-04-14 11:29:31,518 - INFO - Val loss decrease from 3.9965 to 3.9961, saving to ./libcity/cache/50001/model_cache/RNN_Xiongan_epoch68.tar
2023-04-14 11:29:31,558 - INFO - epoch complete!
2023-04-14 11:29:31,559 - INFO - evaluating now!
2023-04-14 11:29:31,576 - INFO - Epoch [69/100] train_loss: 3.9961, val_loss: 3.9957, lr: 0.000001, 0.06s
2023-04-14 11:29:31,584 - INFO - Saved model at 69
2023-04-14 11:29:31,584 - INFO - Val loss decrease from 3.9961 to 3.9957, saving to ./libcity/cache/50001/model_cache/RNN_Xiongan_epoch69.tar
2023-04-14 11:29:31,621 - INFO - epoch complete!
2023-04-14 11:29:31,621 - INFO - evaluating now!
2023-04-14 11:29:31,643 - INFO - Epoch [70/100] train_loss: 3.9957, val_loss: 3.9956, lr: 0.000001, 0.06s
2023-04-14 11:29:31,651 - INFO - Saved model at 70
2023-04-14 11:29:31,651 - INFO - Val loss decrease from 3.9957 to 3.9956, saving to ./libcity/cache/50001/model_cache/RNN_Xiongan_epoch70.tar
2023-04-14 11:29:31,694 - INFO - epoch complete!
2023-04-14 11:29:31,695 - INFO - evaluating now!
2023-04-14 11:29:31,716 - INFO - Epoch [71/100] train_loss: 3.9956, val_loss: 3.9956, lr: 0.000001, 0.06s
2023-04-14 11:29:31,723 - INFO - Saved model at 71
2023-04-14 11:29:31,723 - INFO - Val loss decrease from 3.9956 to 3.9956, saving to ./libcity/cache/50001/model_cache/RNN_Xiongan_epoch71.tar
2023-04-14 11:29:31,761 - INFO - epoch complete!
2023-04-14 11:29:31,761 - INFO - evaluating now!
2023-04-14 11:29:31,780 - INFO - Epoch [72/100] train_loss: 3.9956, val_loss: 3.9955, lr: 0.000001, 0.06s
2023-04-14 11:29:31,788 - INFO - Saved model at 72
2023-04-14 11:29:31,788 - INFO - Val loss decrease from 3.9956 to 3.9955, saving to ./libcity/cache/50001/model_cache/RNN_Xiongan_epoch72.tar
2023-04-14 11:29:31,830 - INFO - epoch complete!
2023-04-14 11:29:31,830 - INFO - evaluating now!
2023-04-14 11:29:31,852 - INFO - Epoch [73/100] train_loss: 3.9955, val_loss: 3.9955, lr: 0.000001, 0.06s
2023-04-14 11:29:31,860 - INFO - Saved model at 73
2023-04-14 11:29:31,860 - INFO - Val loss decrease from 3.9955 to 3.9955, saving to ./libcity/cache/50001/model_cache/RNN_Xiongan_epoch73.tar
2023-04-14 11:29:31,896 - INFO - epoch complete!
2023-04-14 11:29:31,897 - INFO - evaluating now!
2023-04-14 11:29:31,922 - INFO - Epoch [74/100] train_loss: 3.9955, val_loss: 3.9955, lr: 0.000001, 0.06s
2023-04-14 11:29:31,929 - INFO - Saved model at 74
2023-04-14 11:29:31,929 - INFO - Val loss decrease from 3.9955 to 3.9955, saving to ./libcity/cache/50001/model_cache/RNN_Xiongan_epoch74.tar
2023-04-14 11:29:31,972 - INFO - epoch complete!
2023-04-14 11:29:31,973 - INFO - evaluating now!
2023-04-14 11:29:31,990 - INFO - Epoch [75/100] train_loss: 3.9955, val_loss: 3.9954, lr: 0.000001, 0.06s
2023-04-14 11:29:31,998 - INFO - Saved model at 75
2023-04-14 11:29:31,998 - INFO - Val loss decrease from 3.9955 to 3.9954, saving to ./libcity/cache/50001/model_cache/RNN_Xiongan_epoch75.tar
2023-04-14 11:29:32,039 - INFO - epoch complete!
2023-04-14 11:29:32,039 - INFO - evaluating now!
2023-04-14 11:29:32,060 - INFO - Epoch [76/100] train_loss: 3.9954, val_loss: 3.9954, lr: 0.000001, 0.06s
2023-04-14 11:29:32,068 - INFO - Saved model at 76
2023-04-14 11:29:32,068 - INFO - Val loss decrease from 3.9954 to 3.9954, saving to ./libcity/cache/50001/model_cache/RNN_Xiongan_epoch76.tar
2023-04-14 11:29:32,107 - INFO - epoch complete!
2023-04-14 11:29:32,107 - INFO - evaluating now!
2023-04-14 11:29:32,125 - INFO - Epoch [77/100] train_loss: 3.9954, val_loss: 3.9953, lr: 0.000001, 0.06s
2023-04-14 11:29:32,132 - INFO - Saved model at 77
2023-04-14 11:29:32,133 - INFO - Val loss decrease from 3.9954 to 3.9953, saving to ./libcity/cache/50001/model_cache/RNN_Xiongan_epoch77.tar
2023-04-14 11:29:32,171 - INFO - epoch complete!
2023-04-14 11:29:32,171 - INFO - evaluating now!
2023-04-14 11:29:32,195 - INFO - Epoch [78/100] train_loss: 3.9953, val_loss: 3.9953, lr: 0.000001, 0.06s
2023-04-14 11:29:32,202 - INFO - Saved model at 78
2023-04-14 11:29:32,203 - INFO - Val loss decrease from 3.9953 to 3.9953, saving to ./libcity/cache/50001/model_cache/RNN_Xiongan_epoch78.tar
2023-04-14 11:29:32,241 - INFO - epoch complete!
2023-04-14 11:29:32,241 - INFO - evaluating now!
2023-04-14 11:29:32,259 - INFO - Epoch [79/100] train_loss: 3.9953, val_loss: 3.9952, lr: 0.000001, 0.06s
2023-04-14 11:29:32,267 - INFO - Saved model at 79
2023-04-14 11:29:32,267 - INFO - Val loss decrease from 3.9953 to 3.9952, saving to ./libcity/cache/50001/model_cache/RNN_Xiongan_epoch79.tar
2023-04-14 11:29:32,303 - INFO - epoch complete!
2023-04-14 11:29:32,303 - INFO - evaluating now!
2023-04-14 11:29:32,323 - INFO - Epoch [80/100] train_loss: 3.9952, val_loss: 3.9952, lr: 0.000001, 0.06s
2023-04-14 11:29:32,330 - INFO - Saved model at 80
2023-04-14 11:29:32,331 - INFO - Val loss decrease from 3.9952 to 3.9952, saving to ./libcity/cache/50001/model_cache/RNN_Xiongan_epoch80.tar
2023-04-14 11:29:32,364 - INFO - epoch complete!
2023-04-14 11:29:32,365 - INFO - evaluating now!
2023-04-14 11:29:32,384 - INFO - Epoch [81/100] train_loss: 3.9952, val_loss: 3.9951, lr: 0.000001, 0.05s
2023-04-14 11:29:32,393 - INFO - Saved model at 81
2023-04-14 11:29:32,393 - INFO - Val loss decrease from 3.9952 to 3.9951, saving to ./libcity/cache/50001/model_cache/RNN_Xiongan_epoch81.tar
2023-04-14 11:29:32,436 - INFO - epoch complete!
2023-04-14 11:29:32,436 - INFO - evaluating now!
2023-04-14 11:29:32,456 - INFO - Epoch [82/100] train_loss: 3.9951, val_loss: 3.9951, lr: 0.000001, 0.06s
2023-04-14 11:29:32,464 - INFO - Saved model at 82
2023-04-14 11:29:32,464 - INFO - Val loss decrease from 3.9951 to 3.9951, saving to ./libcity/cache/50001/model_cache/RNN_Xiongan_epoch82.tar
2023-04-14 11:29:32,501 - INFO - epoch complete!
2023-04-14 11:29:32,501 - INFO - evaluating now!
2023-04-14 11:29:32,520 - INFO - Epoch [83/100] train_loss: 3.9951, val_loss: 3.9951, lr: 0.000001, 0.06s
2023-04-14 11:29:32,527 - INFO - Saved model at 83
2023-04-14 11:29:32,527 - INFO - Val loss decrease from 3.9951 to 3.9951, saving to ./libcity/cache/50001/model_cache/RNN_Xiongan_epoch83.tar
2023-04-14 11:29:32,569 - INFO - epoch complete!
2023-04-14 11:29:32,570 - INFO - evaluating now!
2023-04-14 11:29:32,591 - INFO - Epoch [84/100] train_loss: 3.9951, val_loss: 3.9950, lr: 0.000001, 0.06s
2023-04-14 11:29:32,598 - INFO - Saved model at 84
2023-04-14 11:29:32,598 - INFO - Val loss decrease from 3.9951 to 3.9950, saving to ./libcity/cache/50001/model_cache/RNN_Xiongan_epoch84.tar
2023-04-14 11:29:32,638 - INFO - epoch complete!
2023-04-14 11:29:32,639 - INFO - evaluating now!
2023-04-14 11:29:32,661 - INFO - Epoch [85/100] train_loss: 3.9950, val_loss: 3.9950, lr: 0.000001, 0.06s
2023-04-14 11:29:32,669 - INFO - Saved model at 85
2023-04-14 11:29:32,669 - INFO - Val loss decrease from 3.9950 to 3.9950, saving to ./libcity/cache/50001/model_cache/RNN_Xiongan_epoch85.tar
2023-04-14 11:29:32,705 - INFO - epoch complete!
2023-04-14 11:29:32,706 - INFO - evaluating now!
2023-04-14 11:29:32,725 - INFO - Epoch [86/100] train_loss: 3.9950, val_loss: 3.9949, lr: 0.000001, 0.06s
2023-04-14 11:29:32,733 - INFO - Saved model at 86
2023-04-14 11:29:32,733 - INFO - Val loss decrease from 3.9950 to 3.9949, saving to ./libcity/cache/50001/model_cache/RNN_Xiongan_epoch86.tar
2023-04-14 11:29:32,773 - INFO - epoch complete!
2023-04-14 11:29:32,774 - INFO - evaluating now!
2023-04-14 11:29:32,793 - INFO - Epoch [87/100] train_loss: 3.9949, val_loss: 3.9949, lr: 0.000001, 0.06s
2023-04-14 11:29:32,800 - INFO - Saved model at 87
2023-04-14 11:29:32,801 - INFO - Val loss decrease from 3.9949 to 3.9949, saving to ./libcity/cache/50001/model_cache/RNN_Xiongan_epoch87.tar
2023-04-14 11:29:32,842 - INFO - epoch complete!
2023-04-14 11:29:32,843 - INFO - evaluating now!
2023-04-14 11:29:32,864 - INFO - Epoch [88/100] train_loss: 3.9949, val_loss: 3.9948, lr: 0.000001, 0.06s
2023-04-14 11:29:32,872 - INFO - Saved model at 88
2023-04-14 11:29:32,872 - INFO - Val loss decrease from 3.9949 to 3.9948, saving to ./libcity/cache/50001/model_cache/RNN_Xiongan_epoch88.tar
2023-04-14 11:29:32,914 - INFO - epoch complete!
2023-04-14 11:29:32,914 - INFO - evaluating now!
2023-04-14 11:29:32,934 - INFO - Epoch [89/100] train_loss: 3.9948, val_loss: 3.9948, lr: 0.000001, 0.06s
2023-04-14 11:29:32,941 - INFO - Saved model at 89
2023-04-14 11:29:32,941 - INFO - Val loss decrease from 3.9948 to 3.9948, saving to ./libcity/cache/50001/model_cache/RNN_Xiongan_epoch89.tar
2023-04-14 11:29:32,975 - INFO - epoch complete!
2023-04-14 11:29:32,975 - INFO - evaluating now!
2023-04-14 11:29:32,993 - INFO - Epoch [90/100] train_loss: 3.9948, val_loss: 3.9947, lr: 0.000001, 0.05s
2023-04-14 11:29:33,000 - INFO - Saved model at 90
2023-04-14 11:29:33,000 - INFO - Val loss decrease from 3.9948 to 3.9947, saving to ./libcity/cache/50001/model_cache/RNN_Xiongan_epoch90.tar
2023-04-14 11:29:33,034 - INFO - epoch complete!
2023-04-14 11:29:33,035 - INFO - evaluating now!
2023-04-14 11:29:33,054 - INFO - Epoch [91/100] train_loss: 3.9947, val_loss: 3.9947, lr: 0.000001, 0.05s
2023-04-14 11:29:33,061 - INFO - Saved model at 91
2023-04-14 11:29:33,061 - INFO - Val loss decrease from 3.9947 to 3.9947, saving to ./libcity/cache/50001/model_cache/RNN_Xiongan_epoch91.tar
2023-04-14 11:29:33,094 - INFO - epoch complete!
2023-04-14 11:29:33,095 - INFO - evaluating now!
2023-04-14 11:29:33,119 - INFO - Epoch [92/100] train_loss: 3.9947, val_loss: 3.9947, lr: 0.000001, 0.06s
2023-04-14 11:29:33,128 - INFO - Saved model at 92
2023-04-14 11:29:33,129 - INFO - Val loss decrease from 3.9947 to 3.9947, saving to ./libcity/cache/50001/model_cache/RNN_Xiongan_epoch92.tar
2023-04-14 11:29:33,168 - INFO - epoch complete!
2023-04-14 11:29:33,168 - INFO - evaluating now!
2023-04-14 11:29:33,186 - INFO - Epoch [93/100] train_loss: 3.9947, val_loss: 3.9946, lr: 0.000001, 0.06s
2023-04-14 11:29:33,193 - INFO - Saved model at 93
2023-04-14 11:29:33,193 - INFO - Val loss decrease from 3.9947 to 3.9946, saving to ./libcity/cache/50001/model_cache/RNN_Xiongan_epoch93.tar
2023-04-14 11:29:33,229 - INFO - epoch complete!
2023-04-14 11:29:33,229 - INFO - evaluating now!
2023-04-14 11:29:33,247 - INFO - Epoch [94/100] train_loss: 3.9946, val_loss: 3.9946, lr: 0.000001, 0.05s
2023-04-14 11:29:33,257 - INFO - Saved model at 94
2023-04-14 11:29:33,257 - INFO - Val loss decrease from 3.9946 to 3.9946, saving to ./libcity/cache/50001/model_cache/RNN_Xiongan_epoch94.tar
2023-04-14 11:29:33,300 - INFO - epoch complete!
2023-04-14 11:29:33,300 - INFO - evaluating now!
2023-04-14 11:29:33,321 - INFO - Epoch [95/100] train_loss: 3.9946, val_loss: 3.9945, lr: 0.000001, 0.06s
2023-04-14 11:29:33,329 - INFO - Saved model at 95
2023-04-14 11:29:33,329 - INFO - Val loss decrease from 3.9946 to 3.9945, saving to ./libcity/cache/50001/model_cache/RNN_Xiongan_epoch95.tar
2023-04-14 11:29:33,363 - INFO - epoch complete!
2023-04-14 11:29:33,364 - INFO - evaluating now!
2023-04-14 11:29:33,387 - INFO - Epoch [96/100] train_loss: 3.9945, val_loss: 3.9945, lr: 0.000001, 0.06s
2023-04-14 11:29:33,395 - INFO - Saved model at 96
2023-04-14 11:29:33,395 - INFO - Val loss decrease from 3.9945 to 3.9945, saving to ./libcity/cache/50001/model_cache/RNN_Xiongan_epoch96.tar
2023-04-14 11:29:33,435 - INFO - epoch complete!
2023-04-14 11:29:33,435 - INFO - evaluating now!
2023-04-14 11:29:33,452 - INFO - Epoch [97/100] train_loss: 3.9945, val_loss: 3.9944, lr: 0.000001, 0.06s
2023-04-14 11:29:33,459 - INFO - Saved model at 97
2023-04-14 11:29:33,459 - INFO - Val loss decrease from 3.9945 to 3.9944, saving to ./libcity/cache/50001/model_cache/RNN_Xiongan_epoch97.tar
2023-04-14 11:29:33,502 - INFO - epoch complete!
2023-04-14 11:29:33,503 - INFO - evaluating now!
2023-04-14 11:29:33,522 - INFO - Epoch [98/100] train_loss: 3.9944, val_loss: 3.9944, lr: 0.000001, 0.06s
2023-04-14 11:29:33,530 - INFO - Saved model at 98
2023-04-14 11:29:33,530 - INFO - Val loss decrease from 3.9944 to 3.9944, saving to ./libcity/cache/50001/model_cache/RNN_Xiongan_epoch98.tar
2023-04-14 11:29:33,564 - INFO - epoch complete!
2023-04-14 11:29:33,564 - INFO - evaluating now!
2023-04-14 11:29:33,588 - INFO - Epoch [99/100] train_loss: 3.9944, val_loss: 3.9943, lr: 0.000001, 0.06s
2023-04-14 11:29:33,596 - INFO - Saved model at 99
2023-04-14 11:29:33,596 - INFO - Val loss decrease from 3.9944 to 3.9943, saving to ./libcity/cache/50001/model_cache/RNN_Xiongan_epoch99.tar
2023-04-14 11:29:33,596 - INFO - Trained totally 100 epochs, average train time is 0.038s, average eval time is 0.020s
2023-04-14 11:29:33,608 - INFO - Loaded model at 99
2023-04-14 11:29:33,608 - INFO - Saved model at ./libcity/cache/50001/model_cache/GRU_Xiongan.m
2023-04-14 11:29:33,615 - INFO - Start evaluating ...
2023-04-14 11:29:33,747 - INFO - Note that you select the single mode to evaluate!
2023-04-14 11:29:33,752 - INFO - Evaluate result is saved at ./libcity/cache/50001/evaluate_cache/2023_04_14_11_29_33_RNN_Xiongan.csv
2023-04-14 11:29:33,766 - INFO - 
         MAE      MAPE        MSE      RMSE  masked_MAE  masked_MAPE  masked_MSE  masked_RMSE        R2      EVAR
1   2.229697  0.037292  12.286907  3.505269    2.229697     0.037292   12.286907     3.505269  0.595783  0.597192
2   3.328123  0.055695  20.387878  4.515294    3.328123     0.055695   20.387878     4.515294  0.376132  0.377738
3   4.012465  0.069000  27.124794  5.208147    4.012465     0.069000   27.124794     5.208147  0.203403  0.211336
4   4.116612  0.069292  26.674089  5.164696    4.116612     0.069292   26.674089     5.164696  0.198626  0.198655
5   4.293787  0.071557  28.251209  5.315187    4.293787     0.071557   28.251209     5.315187  0.111760  0.117019
6   4.129188  0.069604  27.347466  5.229480    4.129188     0.069604   27.347466     5.229480  0.175792  0.176086
7   4.291301  0.073062  28.897449  5.375635    4.291301     0.073062   28.897449     5.375635  0.091339  0.092750
8   4.445605  0.075391  30.205402  5.495944    4.445605     0.075391   30.205402     5.495944  0.113862  0.114292
9   4.330382  0.073310  29.235285  5.406966    4.330382     0.073310   29.235285     5.406966  0.129058  0.129058
10  4.432410  0.074066  31.566448  5.618402    4.432410     0.074066   31.566448     5.618402  0.076368  0.078236
11  4.452816  0.075806  32.270695  5.680730    4.452816     0.075806   32.270695     5.680730  0.036680  0.037989
12  3.869789  0.065331  24.398216  4.939455    3.869789     0.065331   24.398216     4.939455  0.250778  0.251435
