2023-04-14 12:04:22,738 - INFO - Log directory: ./libcity/log
2023-04-14 12:04:22,738 - INFO - Begin pipeline, task=traffic_state_pred, model_name=GRU, dataset_name=Xiongan, exp_id=50001
2023-04-14 12:04:22,738 - INFO - {'task': 'traffic_state_pred', 'model': 'RNN', 'dataset': 'Xiongan', 'saved_model': True, 'train': True, 'exp_id': '50001', 'seed': 0, 'dataset_class': 'TrafficStatePointDataset', 'executor': 'TrafficStateExecutor', 'evaluator': 'TrafficStateEvaluator', 'rnn_type': 'GRU', 'hidden_size': 64, 'num_layers': 1, 'dropout': 0, 'bidirectional': False, 'teacher_forcing_ratio': 0, 'scaler': 'standard', 'load_external': True, 'normal_external': False, 'ext_scaler': 'none', 'add_time_in_day': True, 'add_day_in_week': False, 'max_epoch': 50, 'learner': 'adam', 'learning_rate': 0.01, 'lr_decay': True, 'lr_scheduler': 'multisteplr', 'lr_decay_ratio': 0.1, 'steps': [5, 20, 40, 70], 'clip_grad_norm': True, 'max_grad_norm': 5, 'use_early_stop': True, 'patience': 50, 'batch_size': 64, 'cache_dataset': True, 'num_workers': 0, 'pad_with_last_sample': True, 'train_rate': 0.7, 'eval_rate': 0.1, 'input_window': 12, 'output_window': 12, 'gpu': True, 'gpu_id': 0, 'train_loss': 'none', 'epoch': 0, 'weight_decay': 0, 'lr_epsilon': 1e-08, 'lr_beta1': 0.9, 'lr_beta2': 0.999, 'lr_alpha': 0.99, 'lr_momentum': 0, 'step_size': 10, 'lr_T_max': 30, 'lr_eta_min': 0, 'lr_patience': 10, 'lr_threshold': 0.0001, 'log_level': 'INFO', 'log_every': 1, 'load_best_epoch': True, 'hyper_tune': False, 'metrics': ['MAE', 'MAPE', 'MSE', 'RMSE', 'masked_MAE', 'masked_MAPE', 'masked_MSE', 'masked_RMSE', 'R2', 'EVAR'], 'evaluator_mode': 'single', 'save_mode': ['csv'], 'geo': {'including_types': ['Point'], 'Point': {}}, 'rel': {'including_types': ['geo'], 'geo': {'cost': 'num'}}, 'dyna': {'including_types': ['state'], 'state': {'entity_id': 'geo_id', 'traffic_speed': 'num'}}, 'data_col': ['traffic_speed'], 'weight_col': 'cost', 'data_files': ['Xiongan'], 'geo_file': 'Xiongan', 'rel_file': 'Xiongan', 'output_dim': 1, 'time_intervals': 300, 'init_weight_inf_or_zero': 'inf', 'set_weight_link_or_dist': 'dist', 'calculate_weight_adj': True, 'weight_adj_epsilon': 0.1, 'device': device(type='cuda', index=0)}
2023-04-14 12:04:22,746 - INFO - Loaded file Xiongan.geo, num_nodes=487
2023-04-14 12:04:22,749 - INFO - set_weight_link_or_dist: dist
2023-04-14 12:04:22,749 - INFO - init_weight_inf_or_zero: inf
2023-04-14 12:04:22,752 - INFO - Loaded file Xiongan.rel, shape=(487, 487)
2023-04-14 12:04:22,753 - INFO - Start Calculate the weight by Gauss kernel!
2023-04-14 12:04:22,755 - INFO - Loading ./libcity/cache/dataset_cache/point_based_Xiongan_12_12_0.7_0.1_standard_64_True_True_False_True.npz
2023-04-14 12:04:22,804 - INFO - train	x: (26, 12, 487, 2), y: (26, 12, 487, 2)
2023-04-14 12:04:22,804 - INFO - eval	x: (4, 12, 487, 2), y: (4, 12, 487, 2)
2023-04-14 12:04:22,804 - INFO - test	x: (7, 12, 487, 2), y: (7, 12, 487, 2)
2023-04-14 12:04:22,805 - INFO - StandardScaler mean: 59.92392878005366, std: 5.807862904711059
2023-04-14 12:04:22,805 - INFO - NoneScaler
2023-04-14 12:04:22,962 - INFO - You select rnn_type GRU in RNN!
2023-04-14 12:04:26,181 - INFO - RNN(
  (rnn): GRU(974, 64)
  (fc): Linear(in_features=64, out_features=487, bias=True)
)
2023-04-14 12:04:26,181 - INFO - rnn.weight_ih_l0	torch.Size([192, 974])	cuda:0	True
2023-04-14 12:04:26,181 - INFO - rnn.weight_hh_l0	torch.Size([192, 64])	cuda:0	True
2023-04-14 12:04:26,181 - INFO - rnn.bias_ih_l0	torch.Size([192])	cuda:0	True
2023-04-14 12:04:26,181 - INFO - rnn.bias_hh_l0	torch.Size([192])	cuda:0	True
2023-04-14 12:04:26,181 - INFO - fc.weight	torch.Size([487, 64])	cuda:0	True
2023-04-14 12:04:26,181 - INFO - fc.bias	torch.Size([487])	cuda:0	True
2023-04-14 12:04:26,181 - INFO - Total parameter numbers: 231335
2023-04-14 12:04:26,181 - INFO - You select `adam` optimizer.
2023-04-14 12:04:26,182 - INFO - You select `multisteplr` lr_scheduler.
2023-04-14 12:04:26,182 - WARNING - Received none train loss func and will use the loss func defined in the model.
2023-04-14 12:04:26,182 - INFO - Start training ...
2023-04-14 12:04:26,182 - INFO - num_batches:1
2023-04-14 12:04:26,231 - INFO - epoch complete!
2023-04-14 12:04:26,231 - INFO - evaluating now!
2023-04-14 12:04:26,249 - INFO - Epoch [0/50] train_loss: 5.0072, val_loss: 5.0799, lr: 0.010000, 0.07s
2023-04-14 12:04:26,258 - INFO - Saved model at 0
2023-04-14 12:04:26,258 - INFO - Val loss decrease from inf to 5.0799, saving to ./libcity/cache/50001/model_cache/RNN_Xiongan_epoch0.tar
2023-04-14 12:04:26,296 - INFO - epoch complete!
2023-04-14 12:04:26,297 - INFO - evaluating now!
2023-04-14 12:04:26,316 - INFO - Epoch [1/50] train_loss: 5.0799, val_loss: 5.0446, lr: 0.010000, 0.06s
2023-04-14 12:04:26,324 - INFO - Saved model at 1
2023-04-14 12:04:26,324 - INFO - Val loss decrease from 5.0799 to 5.0446, saving to ./libcity/cache/50001/model_cache/RNN_Xiongan_epoch1.tar
2023-04-14 12:04:26,363 - INFO - epoch complete!
2023-04-14 12:04:26,363 - INFO - evaluating now!
2023-04-14 12:04:26,384 - INFO - Epoch [2/50] train_loss: 5.0446, val_loss: 4.8182, lr: 0.010000, 0.06s
2023-04-14 12:04:26,391 - INFO - Saved model at 2
2023-04-14 12:04:26,392 - INFO - Val loss decrease from 5.0446 to 4.8182, saving to ./libcity/cache/50001/model_cache/RNN_Xiongan_epoch2.tar
2023-04-14 12:04:26,420 - INFO - epoch complete!
2023-04-14 12:04:26,420 - INFO - evaluating now!
2023-04-14 12:04:26,440 - INFO - Epoch [3/50] train_loss: 4.8182, val_loss: 4.6643, lr: 0.010000, 0.05s
2023-04-14 12:04:26,448 - INFO - Saved model at 3
2023-04-14 12:04:26,448 - INFO - Val loss decrease from 4.8182 to 4.6643, saving to ./libcity/cache/50001/model_cache/RNN_Xiongan_epoch3.tar
2023-04-14 12:04:26,484 - INFO - epoch complete!
2023-04-14 12:04:26,485 - INFO - evaluating now!
2023-04-14 12:04:26,505 - INFO - Epoch [4/50] train_loss: 4.6643, val_loss: 4.5551, lr: 0.001000, 0.06s
2023-04-14 12:04:26,512 - INFO - Saved model at 4
2023-04-14 12:04:26,512 - INFO - Val loss decrease from 4.6643 to 4.5551, saving to ./libcity/cache/50001/model_cache/RNN_Xiongan_epoch4.tar
2023-04-14 12:04:26,547 - INFO - epoch complete!
2023-04-14 12:04:26,547 - INFO - evaluating now!
2023-04-14 12:04:26,567 - INFO - Epoch [5/50] train_loss: 4.5551, val_loss: 4.5161, lr: 0.001000, 0.05s
2023-04-14 12:04:26,575 - INFO - Saved model at 5
2023-04-14 12:04:26,575 - INFO - Val loss decrease from 4.5551 to 4.5161, saving to ./libcity/cache/50001/model_cache/RNN_Xiongan_epoch5.tar
2023-04-14 12:04:26,609 - INFO - epoch complete!
2023-04-14 12:04:26,610 - INFO - evaluating now!
2023-04-14 12:04:26,628 - INFO - Epoch [6/50] train_loss: 4.5161, val_loss: 4.4734, lr: 0.001000, 0.05s
2023-04-14 12:04:26,635 - INFO - Saved model at 6
2023-04-14 12:04:26,636 - INFO - Val loss decrease from 4.5161 to 4.4734, saving to ./libcity/cache/50001/model_cache/RNN_Xiongan_epoch6.tar
2023-04-14 12:04:26,672 - INFO - epoch complete!
2023-04-14 12:04:26,672 - INFO - evaluating now!
2023-04-14 12:04:26,691 - INFO - Epoch [7/50] train_loss: 4.4734, val_loss: 4.4344, lr: 0.001000, 0.06s
2023-04-14 12:04:26,699 - INFO - Saved model at 7
2023-04-14 12:04:26,699 - INFO - Val loss decrease from 4.4734 to 4.4344, saving to ./libcity/cache/50001/model_cache/RNN_Xiongan_epoch7.tar
2023-04-14 12:04:26,740 - INFO - epoch complete!
2023-04-14 12:04:26,741 - INFO - evaluating now!
2023-04-14 12:04:26,767 - INFO - Epoch [8/50] train_loss: 4.4344, val_loss: 4.3997, lr: 0.001000, 0.07s
2023-04-14 12:04:26,774 - INFO - Saved model at 8
2023-04-14 12:04:26,774 - INFO - Val loss decrease from 4.4344 to 4.3997, saving to ./libcity/cache/50001/model_cache/RNN_Xiongan_epoch8.tar
2023-04-14 12:04:26,814 - INFO - epoch complete!
2023-04-14 12:04:26,814 - INFO - evaluating now!
2023-04-14 12:04:26,831 - INFO - Epoch [9/50] train_loss: 4.3997, val_loss: 4.3682, lr: 0.001000, 0.06s
2023-04-14 12:04:26,839 - INFO - Saved model at 9
2023-04-14 12:04:26,839 - INFO - Val loss decrease from 4.3997 to 4.3682, saving to ./libcity/cache/50001/model_cache/RNN_Xiongan_epoch9.tar
2023-04-14 12:04:26,881 - INFO - epoch complete!
2023-04-14 12:04:26,882 - INFO - evaluating now!
2023-04-14 12:04:26,914 - INFO - Epoch [10/50] train_loss: 4.3682, val_loss: 4.3398, lr: 0.001000, 0.07s
2023-04-14 12:04:26,922 - INFO - Saved model at 10
2023-04-14 12:04:26,922 - INFO - Val loss decrease from 4.3682 to 4.3398, saving to ./libcity/cache/50001/model_cache/RNN_Xiongan_epoch10.tar
2023-04-14 12:04:26,962 - INFO - epoch complete!
2023-04-14 12:04:26,962 - INFO - evaluating now!
2023-04-14 12:04:26,980 - INFO - Epoch [11/50] train_loss: 4.3398, val_loss: 4.3106, lr: 0.001000, 0.06s
2023-04-14 12:04:26,988 - INFO - Saved model at 11
2023-04-14 12:04:26,988 - INFO - Val loss decrease from 4.3398 to 4.3106, saving to ./libcity/cache/50001/model_cache/RNN_Xiongan_epoch11.tar
2023-04-14 12:04:27,028 - INFO - epoch complete!
2023-04-14 12:04:27,029 - INFO - evaluating now!
2023-04-14 12:04:27,048 - INFO - Epoch [12/50] train_loss: 4.3106, val_loss: 4.2808, lr: 0.001000, 0.06s
2023-04-14 12:04:27,055 - INFO - Saved model at 12
2023-04-14 12:04:27,056 - INFO - Val loss decrease from 4.3106 to 4.2808, saving to ./libcity/cache/50001/model_cache/RNN_Xiongan_epoch12.tar
2023-04-14 12:04:27,095 - INFO - epoch complete!
2023-04-14 12:04:27,095 - INFO - evaluating now!
2023-04-14 12:04:27,117 - INFO - Epoch [13/50] train_loss: 4.2808, val_loss: 4.2534, lr: 0.001000, 0.06s
2023-04-14 12:04:27,124 - INFO - Saved model at 13
2023-04-14 12:04:27,124 - INFO - Val loss decrease from 4.2808 to 4.2534, saving to ./libcity/cache/50001/model_cache/RNN_Xiongan_epoch13.tar
2023-04-14 12:04:27,164 - INFO - epoch complete!
2023-04-14 12:04:27,164 - INFO - evaluating now!
2023-04-14 12:04:27,189 - INFO - Epoch [14/50] train_loss: 4.2534, val_loss: 4.2256, lr: 0.001000, 0.06s
2023-04-14 12:04:27,197 - INFO - Saved model at 14
2023-04-14 12:04:27,198 - INFO - Val loss decrease from 4.2534 to 4.2256, saving to ./libcity/cache/50001/model_cache/RNN_Xiongan_epoch14.tar
2023-04-14 12:04:27,234 - INFO - epoch complete!
2023-04-14 12:04:27,235 - INFO - evaluating now!
2023-04-14 12:04:27,256 - INFO - Epoch [15/50] train_loss: 4.2256, val_loss: 4.1968, lr: 0.001000, 0.06s
2023-04-14 12:04:27,264 - INFO - Saved model at 15
2023-04-14 12:04:27,264 - INFO - Val loss decrease from 4.2256 to 4.1968, saving to ./libcity/cache/50001/model_cache/RNN_Xiongan_epoch15.tar
2023-04-14 12:04:27,302 - INFO - epoch complete!
2023-04-14 12:04:27,302 - INFO - evaluating now!
2023-04-14 12:04:27,320 - INFO - Epoch [16/50] train_loss: 4.1968, val_loss: 4.1688, lr: 0.001000, 0.06s
2023-04-14 12:04:27,328 - INFO - Saved model at 16
2023-04-14 12:04:27,328 - INFO - Val loss decrease from 4.1968 to 4.1688, saving to ./libcity/cache/50001/model_cache/RNN_Xiongan_epoch16.tar
2023-04-14 12:04:27,363 - INFO - epoch complete!
2023-04-14 12:04:27,363 - INFO - evaluating now!
2023-04-14 12:04:27,384 - INFO - Epoch [17/50] train_loss: 4.1688, val_loss: 4.1413, lr: 0.001000, 0.06s
2023-04-14 12:04:27,391 - INFO - Saved model at 17
2023-04-14 12:04:27,392 - INFO - Val loss decrease from 4.1688 to 4.1413, saving to ./libcity/cache/50001/model_cache/RNN_Xiongan_epoch17.tar
2023-04-14 12:04:27,424 - INFO - epoch complete!
2023-04-14 12:04:27,425 - INFO - evaluating now!
2023-04-14 12:04:27,447 - INFO - Epoch [18/50] train_loss: 4.1413, val_loss: 4.1131, lr: 0.001000, 0.06s
2023-04-14 12:04:27,455 - INFO - Saved model at 18
2023-04-14 12:04:27,455 - INFO - Val loss decrease from 4.1413 to 4.1131, saving to ./libcity/cache/50001/model_cache/RNN_Xiongan_epoch18.tar
2023-04-14 12:04:27,483 - INFO - epoch complete!
2023-04-14 12:04:27,484 - INFO - evaluating now!
2023-04-14 12:04:27,504 - INFO - Epoch [19/50] train_loss: 4.1131, val_loss: 4.0848, lr: 0.000100, 0.05s
2023-04-14 12:04:27,512 - INFO - Saved model at 19
2023-04-14 12:04:27,512 - INFO - Val loss decrease from 4.1131 to 4.0848, saving to ./libcity/cache/50001/model_cache/RNN_Xiongan_epoch19.tar
2023-04-14 12:04:27,550 - INFO - epoch complete!
2023-04-14 12:04:27,551 - INFO - evaluating now!
2023-04-14 12:04:27,569 - INFO - Epoch [20/50] train_loss: 4.0848, val_loss: 4.0818, lr: 0.000100, 0.06s
2023-04-14 12:04:27,578 - INFO - Saved model at 20
2023-04-14 12:04:27,578 - INFO - Val loss decrease from 4.0848 to 4.0818, saving to ./libcity/cache/50001/model_cache/RNN_Xiongan_epoch20.tar
2023-04-14 12:04:27,618 - INFO - epoch complete!
2023-04-14 12:04:27,619 - INFO - evaluating now!
2023-04-14 12:04:27,639 - INFO - Epoch [21/50] train_loss: 4.0818, val_loss: 4.0784, lr: 0.000100, 0.06s
2023-04-14 12:04:27,647 - INFO - Saved model at 21
2023-04-14 12:04:27,647 - INFO - Val loss decrease from 4.0818 to 4.0784, saving to ./libcity/cache/50001/model_cache/RNN_Xiongan_epoch21.tar
2023-04-14 12:04:27,691 - INFO - epoch complete!
2023-04-14 12:04:27,692 - INFO - evaluating now!
2023-04-14 12:04:27,713 - INFO - Epoch [22/50] train_loss: 4.0784, val_loss: 4.0748, lr: 0.000100, 0.07s
2023-04-14 12:04:27,720 - INFO - Saved model at 22
2023-04-14 12:04:27,720 - INFO - Val loss decrease from 4.0784 to 4.0748, saving to ./libcity/cache/50001/model_cache/RNN_Xiongan_epoch22.tar
2023-04-14 12:04:27,753 - INFO - epoch complete!
2023-04-14 12:04:27,754 - INFO - evaluating now!
2023-04-14 12:04:27,771 - INFO - Epoch [23/50] train_loss: 4.0748, val_loss: 4.0710, lr: 0.000100, 0.05s
2023-04-14 12:04:27,779 - INFO - Saved model at 23
2023-04-14 12:04:27,779 - INFO - Val loss decrease from 4.0748 to 4.0710, saving to ./libcity/cache/50001/model_cache/RNN_Xiongan_epoch23.tar
2023-04-14 12:04:27,813 - INFO - epoch complete!
2023-04-14 12:04:27,814 - INFO - evaluating now!
2023-04-14 12:04:27,831 - INFO - Epoch [24/50] train_loss: 4.0710, val_loss: 4.0671, lr: 0.000100, 0.05s
2023-04-14 12:04:27,839 - INFO - Saved model at 24
2023-04-14 12:04:27,839 - INFO - Val loss decrease from 4.0710 to 4.0671, saving to ./libcity/cache/50001/model_cache/RNN_Xiongan_epoch24.tar
2023-04-14 12:04:27,878 - INFO - epoch complete!
2023-04-14 12:04:27,879 - INFO - evaluating now!
2023-04-14 12:04:27,898 - INFO - Epoch [25/50] train_loss: 4.0671, val_loss: 4.0632, lr: 0.000100, 0.06s
2023-04-14 12:04:27,906 - INFO - Saved model at 25
2023-04-14 12:04:27,906 - INFO - Val loss decrease from 4.0671 to 4.0632, saving to ./libcity/cache/50001/model_cache/RNN_Xiongan_epoch25.tar
2023-04-14 12:04:27,940 - INFO - epoch complete!
2023-04-14 12:04:27,940 - INFO - evaluating now!
2023-04-14 12:04:27,958 - INFO - Epoch [26/50] train_loss: 4.0632, val_loss: 4.0592, lr: 0.000100, 0.05s
2023-04-14 12:04:27,966 - INFO - Saved model at 26
2023-04-14 12:04:27,966 - INFO - Val loss decrease from 4.0632 to 4.0592, saving to ./libcity/cache/50001/model_cache/RNN_Xiongan_epoch26.tar
2023-04-14 12:04:28,004 - INFO - epoch complete!
2023-04-14 12:04:28,005 - INFO - evaluating now!
2023-04-14 12:04:28,024 - INFO - Epoch [27/50] train_loss: 4.0592, val_loss: 4.0553, lr: 0.000100, 0.06s
2023-04-14 12:04:28,032 - INFO - Saved model at 27
2023-04-14 12:04:28,032 - INFO - Val loss decrease from 4.0592 to 4.0553, saving to ./libcity/cache/50001/model_cache/RNN_Xiongan_epoch27.tar
2023-04-14 12:04:28,066 - INFO - epoch complete!
2023-04-14 12:04:28,066 - INFO - evaluating now!
2023-04-14 12:04:28,084 - INFO - Epoch [28/50] train_loss: 4.0553, val_loss: 4.0514, lr: 0.000100, 0.05s
2023-04-14 12:04:28,091 - INFO - Saved model at 28
2023-04-14 12:04:28,092 - INFO - Val loss decrease from 4.0553 to 4.0514, saving to ./libcity/cache/50001/model_cache/RNN_Xiongan_epoch28.tar
2023-04-14 12:04:28,124 - INFO - epoch complete!
2023-04-14 12:04:28,124 - INFO - evaluating now!
2023-04-14 12:04:28,142 - INFO - Epoch [29/50] train_loss: 4.0514, val_loss: 4.0474, lr: 0.000100, 0.05s
2023-04-14 12:04:28,150 - INFO - Saved model at 29
2023-04-14 12:04:28,150 - INFO - Val loss decrease from 4.0514 to 4.0474, saving to ./libcity/cache/50001/model_cache/RNN_Xiongan_epoch29.tar
2023-04-14 12:04:28,182 - INFO - epoch complete!
2023-04-14 12:04:28,182 - INFO - evaluating now!
2023-04-14 12:04:28,201 - INFO - Epoch [30/50] train_loss: 4.0474, val_loss: 4.0435, lr: 0.000100, 0.05s
2023-04-14 12:04:28,209 - INFO - Saved model at 30
2023-04-14 12:04:28,209 - INFO - Val loss decrease from 4.0474 to 4.0435, saving to ./libcity/cache/50001/model_cache/RNN_Xiongan_epoch30.tar
2023-04-14 12:04:28,244 - INFO - epoch complete!
2023-04-14 12:04:28,244 - INFO - evaluating now!
2023-04-14 12:04:28,264 - INFO - Epoch [31/50] train_loss: 4.0435, val_loss: 4.0396, lr: 0.000100, 0.05s
2023-04-14 12:04:28,271 - INFO - Saved model at 31
2023-04-14 12:04:28,272 - INFO - Val loss decrease from 4.0435 to 4.0396, saving to ./libcity/cache/50001/model_cache/RNN_Xiongan_epoch31.tar
2023-04-14 12:04:28,311 - INFO - epoch complete!
2023-04-14 12:04:28,311 - INFO - evaluating now!
2023-04-14 12:04:28,329 - INFO - Epoch [32/50] train_loss: 4.0396, val_loss: 4.0356, lr: 0.000100, 0.06s
2023-04-14 12:04:28,337 - INFO - Saved model at 32
2023-04-14 12:04:28,337 - INFO - Val loss decrease from 4.0396 to 4.0356, saving to ./libcity/cache/50001/model_cache/RNN_Xiongan_epoch32.tar
2023-04-14 12:04:28,383 - INFO - epoch complete!
2023-04-14 12:04:28,384 - INFO - evaluating now!
2023-04-14 12:04:28,409 - INFO - Epoch [33/50] train_loss: 4.0356, val_loss: 4.0316, lr: 0.000100, 0.07s
2023-04-14 12:04:28,418 - INFO - Saved model at 33
2023-04-14 12:04:28,418 - INFO - Val loss decrease from 4.0356 to 4.0316, saving to ./libcity/cache/50001/model_cache/RNN_Xiongan_epoch33.tar
2023-04-14 12:04:28,464 - INFO - epoch complete!
2023-04-14 12:04:28,464 - INFO - evaluating now!
2023-04-14 12:04:28,483 - INFO - Epoch [34/50] train_loss: 4.0316, val_loss: 4.0276, lr: 0.000100, 0.06s
2023-04-14 12:04:28,490 - INFO - Saved model at 34
2023-04-14 12:04:28,490 - INFO - Val loss decrease from 4.0316 to 4.0276, saving to ./libcity/cache/50001/model_cache/RNN_Xiongan_epoch34.tar
2023-04-14 12:04:28,531 - INFO - epoch complete!
2023-04-14 12:04:28,532 - INFO - evaluating now!
2023-04-14 12:04:28,550 - INFO - Epoch [35/50] train_loss: 4.0276, val_loss: 4.0237, lr: 0.000100, 0.06s
2023-04-14 12:04:28,557 - INFO - Saved model at 35
2023-04-14 12:04:28,557 - INFO - Val loss decrease from 4.0276 to 4.0237, saving to ./libcity/cache/50001/model_cache/RNN_Xiongan_epoch35.tar
2023-04-14 12:04:28,592 - INFO - epoch complete!
2023-04-14 12:04:28,593 - INFO - evaluating now!
2023-04-14 12:04:28,617 - INFO - Epoch [36/50] train_loss: 4.0237, val_loss: 4.0199, lr: 0.000100, 0.06s
2023-04-14 12:04:28,624 - INFO - Saved model at 36
2023-04-14 12:04:28,624 - INFO - Val loss decrease from 4.0237 to 4.0199, saving to ./libcity/cache/50001/model_cache/RNN_Xiongan_epoch36.tar
2023-04-14 12:04:28,662 - INFO - epoch complete!
2023-04-14 12:04:28,662 - INFO - evaluating now!
2023-04-14 12:04:28,681 - INFO - Epoch [37/50] train_loss: 4.0199, val_loss: 4.0160, lr: 0.000100, 0.06s
2023-04-14 12:04:28,688 - INFO - Saved model at 37
2023-04-14 12:04:28,688 - INFO - Val loss decrease from 4.0199 to 4.0160, saving to ./libcity/cache/50001/model_cache/RNN_Xiongan_epoch37.tar
2023-04-14 12:04:28,727 - INFO - epoch complete!
2023-04-14 12:04:28,727 - INFO - evaluating now!
2023-04-14 12:04:28,745 - INFO - Epoch [38/50] train_loss: 4.0160, val_loss: 4.0121, lr: 0.000100, 0.06s
2023-04-14 12:04:28,753 - INFO - Saved model at 38
2023-04-14 12:04:28,753 - INFO - Val loss decrease from 4.0160 to 4.0121, saving to ./libcity/cache/50001/model_cache/RNN_Xiongan_epoch38.tar
2023-04-14 12:04:28,793 - INFO - epoch complete!
2023-04-14 12:04:28,793 - INFO - evaluating now!
2023-04-14 12:04:28,812 - INFO - Epoch [39/50] train_loss: 4.0121, val_loss: 4.0083, lr: 0.000010, 0.06s
2023-04-14 12:04:28,819 - INFO - Saved model at 39
2023-04-14 12:04:28,819 - INFO - Val loss decrease from 4.0121 to 4.0083, saving to ./libcity/cache/50001/model_cache/RNN_Xiongan_epoch39.tar
2023-04-14 12:04:28,855 - INFO - epoch complete!
2023-04-14 12:04:28,855 - INFO - evaluating now!
2023-04-14 12:04:28,877 - INFO - Epoch [40/50] train_loss: 4.0083, val_loss: 4.0079, lr: 0.000010, 0.06s
2023-04-14 12:04:28,887 - INFO - Saved model at 40
2023-04-14 12:04:28,887 - INFO - Val loss decrease from 4.0083 to 4.0079, saving to ./libcity/cache/50001/model_cache/RNN_Xiongan_epoch40.tar
2023-04-14 12:04:28,926 - INFO - epoch complete!
2023-04-14 12:04:28,927 - INFO - evaluating now!
2023-04-14 12:04:28,944 - INFO - Epoch [41/50] train_loss: 4.0079, val_loss: 4.0075, lr: 0.000010, 0.06s
2023-04-14 12:04:28,951 - INFO - Saved model at 41
2023-04-14 12:04:28,951 - INFO - Val loss decrease from 4.0079 to 4.0075, saving to ./libcity/cache/50001/model_cache/RNN_Xiongan_epoch41.tar
2023-04-14 12:04:28,990 - INFO - epoch complete!
2023-04-14 12:04:28,990 - INFO - evaluating now!
2023-04-14 12:04:29,007 - INFO - Epoch [42/50] train_loss: 4.0075, val_loss: 4.0071, lr: 0.000010, 0.06s
2023-04-14 12:04:29,015 - INFO - Saved model at 42
2023-04-14 12:04:29,015 - INFO - Val loss decrease from 4.0075 to 4.0071, saving to ./libcity/cache/50001/model_cache/RNN_Xiongan_epoch42.tar
2023-04-14 12:04:29,055 - INFO - epoch complete!
2023-04-14 12:04:29,055 - INFO - evaluating now!
2023-04-14 12:04:29,073 - INFO - Epoch [43/50] train_loss: 4.0071, val_loss: 4.0067, lr: 0.000010, 0.06s
2023-04-14 12:04:29,082 - INFO - Saved model at 43
2023-04-14 12:04:29,082 - INFO - Val loss decrease from 4.0071 to 4.0067, saving to ./libcity/cache/50001/model_cache/RNN_Xiongan_epoch43.tar
2023-04-14 12:04:29,118 - INFO - epoch complete!
2023-04-14 12:04:29,118 - INFO - evaluating now!
2023-04-14 12:04:29,136 - INFO - Epoch [44/50] train_loss: 4.0067, val_loss: 4.0063, lr: 0.000010, 0.05s
2023-04-14 12:04:29,144 - INFO - Saved model at 44
2023-04-14 12:04:29,144 - INFO - Val loss decrease from 4.0067 to 4.0063, saving to ./libcity/cache/50001/model_cache/RNN_Xiongan_epoch44.tar
2023-04-14 12:04:29,182 - INFO - epoch complete!
2023-04-14 12:04:29,182 - INFO - evaluating now!
2023-04-14 12:04:29,202 - INFO - Epoch [45/50] train_loss: 4.0063, val_loss: 4.0058, lr: 0.000010, 0.06s
2023-04-14 12:04:29,210 - INFO - Saved model at 45
2023-04-14 12:04:29,210 - INFO - Val loss decrease from 4.0063 to 4.0058, saving to ./libcity/cache/50001/model_cache/RNN_Xiongan_epoch45.tar
2023-04-14 12:04:29,245 - INFO - epoch complete!
2023-04-14 12:04:29,245 - INFO - evaluating now!
2023-04-14 12:04:29,271 - INFO - Epoch [46/50] train_loss: 4.0058, val_loss: 4.0054, lr: 0.000010, 0.06s
2023-04-14 12:04:29,278 - INFO - Saved model at 46
2023-04-14 12:04:29,278 - INFO - Val loss decrease from 4.0058 to 4.0054, saving to ./libcity/cache/50001/model_cache/RNN_Xiongan_epoch46.tar
2023-04-14 12:04:29,317 - INFO - epoch complete!
2023-04-14 12:04:29,317 - INFO - evaluating now!
2023-04-14 12:04:29,335 - INFO - Epoch [47/50] train_loss: 4.0054, val_loss: 4.0050, lr: 0.000010, 0.06s
2023-04-14 12:04:29,342 - INFO - Saved model at 47
2023-04-14 12:04:29,342 - INFO - Val loss decrease from 4.0054 to 4.0050, saving to ./libcity/cache/50001/model_cache/RNN_Xiongan_epoch47.tar
2023-04-14 12:04:29,384 - INFO - epoch complete!
2023-04-14 12:04:29,385 - INFO - evaluating now!
2023-04-14 12:04:29,402 - INFO - Epoch [48/50] train_loss: 4.0050, val_loss: 4.0046, lr: 0.000010, 0.06s
2023-04-14 12:04:29,409 - INFO - Saved model at 48
2023-04-14 12:04:29,410 - INFO - Val loss decrease from 4.0050 to 4.0046, saving to ./libcity/cache/50001/model_cache/RNN_Xiongan_epoch48.tar
2023-04-14 12:04:29,447 - INFO - epoch complete!
2023-04-14 12:04:29,448 - INFO - evaluating now!
2023-04-14 12:04:29,471 - INFO - Epoch [49/50] train_loss: 4.0046, val_loss: 4.0041, lr: 0.000010, 0.06s
2023-04-14 12:04:29,478 - INFO - Saved model at 49
2023-04-14 12:04:29,479 - INFO - Val loss decrease from 4.0046 to 4.0041, saving to ./libcity/cache/50001/model_cache/RNN_Xiongan_epoch49.tar
2023-04-14 12:04:29,479 - INFO - Trained totally 50 epochs, average train time is 0.037s, average eval time is 0.020s
2023-04-14 12:04:29,486 - INFO - Loaded model at 49
2023-04-14 12:04:29,486 - INFO - Saved model at ./libcity/cache/50001/model_cache/GRU_Xiongan.m
2023-04-14 12:04:29,493 - INFO - Start evaluating ...
2023-04-14 12:04:29,631 - INFO - Note that you select the single mode to evaluate!
2023-04-14 12:04:29,636 - INFO - Evaluate result is saved at ./libcity/cache/50001/evaluate_cache/2023_04_14_12_04_29_RNN_Xiongan.csv
2023-04-14 12:04:29,649 - INFO - 
         MAE      MAPE        MSE      RMSE  masked_MAE  masked_MAPE  masked_MSE  masked_RMSE        R2      EVAR
1   2.251574  0.037657  12.363671  3.516201    2.251574     0.037657   12.363671     3.516201  0.593257  0.594673
2   3.343949  0.055961  20.480843  4.525577    3.343949     0.055961   20.480843     4.525577  0.373287  0.374913
3   4.026427  0.069239  27.216805  5.216973    4.026427     0.069239   27.216805     5.216973  0.200701  0.208642
4   4.127768  0.069480  26.732468  5.170345    4.127768     0.069480   26.732468     5.170345  0.196872  0.196900
5   4.302456  0.071705  28.305023  5.320247    4.302456     0.071705   28.305023     5.320247  0.110068  0.115295
6   4.138236  0.069757  27.400267  5.234527    4.138236     0.069757   27.400267     5.234527  0.174201  0.174497
7   4.297975  0.073174  28.923285  5.378037    4.297975     0.073174   28.923285     5.378037  0.090527  0.091933
8   4.452121  0.075500  30.240366  5.499124    4.452121     0.075500   30.240366     5.499124  0.112836  0.113264
9   4.333886  0.073372  29.216539  5.405232    4.333886     0.073372   29.216539     5.405232  0.129616  0.129617
10  4.438107  0.074166  31.577875  5.619420    4.438107     0.074166   31.577875     5.619420  0.076034  0.077882
11  4.458033  0.075895  32.273952  5.681017    4.458033     0.075895   32.273952     5.681017  0.036583  0.037921
12  3.879267  0.065491  24.454802  4.945179    3.879267     0.065491   24.454802     4.945179  0.249040  0.249674
