2023-04-10 12:31:04,146 - INFO - Log directory: ./libcity/log
2023-04-10 12:31:04,146 - INFO - Begin pipeline, task=traffic_state_pred, model_name=GRU, dataset_name=Xiongan, exp_id=6757
2023-04-10 12:31:04,146 - INFO - {'task': 'traffic_state_pred', 'model': 'RNN', 'dataset': 'Xiongan', 'saved_model': True, 'train': True, 'seed': 0, 'dataset_class': 'TrafficStatePointDataset', 'executor': 'TrafficStateExecutor', 'evaluator': 'TrafficStateEvaluator', 'rnn_type': 'GRU', 'hidden_size': 64, 'num_layers': 1, 'dropout': 0, 'bidirectional': False, 'teacher_forcing_ratio': 0, 'scaler': 'standard', 'load_external': True, 'normal_external': False, 'ext_scaler': 'none', 'add_time_in_day': True, 'add_day_in_week': False, 'max_epoch': 100, 'learner': 'adam', 'learning_rate': 0.01, 'lr_decay': True, 'lr_scheduler': 'multisteplr', 'lr_decay_ratio': 0.1, 'steps': [5, 20, 40, 70], 'clip_grad_norm': True, 'max_grad_norm': 5, 'use_early_stop': True, 'patience': 50, 'batch_size': 64, 'cache_dataset': True, 'num_workers': 0, 'pad_with_last_sample': True, 'train_rate': 0.7, 'eval_rate': 0.1, 'input_window': 12, 'output_window': 12, 'gpu': True, 'gpu_id': 0, 'train_loss': 'none', 'epoch': 0, 'weight_decay': 0, 'lr_epsilon': 1e-08, 'lr_beta1': 0.9, 'lr_beta2': 0.999, 'lr_alpha': 0.99, 'lr_momentum': 0, 'step_size': 10, 'lr_T_max': 30, 'lr_eta_min': 0, 'lr_patience': 10, 'lr_threshold': 0.0001, 'log_level': 'INFO', 'log_every': 1, 'load_best_epoch': True, 'hyper_tune': False, 'metrics': ['MAE', 'MAPE', 'MSE', 'RMSE', 'masked_MAE', 'masked_MAPE', 'masked_MSE', 'masked_RMSE', 'R2', 'EVAR'], 'evaluator_mode': 'single', 'save_mode': ['csv'], 'geo': {'including_types': ['Point'], 'Point': {}}, 'rel': {'including_types': ['geo'], 'geo': {'cost': 'num'}}, 'dyna': {'including_types': ['state'], 'state': {'entity_id': 'geo_id', 'traffic_speed': 'num'}}, 'data_col': ['traffic_speed'], 'weight_col': 'cost', 'data_files': ['Xiongan'], 'geo_file': 'Xiongan', 'rel_file': 'Xiongan', 'output_dim': 1, 'time_intervals': 300, 'init_weight_inf_or_zero': 'inf', 'set_weight_link_or_dist': 'dist', 'calculate_weight_adj': True, 'weight_adj_epsilon': 0.1, 'device': device(type='cuda', index=0), 'exp_id': 6757}
2023-04-10 12:31:04,154 - INFO - Loaded file Xiongan.geo, num_nodes=487
2023-04-10 12:31:04,156 - INFO - set_weight_link_or_dist: dist
2023-04-10 12:31:04,156 - INFO - init_weight_inf_or_zero: inf
2023-04-10 12:31:04,159 - INFO - Loaded file Xiongan.rel, shape=(487, 487)
2023-04-10 12:31:04,160 - INFO - Start Calculate the weight by Gauss kernel!
2023-04-10 12:31:04,162 - INFO - Loading ./libcity/cache/dataset_cache/point_based_Xiongan_12_12_0.7_0.1_standard_64_True_True_False_True.npz
2023-04-10 12:31:04,202 - INFO - train	x: (26, 12, 487, 2), y: (26, 12, 487, 2)
2023-04-10 12:31:04,202 - INFO - eval	x: (4, 12, 487, 2), y: (4, 12, 487, 2)
2023-04-10 12:31:04,202 - INFO - test	x: (7, 12, 487, 2), y: (7, 12, 487, 2)
2023-04-10 12:31:04,202 - INFO - StandardScaler mean: 59.92392878005366, std: 5.807862904711059
2023-04-10 12:31:04,202 - INFO - NoneScaler
2023-04-10 12:31:04,346 - INFO - You select rnn_type GRU in RNN!
2023-04-10 12:31:07,838 - INFO - RNN(
  (rnn): GRU(974, 64)
  (fc): Linear(in_features=64, out_features=487, bias=True)
)
2023-04-10 12:31:07,838 - INFO - rnn.weight_ih_l0	torch.Size([192, 974])	cuda:0	True
2023-04-10 12:31:07,839 - INFO - rnn.weight_hh_l0	torch.Size([192, 64])	cuda:0	True
2023-04-10 12:31:07,839 - INFO - rnn.bias_ih_l0	torch.Size([192])	cuda:0	True
2023-04-10 12:31:07,839 - INFO - rnn.bias_hh_l0	torch.Size([192])	cuda:0	True
2023-04-10 12:31:07,839 - INFO - fc.weight	torch.Size([487, 64])	cuda:0	True
2023-04-10 12:31:07,839 - INFO - fc.bias	torch.Size([487])	cuda:0	True
2023-04-10 12:31:07,839 - INFO - Total parameter numbers: 231335
2023-04-10 12:31:07,839 - INFO - You select `adam` optimizer.
2023-04-10 12:31:07,839 - INFO - You select `multisteplr` lr_scheduler.
2023-04-10 12:31:07,840 - WARNING - Received none train loss func and will use the loss func defined in the model.
2023-04-10 12:31:07,840 - INFO - Start training ...
2023-04-10 12:31:07,840 - INFO - num_batches:1
2023-04-10 12:31:07,903 - INFO - epoch complete!
2023-04-10 12:31:07,903 - INFO - evaluating now!
2023-04-10 12:31:07,924 - INFO - Epoch [0/100] train_loss: 5.0072, val_loss: 5.0799, lr: 0.010000, 0.08s
2023-04-10 12:31:07,933 - INFO - Saved model at 0
2023-04-10 12:31:07,934 - INFO - Val loss decrease from inf to 5.0799, saving to ./libcity/cache/6757/model_cache/RNN_Xiongan_epoch0.tar
2023-04-10 12:31:07,975 - INFO - epoch complete!
2023-04-10 12:31:07,975 - INFO - evaluating now!
2023-04-10 12:31:07,999 - INFO - Epoch [1/100] train_loss: 5.0799, val_loss: 5.0446, lr: 0.010000, 0.06s
2023-04-10 12:31:08,008 - INFO - Saved model at 1
2023-04-10 12:31:08,008 - INFO - Val loss decrease from 5.0799 to 5.0446, saving to ./libcity/cache/6757/model_cache/RNN_Xiongan_epoch1.tar
2023-04-10 12:31:08,057 - INFO - epoch complete!
2023-04-10 12:31:08,057 - INFO - evaluating now!
2023-04-10 12:31:08,077 - INFO - Epoch [2/100] train_loss: 5.0446, val_loss: 4.8182, lr: 0.010000, 0.07s
2023-04-10 12:31:08,085 - INFO - Saved model at 2
2023-04-10 12:31:08,085 - INFO - Val loss decrease from 5.0446 to 4.8182, saving to ./libcity/cache/6757/model_cache/RNN_Xiongan_epoch2.tar
2023-04-10 12:31:08,124 - INFO - epoch complete!
2023-04-10 12:31:08,125 - INFO - evaluating now!
2023-04-10 12:31:08,147 - INFO - Epoch [3/100] train_loss: 4.8182, val_loss: 4.6643, lr: 0.010000, 0.06s
2023-04-10 12:31:08,154 - INFO - Saved model at 3
2023-04-10 12:31:08,155 - INFO - Val loss decrease from 4.8182 to 4.6643, saving to ./libcity/cache/6757/model_cache/RNN_Xiongan_epoch3.tar
2023-04-10 12:31:08,191 - INFO - epoch complete!
2023-04-10 12:31:08,192 - INFO - evaluating now!
2023-04-10 12:31:08,213 - INFO - Epoch [4/100] train_loss: 4.6643, val_loss: 4.5552, lr: 0.001000, 0.06s
2023-04-10 12:31:08,221 - INFO - Saved model at 4
2023-04-10 12:31:08,221 - INFO - Val loss decrease from 4.6643 to 4.5552, saving to ./libcity/cache/6757/model_cache/RNN_Xiongan_epoch4.tar
2023-04-10 12:31:08,257 - INFO - epoch complete!
2023-04-10 12:31:08,257 - INFO - evaluating now!
2023-04-10 12:31:08,287 - INFO - Epoch [5/100] train_loss: 4.5552, val_loss: 4.5161, lr: 0.001000, 0.07s
2023-04-10 12:31:08,297 - INFO - Saved model at 5
2023-04-10 12:31:08,297 - INFO - Val loss decrease from 4.5552 to 4.5161, saving to ./libcity/cache/6757/model_cache/RNN_Xiongan_epoch5.tar
2023-04-10 12:31:08,335 - INFO - epoch complete!
2023-04-10 12:31:08,336 - INFO - evaluating now!
2023-04-10 12:31:08,363 - INFO - Epoch [6/100] train_loss: 4.5161, val_loss: 4.4734, lr: 0.001000, 0.07s
2023-04-10 12:31:08,372 - INFO - Saved model at 6
2023-04-10 12:31:08,372 - INFO - Val loss decrease from 4.5161 to 4.4734, saving to ./libcity/cache/6757/model_cache/RNN_Xiongan_epoch6.tar
2023-04-10 12:31:08,413 - INFO - epoch complete!
2023-04-10 12:31:08,414 - INFO - evaluating now!
2023-04-10 12:31:08,447 - INFO - Epoch [7/100] train_loss: 4.4734, val_loss: 4.4345, lr: 0.001000, 0.07s
2023-04-10 12:31:08,454 - INFO - Saved model at 7
2023-04-10 12:31:08,455 - INFO - Val loss decrease from 4.4734 to 4.4345, saving to ./libcity/cache/6757/model_cache/RNN_Xiongan_epoch7.tar
2023-04-10 12:31:08,496 - INFO - epoch complete!
2023-04-10 12:31:08,496 - INFO - evaluating now!
2023-04-10 12:31:08,515 - INFO - Epoch [8/100] train_loss: 4.4345, val_loss: 4.3996, lr: 0.001000, 0.06s
2023-04-10 12:31:08,522 - INFO - Saved model at 8
2023-04-10 12:31:08,522 - INFO - Val loss decrease from 4.4345 to 4.3996, saving to ./libcity/cache/6757/model_cache/RNN_Xiongan_epoch8.tar
2023-04-10 12:31:08,559 - INFO - epoch complete!
2023-04-10 12:31:08,560 - INFO - evaluating now!
2023-04-10 12:31:08,577 - INFO - Epoch [9/100] train_loss: 4.3996, val_loss: 4.3682, lr: 0.001000, 0.05s
2023-04-10 12:31:08,585 - INFO - Saved model at 9
2023-04-10 12:31:08,585 - INFO - Val loss decrease from 4.3996 to 4.3682, saving to ./libcity/cache/6757/model_cache/RNN_Xiongan_epoch9.tar
2023-04-10 12:31:08,624 - INFO - epoch complete!
2023-04-10 12:31:08,625 - INFO - evaluating now!
2023-04-10 12:31:08,643 - INFO - Epoch [10/100] train_loss: 4.3682, val_loss: 4.3399, lr: 0.001000, 0.06s
2023-04-10 12:31:08,650 - INFO - Saved model at 10
2023-04-10 12:31:08,650 - INFO - Val loss decrease from 4.3682 to 4.3399, saving to ./libcity/cache/6757/model_cache/RNN_Xiongan_epoch10.tar
2023-04-10 12:31:08,682 - INFO - epoch complete!
2023-04-10 12:31:08,683 - INFO - evaluating now!
2023-04-10 12:31:08,700 - INFO - Epoch [11/100] train_loss: 4.3399, val_loss: 4.3108, lr: 0.001000, 0.05s
2023-04-10 12:31:08,706 - INFO - Saved model at 11
2023-04-10 12:31:08,706 - INFO - Val loss decrease from 4.3399 to 4.3108, saving to ./libcity/cache/6757/model_cache/RNN_Xiongan_epoch11.tar
2023-04-10 12:31:08,738 - INFO - epoch complete!
2023-04-10 12:31:08,738 - INFO - evaluating now!
2023-04-10 12:31:08,755 - INFO - Epoch [12/100] train_loss: 4.3108, val_loss: 4.2810, lr: 0.001000, 0.05s
2023-04-10 12:31:08,761 - INFO - Saved model at 12
2023-04-10 12:31:08,761 - INFO - Val loss decrease from 4.3108 to 4.2810, saving to ./libcity/cache/6757/model_cache/RNN_Xiongan_epoch12.tar
2023-04-10 12:31:08,791 - INFO - epoch complete!
2023-04-10 12:31:08,791 - INFO - evaluating now!
2023-04-10 12:31:08,808 - INFO - Epoch [13/100] train_loss: 4.2810, val_loss: 4.2534, lr: 0.001000, 0.05s
2023-04-10 12:31:08,814 - INFO - Saved model at 13
2023-04-10 12:31:08,814 - INFO - Val loss decrease from 4.2810 to 4.2534, saving to ./libcity/cache/6757/model_cache/RNN_Xiongan_epoch13.tar
2023-04-10 12:31:08,856 - INFO - epoch complete!
2023-04-10 12:31:08,857 - INFO - evaluating now!
2023-04-10 12:31:08,874 - INFO - Epoch [14/100] train_loss: 4.2534, val_loss: 4.2256, lr: 0.001000, 0.06s
2023-04-10 12:31:08,880 - INFO - Saved model at 14
2023-04-10 12:31:08,881 - INFO - Val loss decrease from 4.2534 to 4.2256, saving to ./libcity/cache/6757/model_cache/RNN_Xiongan_epoch14.tar
2023-04-10 12:31:08,918 - INFO - epoch complete!
2023-04-10 12:31:08,919 - INFO - evaluating now!
2023-04-10 12:31:08,941 - INFO - Epoch [15/100] train_loss: 4.2256, val_loss: 4.1971, lr: 0.001000, 0.06s
2023-04-10 12:31:08,948 - INFO - Saved model at 15
2023-04-10 12:31:08,948 - INFO - Val loss decrease from 4.2256 to 4.1971, saving to ./libcity/cache/6757/model_cache/RNN_Xiongan_epoch15.tar
2023-04-10 12:31:08,977 - INFO - epoch complete!
2023-04-10 12:31:08,978 - INFO - evaluating now!
2023-04-10 12:31:08,997 - INFO - Epoch [16/100] train_loss: 4.1971, val_loss: 4.1691, lr: 0.001000, 0.05s
2023-04-10 12:31:09,003 - INFO - Saved model at 16
2023-04-10 12:31:09,003 - INFO - Val loss decrease from 4.1971 to 4.1691, saving to ./libcity/cache/6757/model_cache/RNN_Xiongan_epoch16.tar
2023-04-10 12:31:09,039 - INFO - epoch complete!
2023-04-10 12:31:09,039 - INFO - evaluating now!
2023-04-10 12:31:09,060 - INFO - Epoch [17/100] train_loss: 4.1691, val_loss: 4.1415, lr: 0.001000, 0.06s
2023-04-10 12:31:09,067 - INFO - Saved model at 17
2023-04-10 12:31:09,067 - INFO - Val loss decrease from 4.1691 to 4.1415, saving to ./libcity/cache/6757/model_cache/RNN_Xiongan_epoch17.tar
2023-04-10 12:31:09,102 - INFO - epoch complete!
2023-04-10 12:31:09,103 - INFO - evaluating now!
2023-04-10 12:31:09,121 - INFO - Epoch [18/100] train_loss: 4.1415, val_loss: 4.1132, lr: 0.001000, 0.05s
2023-04-10 12:31:09,127 - INFO - Saved model at 18
2023-04-10 12:31:09,127 - INFO - Val loss decrease from 4.1415 to 4.1132, saving to ./libcity/cache/6757/model_cache/RNN_Xiongan_epoch18.tar
2023-04-10 12:31:09,164 - INFO - epoch complete!
2023-04-10 12:31:09,164 - INFO - evaluating now!
2023-04-10 12:31:09,185 - INFO - Epoch [19/100] train_loss: 4.1132, val_loss: 4.0852, lr: 0.000100, 0.06s
2023-04-10 12:31:09,191 - INFO - Saved model at 19
2023-04-10 12:31:09,191 - INFO - Val loss decrease from 4.1132 to 4.0852, saving to ./libcity/cache/6757/model_cache/RNN_Xiongan_epoch19.tar
2023-04-10 12:31:09,225 - INFO - epoch complete!
2023-04-10 12:31:09,225 - INFO - evaluating now!
2023-04-10 12:31:09,244 - INFO - Epoch [20/100] train_loss: 4.0852, val_loss: 4.0822, lr: 0.000100, 0.05s
2023-04-10 12:31:09,251 - INFO - Saved model at 20
2023-04-10 12:31:09,251 - INFO - Val loss decrease from 4.0852 to 4.0822, saving to ./libcity/cache/6757/model_cache/RNN_Xiongan_epoch20.tar
2023-04-10 12:31:09,284 - INFO - epoch complete!
2023-04-10 12:31:09,284 - INFO - evaluating now!
2023-04-10 12:31:09,304 - INFO - Epoch [21/100] train_loss: 4.0822, val_loss: 4.0788, lr: 0.000100, 0.05s
2023-04-10 12:31:09,310 - INFO - Saved model at 21
2023-04-10 12:31:09,310 - INFO - Val loss decrease from 4.0822 to 4.0788, saving to ./libcity/cache/6757/model_cache/RNN_Xiongan_epoch21.tar
2023-04-10 12:31:09,347 - INFO - epoch complete!
2023-04-10 12:31:09,347 - INFO - evaluating now!
2023-04-10 12:31:09,366 - INFO - Epoch [22/100] train_loss: 4.0788, val_loss: 4.0752, lr: 0.000100, 0.06s
2023-04-10 12:31:09,373 - INFO - Saved model at 22
2023-04-10 12:31:09,373 - INFO - Val loss decrease from 4.0788 to 4.0752, saving to ./libcity/cache/6757/model_cache/RNN_Xiongan_epoch22.tar
2023-04-10 12:31:09,411 - INFO - epoch complete!
2023-04-10 12:31:09,411 - INFO - evaluating now!
2023-04-10 12:31:09,428 - INFO - Epoch [23/100] train_loss: 4.0752, val_loss: 4.0714, lr: 0.000100, 0.05s
2023-04-10 12:31:09,434 - INFO - Saved model at 23
2023-04-10 12:31:09,434 - INFO - Val loss decrease from 4.0752 to 4.0714, saving to ./libcity/cache/6757/model_cache/RNN_Xiongan_epoch23.tar
2023-04-10 12:31:09,472 - INFO - epoch complete!
2023-04-10 12:31:09,472 - INFO - evaluating now!
2023-04-10 12:31:09,490 - INFO - Epoch [24/100] train_loss: 4.0714, val_loss: 4.0675, lr: 0.000100, 0.06s
2023-04-10 12:31:09,496 - INFO - Saved model at 24
2023-04-10 12:31:09,497 - INFO - Val loss decrease from 4.0714 to 4.0675, saving to ./libcity/cache/6757/model_cache/RNN_Xiongan_epoch24.tar
2023-04-10 12:31:09,534 - INFO - epoch complete!
2023-04-10 12:31:09,534 - INFO - evaluating now!
2023-04-10 12:31:09,553 - INFO - Epoch [25/100] train_loss: 4.0675, val_loss: 4.0636, lr: 0.000100, 0.06s
2023-04-10 12:31:09,560 - INFO - Saved model at 25
2023-04-10 12:31:09,560 - INFO - Val loss decrease from 4.0675 to 4.0636, saving to ./libcity/cache/6757/model_cache/RNN_Xiongan_epoch25.tar
2023-04-10 12:31:09,599 - INFO - epoch complete!
2023-04-10 12:31:09,599 - INFO - evaluating now!
2023-04-10 12:31:09,619 - INFO - Epoch [26/100] train_loss: 4.0636, val_loss: 4.0596, lr: 0.000100, 0.06s
2023-04-10 12:31:09,626 - INFO - Saved model at 26
2023-04-10 12:31:09,626 - INFO - Val loss decrease from 4.0636 to 4.0596, saving to ./libcity/cache/6757/model_cache/RNN_Xiongan_epoch26.tar
2023-04-10 12:31:09,663 - INFO - epoch complete!
2023-04-10 12:31:09,663 - INFO - evaluating now!
2023-04-10 12:31:09,684 - INFO - Epoch [27/100] train_loss: 4.0596, val_loss: 4.0557, lr: 0.000100, 0.06s
2023-04-10 12:31:09,690 - INFO - Saved model at 27
2023-04-10 12:31:09,690 - INFO - Val loss decrease from 4.0596 to 4.0557, saving to ./libcity/cache/6757/model_cache/RNN_Xiongan_epoch27.tar
2023-04-10 12:31:09,730 - INFO - epoch complete!
2023-04-10 12:31:09,730 - INFO - evaluating now!
2023-04-10 12:31:09,753 - INFO - Epoch [28/100] train_loss: 4.0557, val_loss: 4.0517, lr: 0.000100, 0.06s
2023-04-10 12:31:09,760 - INFO - Saved model at 28
2023-04-10 12:31:09,760 - INFO - Val loss decrease from 4.0557 to 4.0517, saving to ./libcity/cache/6757/model_cache/RNN_Xiongan_epoch28.tar
2023-04-10 12:31:09,799 - INFO - epoch complete!
2023-04-10 12:31:09,799 - INFO - evaluating now!
2023-04-10 12:31:09,817 - INFO - Epoch [29/100] train_loss: 4.0517, val_loss: 4.0478, lr: 0.000100, 0.06s
2023-04-10 12:31:09,824 - INFO - Saved model at 29
2023-04-10 12:31:09,824 - INFO - Val loss decrease from 4.0517 to 4.0478, saving to ./libcity/cache/6757/model_cache/RNN_Xiongan_epoch29.tar
2023-04-10 12:31:09,859 - INFO - epoch complete!
2023-04-10 12:31:09,860 - INFO - evaluating now!
2023-04-10 12:31:09,878 - INFO - Epoch [30/100] train_loss: 4.0478, val_loss: 4.0438, lr: 0.000100, 0.05s
2023-04-10 12:31:09,885 - INFO - Saved model at 30
2023-04-10 12:31:09,885 - INFO - Val loss decrease from 4.0478 to 4.0438, saving to ./libcity/cache/6757/model_cache/RNN_Xiongan_epoch30.tar
2023-04-10 12:31:09,923 - INFO - epoch complete!
2023-04-10 12:31:09,923 - INFO - evaluating now!
2023-04-10 12:31:09,942 - INFO - Epoch [31/100] train_loss: 4.0438, val_loss: 4.0399, lr: 0.000100, 0.06s
2023-04-10 12:31:09,949 - INFO - Saved model at 31
2023-04-10 12:31:09,949 - INFO - Val loss decrease from 4.0438 to 4.0399, saving to ./libcity/cache/6757/model_cache/RNN_Xiongan_epoch31.tar
2023-04-10 12:31:09,990 - INFO - epoch complete!
2023-04-10 12:31:09,990 - INFO - evaluating now!
2023-04-10 12:31:10,009 - INFO - Epoch [32/100] train_loss: 4.0399, val_loss: 4.0358, lr: 0.000100, 0.06s
2023-04-10 12:31:10,015 - INFO - Saved model at 32
2023-04-10 12:31:10,016 - INFO - Val loss decrease from 4.0399 to 4.0358, saving to ./libcity/cache/6757/model_cache/RNN_Xiongan_epoch32.tar
2023-04-10 12:31:10,054 - INFO - epoch complete!
2023-04-10 12:31:10,054 - INFO - evaluating now!
2023-04-10 12:31:10,074 - INFO - Epoch [33/100] train_loss: 4.0358, val_loss: 4.0318, lr: 0.000100, 0.06s
2023-04-10 12:31:10,080 - INFO - Saved model at 33
2023-04-10 12:31:10,080 - INFO - Val loss decrease from 4.0358 to 4.0318, saving to ./libcity/cache/6757/model_cache/RNN_Xiongan_epoch33.tar
2023-04-10 12:31:10,116 - INFO - epoch complete!
2023-04-10 12:31:10,116 - INFO - evaluating now!
2023-04-10 12:31:10,136 - INFO - Epoch [34/100] train_loss: 4.0318, val_loss: 4.0279, lr: 0.000100, 0.06s
2023-04-10 12:31:10,143 - INFO - Saved model at 34
2023-04-10 12:31:10,143 - INFO - Val loss decrease from 4.0318 to 4.0279, saving to ./libcity/cache/6757/model_cache/RNN_Xiongan_epoch34.tar
2023-04-10 12:31:10,179 - INFO - epoch complete!
2023-04-10 12:31:10,180 - INFO - evaluating now!
2023-04-10 12:31:10,202 - INFO - Epoch [35/100] train_loss: 4.0279, val_loss: 4.0240, lr: 0.000100, 0.06s
2023-04-10 12:31:10,208 - INFO - Saved model at 35
2023-04-10 12:31:10,209 - INFO - Val loss decrease from 4.0279 to 4.0240, saving to ./libcity/cache/6757/model_cache/RNN_Xiongan_epoch35.tar
2023-04-10 12:31:10,249 - INFO - epoch complete!
2023-04-10 12:31:10,249 - INFO - evaluating now!
2023-04-10 12:31:10,267 - INFO - Epoch [36/100] train_loss: 4.0240, val_loss: 4.0201, lr: 0.000100, 0.06s
2023-04-10 12:31:10,273 - INFO - Saved model at 36
2023-04-10 12:31:10,274 - INFO - Val loss decrease from 4.0240 to 4.0201, saving to ./libcity/cache/6757/model_cache/RNN_Xiongan_epoch36.tar
2023-04-10 12:31:10,309 - INFO - epoch complete!
2023-04-10 12:31:10,310 - INFO - evaluating now!
2023-04-10 12:31:10,328 - INFO - Epoch [37/100] train_loss: 4.0201, val_loss: 4.0162, lr: 0.000100, 0.05s
2023-04-10 12:31:10,334 - INFO - Saved model at 37
2023-04-10 12:31:10,334 - INFO - Val loss decrease from 4.0201 to 4.0162, saving to ./libcity/cache/6757/model_cache/RNN_Xiongan_epoch37.tar
2023-04-10 12:31:10,371 - INFO - epoch complete!
2023-04-10 12:31:10,372 - INFO - evaluating now!
2023-04-10 12:31:10,389 - INFO - Epoch [38/100] train_loss: 4.0162, val_loss: 4.0124, lr: 0.000100, 0.05s
2023-04-10 12:31:10,396 - INFO - Saved model at 38
2023-04-10 12:31:10,396 - INFO - Val loss decrease from 4.0162 to 4.0124, saving to ./libcity/cache/6757/model_cache/RNN_Xiongan_epoch38.tar
2023-04-10 12:31:10,438 - INFO - epoch complete!
2023-04-10 12:31:10,439 - INFO - evaluating now!
2023-04-10 12:31:10,458 - INFO - Epoch [39/100] train_loss: 4.0124, val_loss: 4.0086, lr: 0.000010, 0.06s
2023-04-10 12:31:10,470 - INFO - Saved model at 39
2023-04-10 12:31:10,470 - INFO - Val loss decrease from 4.0124 to 4.0086, saving to ./libcity/cache/6757/model_cache/RNN_Xiongan_epoch39.tar
2023-04-10 12:31:10,508 - INFO - epoch complete!
2023-04-10 12:31:10,509 - INFO - evaluating now!
2023-04-10 12:31:10,528 - INFO - Epoch [40/100] train_loss: 4.0086, val_loss: 4.0082, lr: 0.000010, 0.06s
2023-04-10 12:31:10,535 - INFO - Saved model at 40
2023-04-10 12:31:10,535 - INFO - Val loss decrease from 4.0086 to 4.0082, saving to ./libcity/cache/6757/model_cache/RNN_Xiongan_epoch40.tar
2023-04-10 12:31:10,573 - INFO - epoch complete!
2023-04-10 12:31:10,574 - INFO - evaluating now!
2023-04-10 12:31:10,594 - INFO - Epoch [41/100] train_loss: 4.0082, val_loss: 4.0078, lr: 0.000010, 0.06s
2023-04-10 12:31:10,601 - INFO - Saved model at 41
2023-04-10 12:31:10,601 - INFO - Val loss decrease from 4.0082 to 4.0078, saving to ./libcity/cache/6757/model_cache/RNN_Xiongan_epoch41.tar
2023-04-10 12:31:10,640 - INFO - epoch complete!
2023-04-10 12:31:10,640 - INFO - evaluating now!
2023-04-10 12:31:10,659 - INFO - Epoch [42/100] train_loss: 4.0078, val_loss: 4.0073, lr: 0.000010, 0.06s
2023-04-10 12:31:10,665 - INFO - Saved model at 42
2023-04-10 12:31:10,665 - INFO - Val loss decrease from 4.0078 to 4.0073, saving to ./libcity/cache/6757/model_cache/RNN_Xiongan_epoch42.tar
2023-04-10 12:31:10,703 - INFO - epoch complete!
2023-04-10 12:31:10,703 - INFO - evaluating now!
2023-04-10 12:31:10,728 - INFO - Epoch [43/100] train_loss: 4.0073, val_loss: 4.0069, lr: 0.000010, 0.06s
2023-04-10 12:31:10,735 - INFO - Saved model at 43
2023-04-10 12:31:10,735 - INFO - Val loss decrease from 4.0073 to 4.0069, saving to ./libcity/cache/6757/model_cache/RNN_Xiongan_epoch43.tar
2023-04-10 12:31:10,771 - INFO - epoch complete!
2023-04-10 12:31:10,772 - INFO - evaluating now!
2023-04-10 12:31:10,794 - INFO - Epoch [44/100] train_loss: 4.0069, val_loss: 4.0065, lr: 0.000010, 0.06s
2023-04-10 12:31:10,801 - INFO - Saved model at 44
2023-04-10 12:31:10,801 - INFO - Val loss decrease from 4.0069 to 4.0065, saving to ./libcity/cache/6757/model_cache/RNN_Xiongan_epoch44.tar
2023-04-10 12:31:10,837 - INFO - epoch complete!
2023-04-10 12:31:10,837 - INFO - evaluating now!
2023-04-10 12:31:10,856 - INFO - Epoch [45/100] train_loss: 4.0065, val_loss: 4.0061, lr: 0.000010, 0.06s
2023-04-10 12:31:10,863 - INFO - Saved model at 45
2023-04-10 12:31:10,863 - INFO - Val loss decrease from 4.0065 to 4.0061, saving to ./libcity/cache/6757/model_cache/RNN_Xiongan_epoch45.tar
2023-04-10 12:31:10,900 - INFO - epoch complete!
2023-04-10 12:31:10,901 - INFO - evaluating now!
2023-04-10 12:31:10,919 - INFO - Epoch [46/100] train_loss: 4.0061, val_loss: 4.0057, lr: 0.000010, 0.06s
2023-04-10 12:31:10,925 - INFO - Saved model at 46
2023-04-10 12:31:10,926 - INFO - Val loss decrease from 4.0061 to 4.0057, saving to ./libcity/cache/6757/model_cache/RNN_Xiongan_epoch46.tar
2023-04-10 12:31:10,955 - INFO - epoch complete!
2023-04-10 12:31:10,956 - INFO - evaluating now!
2023-04-10 12:31:10,979 - INFO - Epoch [47/100] train_loss: 4.0057, val_loss: 4.0052, lr: 0.000010, 0.05s
2023-04-10 12:31:10,985 - INFO - Saved model at 47
2023-04-10 12:31:10,986 - INFO - Val loss decrease from 4.0057 to 4.0052, saving to ./libcity/cache/6757/model_cache/RNN_Xiongan_epoch47.tar
2023-04-10 12:31:11,023 - INFO - epoch complete!
2023-04-10 12:31:11,023 - INFO - evaluating now!
2023-04-10 12:31:11,045 - INFO - Epoch [48/100] train_loss: 4.0052, val_loss: 4.0048, lr: 0.000010, 0.06s
2023-04-10 12:31:11,052 - INFO - Saved model at 48
2023-04-10 12:31:11,052 - INFO - Val loss decrease from 4.0052 to 4.0048, saving to ./libcity/cache/6757/model_cache/RNN_Xiongan_epoch48.tar
2023-04-10 12:31:11,090 - INFO - epoch complete!
2023-04-10 12:31:11,091 - INFO - evaluating now!
2023-04-10 12:31:11,108 - INFO - Epoch [49/100] train_loss: 4.0048, val_loss: 4.0044, lr: 0.000010, 0.06s
2023-04-10 12:31:11,115 - INFO - Saved model at 49
2023-04-10 12:31:11,115 - INFO - Val loss decrease from 4.0048 to 4.0044, saving to ./libcity/cache/6757/model_cache/RNN_Xiongan_epoch49.tar
2023-04-10 12:31:11,154 - INFO - epoch complete!
2023-04-10 12:31:11,154 - INFO - evaluating now!
2023-04-10 12:31:11,174 - INFO - Epoch [50/100] train_loss: 4.0044, val_loss: 4.0040, lr: 0.000010, 0.06s
2023-04-10 12:31:11,180 - INFO - Saved model at 50
2023-04-10 12:31:11,180 - INFO - Val loss decrease from 4.0044 to 4.0040, saving to ./libcity/cache/6757/model_cache/RNN_Xiongan_epoch50.tar
2023-04-10 12:31:11,219 - INFO - epoch complete!
2023-04-10 12:31:11,220 - INFO - evaluating now!
2023-04-10 12:31:11,239 - INFO - Epoch [51/100] train_loss: 4.0040, val_loss: 4.0035, lr: 0.000010, 0.06s
2023-04-10 12:31:11,245 - INFO - Saved model at 51
2023-04-10 12:31:11,246 - INFO - Val loss decrease from 4.0040 to 4.0035, saving to ./libcity/cache/6757/model_cache/RNN_Xiongan_epoch51.tar
2023-04-10 12:31:11,280 - INFO - epoch complete!
2023-04-10 12:31:11,281 - INFO - evaluating now!
2023-04-10 12:31:11,301 - INFO - Epoch [52/100] train_loss: 4.0035, val_loss: 4.0031, lr: 0.000010, 0.05s
2023-04-10 12:31:11,307 - INFO - Saved model at 52
2023-04-10 12:31:11,307 - INFO - Val loss decrease from 4.0035 to 4.0031, saving to ./libcity/cache/6757/model_cache/RNN_Xiongan_epoch52.tar
2023-04-10 12:31:11,343 - INFO - epoch complete!
2023-04-10 12:31:11,344 - INFO - evaluating now!
2023-04-10 12:31:11,365 - INFO - Epoch [53/100] train_loss: 4.0031, val_loss: 4.0027, lr: 0.000010, 0.06s
2023-04-10 12:31:11,372 - INFO - Saved model at 53
2023-04-10 12:31:11,372 - INFO - Val loss decrease from 4.0031 to 4.0027, saving to ./libcity/cache/6757/model_cache/RNN_Xiongan_epoch53.tar
2023-04-10 12:31:11,410 - INFO - epoch complete!
2023-04-10 12:31:11,410 - INFO - evaluating now!
2023-04-10 12:31:11,428 - INFO - Epoch [54/100] train_loss: 4.0027, val_loss: 4.0023, lr: 0.000010, 0.06s
2023-04-10 12:31:11,435 - INFO - Saved model at 54
2023-04-10 12:31:11,435 - INFO - Val loss decrease from 4.0027 to 4.0023, saving to ./libcity/cache/6757/model_cache/RNN_Xiongan_epoch54.tar
2023-04-10 12:31:11,474 - INFO - epoch complete!
2023-04-10 12:31:11,474 - INFO - evaluating now!
2023-04-10 12:31:11,495 - INFO - Epoch [55/100] train_loss: 4.0023, val_loss: 4.0018, lr: 0.000010, 0.06s
2023-04-10 12:31:11,502 - INFO - Saved model at 55
2023-04-10 12:31:11,502 - INFO - Val loss decrease from 4.0023 to 4.0018, saving to ./libcity/cache/6757/model_cache/RNN_Xiongan_epoch55.tar
2023-04-10 12:31:11,536 - INFO - epoch complete!
2023-04-10 12:31:11,536 - INFO - evaluating now!
2023-04-10 12:31:11,560 - INFO - Epoch [56/100] train_loss: 4.0018, val_loss: 4.0014, lr: 0.000010, 0.06s
2023-04-10 12:31:11,567 - INFO - Saved model at 56
2023-04-10 12:31:11,567 - INFO - Val loss decrease from 4.0018 to 4.0014, saving to ./libcity/cache/6757/model_cache/RNN_Xiongan_epoch56.tar
2023-04-10 12:31:11,606 - INFO - epoch complete!
2023-04-10 12:31:11,607 - INFO - evaluating now!
2023-04-10 12:31:11,625 - INFO - Epoch [57/100] train_loss: 4.0014, val_loss: 4.0010, lr: 0.000010, 0.06s
2023-04-10 12:31:11,632 - INFO - Saved model at 57
2023-04-10 12:31:11,632 - INFO - Val loss decrease from 4.0014 to 4.0010, saving to ./libcity/cache/6757/model_cache/RNN_Xiongan_epoch57.tar
2023-04-10 12:31:11,670 - INFO - epoch complete!
2023-04-10 12:31:11,670 - INFO - evaluating now!
2023-04-10 12:31:11,689 - INFO - Epoch [58/100] train_loss: 4.0010, val_loss: 4.0005, lr: 0.000010, 0.06s
2023-04-10 12:31:11,695 - INFO - Saved model at 58
2023-04-10 12:31:11,696 - INFO - Val loss decrease from 4.0010 to 4.0005, saving to ./libcity/cache/6757/model_cache/RNN_Xiongan_epoch58.tar
2023-04-10 12:31:11,734 - INFO - epoch complete!
2023-04-10 12:31:11,734 - INFO - evaluating now!
2023-04-10 12:31:11,754 - INFO - Epoch [59/100] train_loss: 4.0005, val_loss: 4.0001, lr: 0.000010, 0.06s
2023-04-10 12:31:11,761 - INFO - Saved model at 59
2023-04-10 12:31:11,761 - INFO - Val loss decrease from 4.0005 to 4.0001, saving to ./libcity/cache/6757/model_cache/RNN_Xiongan_epoch59.tar
2023-04-10 12:31:11,799 - INFO - epoch complete!
2023-04-10 12:31:11,800 - INFO - evaluating now!
2023-04-10 12:31:11,822 - INFO - Epoch [60/100] train_loss: 4.0001, val_loss: 3.9997, lr: 0.000010, 0.06s
2023-04-10 12:31:11,828 - INFO - Saved model at 60
2023-04-10 12:31:11,828 - INFO - Val loss decrease from 4.0001 to 3.9997, saving to ./libcity/cache/6757/model_cache/RNN_Xiongan_epoch60.tar
2023-04-10 12:31:11,868 - INFO - epoch complete!
2023-04-10 12:31:11,869 - INFO - evaluating now!
2023-04-10 12:31:11,888 - INFO - Epoch [61/100] train_loss: 3.9997, val_loss: 3.9993, lr: 0.000010, 0.06s
2023-04-10 12:31:11,894 - INFO - Saved model at 61
2023-04-10 12:31:11,895 - INFO - Val loss decrease from 3.9997 to 3.9993, saving to ./libcity/cache/6757/model_cache/RNN_Xiongan_epoch61.tar
2023-04-10 12:31:11,932 - INFO - epoch complete!
2023-04-10 12:31:11,932 - INFO - evaluating now!
2023-04-10 12:31:11,953 - INFO - Epoch [62/100] train_loss: 3.9993, val_loss: 3.9988, lr: 0.000010, 0.06s
2023-04-10 12:31:11,960 - INFO - Saved model at 62
2023-04-10 12:31:11,960 - INFO - Val loss decrease from 3.9993 to 3.9988, saving to ./libcity/cache/6757/model_cache/RNN_Xiongan_epoch62.tar
2023-04-10 12:31:11,995 - INFO - epoch complete!
2023-04-10 12:31:11,995 - INFO - evaluating now!
2023-04-10 12:31:12,016 - INFO - Epoch [63/100] train_loss: 3.9988, val_loss: 3.9984, lr: 0.000010, 0.06s
2023-04-10 12:31:12,023 - INFO - Saved model at 63
2023-04-10 12:31:12,023 - INFO - Val loss decrease from 3.9988 to 3.9984, saving to ./libcity/cache/6757/model_cache/RNN_Xiongan_epoch63.tar
2023-04-10 12:31:12,064 - INFO - epoch complete!
2023-04-10 12:31:12,064 - INFO - evaluating now!
2023-04-10 12:31:12,088 - INFO - Epoch [64/100] train_loss: 3.9984, val_loss: 3.9980, lr: 0.000010, 0.06s
2023-04-10 12:31:12,094 - INFO - Saved model at 64
2023-04-10 12:31:12,095 - INFO - Val loss decrease from 3.9984 to 3.9980, saving to ./libcity/cache/6757/model_cache/RNN_Xiongan_epoch64.tar
2023-04-10 12:31:12,134 - INFO - epoch complete!
2023-04-10 12:31:12,135 - INFO - evaluating now!
2023-04-10 12:31:12,152 - INFO - Epoch [65/100] train_loss: 3.9980, val_loss: 3.9976, lr: 0.000010, 0.06s
2023-04-10 12:31:12,159 - INFO - Saved model at 65
2023-04-10 12:31:12,159 - INFO - Val loss decrease from 3.9980 to 3.9976, saving to ./libcity/cache/6757/model_cache/RNN_Xiongan_epoch65.tar
2023-04-10 12:31:12,197 - INFO - epoch complete!
2023-04-10 12:31:12,198 - INFO - evaluating now!
2023-04-10 12:31:12,216 - INFO - Epoch [66/100] train_loss: 3.9976, val_loss: 3.9971, lr: 0.000010, 0.06s
2023-04-10 12:31:12,223 - INFO - Saved model at 66
2023-04-10 12:31:12,223 - INFO - Val loss decrease from 3.9976 to 3.9971, saving to ./libcity/cache/6757/model_cache/RNN_Xiongan_epoch66.tar
2023-04-10 12:31:12,258 - INFO - epoch complete!
2023-04-10 12:31:12,259 - INFO - evaluating now!
2023-04-10 12:31:12,280 - INFO - Epoch [67/100] train_loss: 3.9971, val_loss: 3.9967, lr: 0.000010, 0.06s
2023-04-10 12:31:12,287 - INFO - Saved model at 67
2023-04-10 12:31:12,287 - INFO - Val loss decrease from 3.9971 to 3.9967, saving to ./libcity/cache/6757/model_cache/RNN_Xiongan_epoch67.tar
2023-04-10 12:31:12,329 - INFO - epoch complete!
2023-04-10 12:31:12,329 - INFO - evaluating now!
2023-04-10 12:31:12,347 - INFO - Epoch [68/100] train_loss: 3.9967, val_loss: 3.9963, lr: 0.000010, 0.06s
2023-04-10 12:31:12,353 - INFO - Saved model at 68
2023-04-10 12:31:12,353 - INFO - Val loss decrease from 3.9967 to 3.9963, saving to ./libcity/cache/6757/model_cache/RNN_Xiongan_epoch68.tar
2023-04-10 12:31:12,391 - INFO - epoch complete!
2023-04-10 12:31:12,391 - INFO - evaluating now!
2023-04-10 12:31:12,411 - INFO - Epoch [69/100] train_loss: 3.9963, val_loss: 3.9959, lr: 0.000001, 0.06s
2023-04-10 12:31:12,418 - INFO - Saved model at 69
2023-04-10 12:31:12,418 - INFO - Val loss decrease from 3.9963 to 3.9959, saving to ./libcity/cache/6757/model_cache/RNN_Xiongan_epoch69.tar
2023-04-10 12:31:12,454 - INFO - epoch complete!
2023-04-10 12:31:12,455 - INFO - evaluating now!
2023-04-10 12:31:12,481 - INFO - Epoch [70/100] train_loss: 3.9959, val_loss: 3.9958, lr: 0.000001, 0.06s
2023-04-10 12:31:12,489 - INFO - Saved model at 70
2023-04-10 12:31:12,489 - INFO - Val loss decrease from 3.9959 to 3.9958, saving to ./libcity/cache/6757/model_cache/RNN_Xiongan_epoch70.tar
2023-04-10 12:31:12,533 - INFO - epoch complete!
2023-04-10 12:31:12,533 - INFO - evaluating now!
2023-04-10 12:31:12,552 - INFO - Epoch [71/100] train_loss: 3.9958, val_loss: 3.9958, lr: 0.000001, 0.06s
2023-04-10 12:31:12,559 - INFO - Saved model at 71
2023-04-10 12:31:12,559 - INFO - Val loss decrease from 3.9958 to 3.9958, saving to ./libcity/cache/6757/model_cache/RNN_Xiongan_epoch71.tar
2023-04-10 12:31:12,599 - INFO - epoch complete!
2023-04-10 12:31:12,599 - INFO - evaluating now!
2023-04-10 12:31:12,622 - INFO - Epoch [72/100] train_loss: 3.9958, val_loss: 3.9957, lr: 0.000001, 0.06s
2023-04-10 12:31:12,629 - INFO - Saved model at 72
2023-04-10 12:31:12,629 - INFO - Val loss decrease from 3.9958 to 3.9957, saving to ./libcity/cache/6757/model_cache/RNN_Xiongan_epoch72.tar
2023-04-10 12:31:12,670 - INFO - epoch complete!
2023-04-10 12:31:12,670 - INFO - evaluating now!
2023-04-10 12:31:12,692 - INFO - Epoch [73/100] train_loss: 3.9957, val_loss: 3.9957, lr: 0.000001, 0.06s
2023-04-10 12:31:12,698 - INFO - Saved model at 73
2023-04-10 12:31:12,698 - INFO - Val loss decrease from 3.9957 to 3.9957, saving to ./libcity/cache/6757/model_cache/RNN_Xiongan_epoch73.tar
2023-04-10 12:31:12,738 - INFO - epoch complete!
2023-04-10 12:31:12,739 - INFO - evaluating now!
2023-04-10 12:31:12,759 - INFO - Epoch [74/100] train_loss: 3.9957, val_loss: 3.9957, lr: 0.000001, 0.06s
2023-04-10 12:31:12,766 - INFO - Saved model at 74
2023-04-10 12:31:12,767 - INFO - Val loss decrease from 3.9957 to 3.9957, saving to ./libcity/cache/6757/model_cache/RNN_Xiongan_epoch74.tar
2023-04-10 12:31:12,806 - INFO - epoch complete!
2023-04-10 12:31:12,807 - INFO - evaluating now!
2023-04-10 12:31:12,827 - INFO - Epoch [75/100] train_loss: 3.9957, val_loss: 3.9956, lr: 0.000001, 0.06s
2023-04-10 12:31:12,834 - INFO - Saved model at 75
2023-04-10 12:31:12,834 - INFO - Val loss decrease from 3.9957 to 3.9956, saving to ./libcity/cache/6757/model_cache/RNN_Xiongan_epoch75.tar
2023-04-10 12:31:12,869 - INFO - epoch complete!
2023-04-10 12:31:12,869 - INFO - evaluating now!
2023-04-10 12:31:12,889 - INFO - Epoch [76/100] train_loss: 3.9956, val_loss: 3.9956, lr: 0.000001, 0.05s
2023-04-10 12:31:12,895 - INFO - Saved model at 76
2023-04-10 12:31:12,896 - INFO - Val loss decrease from 3.9956 to 3.9956, saving to ./libcity/cache/6757/model_cache/RNN_Xiongan_epoch76.tar
2023-04-10 12:31:12,936 - INFO - epoch complete!
2023-04-10 12:31:12,937 - INFO - evaluating now!
2023-04-10 12:31:12,958 - INFO - Epoch [77/100] train_loss: 3.9956, val_loss: 3.9955, lr: 0.000001, 0.06s
2023-04-10 12:31:12,964 - INFO - Saved model at 77
2023-04-10 12:31:12,964 - INFO - Val loss decrease from 3.9956 to 3.9955, saving to ./libcity/cache/6757/model_cache/RNN_Xiongan_epoch77.tar
2023-04-10 12:31:13,005 - INFO - epoch complete!
2023-04-10 12:31:13,005 - INFO - evaluating now!
2023-04-10 12:31:13,025 - INFO - Epoch [78/100] train_loss: 3.9955, val_loss: 3.9955, lr: 0.000001, 0.06s
2023-04-10 12:31:13,032 - INFO - Saved model at 78
2023-04-10 12:31:13,032 - INFO - Val loss decrease from 3.9955 to 3.9955, saving to ./libcity/cache/6757/model_cache/RNN_Xiongan_epoch78.tar
2023-04-10 12:31:13,070 - INFO - epoch complete!
2023-04-10 12:31:13,071 - INFO - evaluating now!
2023-04-10 12:31:13,093 - INFO - Epoch [79/100] train_loss: 3.9955, val_loss: 3.9954, lr: 0.000001, 0.06s
2023-04-10 12:31:13,101 - INFO - Saved model at 79
2023-04-10 12:31:13,101 - INFO - Val loss decrease from 3.9955 to 3.9954, saving to ./libcity/cache/6757/model_cache/RNN_Xiongan_epoch79.tar
2023-04-10 12:31:13,144 - INFO - epoch complete!
2023-04-10 12:31:13,144 - INFO - evaluating now!
2023-04-10 12:31:13,171 - INFO - Epoch [80/100] train_loss: 3.9954, val_loss: 3.9954, lr: 0.000001, 0.07s
2023-04-10 12:31:13,178 - INFO - Saved model at 80
2023-04-10 12:31:13,178 - INFO - Val loss decrease from 3.9954 to 3.9954, saving to ./libcity/cache/6757/model_cache/RNN_Xiongan_epoch80.tar
2023-04-10 12:31:13,219 - INFO - epoch complete!
2023-04-10 12:31:13,219 - INFO - evaluating now!
2023-04-10 12:31:13,243 - INFO - Epoch [81/100] train_loss: 3.9954, val_loss: 3.9953, lr: 0.000001, 0.06s
2023-04-10 12:31:13,252 - INFO - Saved model at 81
2023-04-10 12:31:13,252 - INFO - Val loss decrease from 3.9954 to 3.9953, saving to ./libcity/cache/6757/model_cache/RNN_Xiongan_epoch81.tar
2023-04-10 12:31:13,296 - INFO - epoch complete!
2023-04-10 12:31:13,296 - INFO - evaluating now!
2023-04-10 12:31:13,317 - INFO - Epoch [82/100] train_loss: 3.9953, val_loss: 3.9953, lr: 0.000001, 0.06s
2023-04-10 12:31:13,325 - INFO - Saved model at 82
2023-04-10 12:31:13,326 - INFO - Val loss decrease from 3.9953 to 3.9953, saving to ./libcity/cache/6757/model_cache/RNN_Xiongan_epoch82.tar
2023-04-10 12:31:13,365 - INFO - epoch complete!
2023-04-10 12:31:13,365 - INFO - evaluating now!
2023-04-10 12:31:13,385 - INFO - Epoch [83/100] train_loss: 3.9953, val_loss: 3.9953, lr: 0.000001, 0.06s
2023-04-10 12:31:13,391 - INFO - Saved model at 83
2023-04-10 12:31:13,391 - INFO - Val loss decrease from 3.9953 to 3.9953, saving to ./libcity/cache/6757/model_cache/RNN_Xiongan_epoch83.tar
2023-04-10 12:31:13,427 - INFO - epoch complete!
2023-04-10 12:31:13,428 - INFO - evaluating now!
2023-04-10 12:31:13,448 - INFO - Epoch [84/100] train_loss: 3.9953, val_loss: 3.9952, lr: 0.000001, 0.06s
2023-04-10 12:31:13,454 - INFO - Saved model at 84
2023-04-10 12:31:13,455 - INFO - Val loss decrease from 3.9953 to 3.9952, saving to ./libcity/cache/6757/model_cache/RNN_Xiongan_epoch84.tar
2023-04-10 12:31:13,495 - INFO - epoch complete!
2023-04-10 12:31:13,496 - INFO - evaluating now!
2023-04-10 12:31:13,514 - INFO - Epoch [85/100] train_loss: 3.9952, val_loss: 3.9952, lr: 0.000001, 0.06s
2023-04-10 12:31:13,521 - INFO - Saved model at 85
2023-04-10 12:31:13,521 - INFO - Val loss decrease from 3.9952 to 3.9952, saving to ./libcity/cache/6757/model_cache/RNN_Xiongan_epoch85.tar
2023-04-10 12:31:13,558 - INFO - epoch complete!
2023-04-10 12:31:13,559 - INFO - evaluating now!
2023-04-10 12:31:13,583 - INFO - Epoch [86/100] train_loss: 3.9952, val_loss: 3.9951, lr: 0.000001, 0.06s
2023-04-10 12:31:13,590 - INFO - Saved model at 86
2023-04-10 12:31:13,590 - INFO - Val loss decrease from 3.9952 to 3.9951, saving to ./libcity/cache/6757/model_cache/RNN_Xiongan_epoch86.tar
2023-04-10 12:31:13,631 - INFO - epoch complete!
2023-04-10 12:31:13,632 - INFO - evaluating now!
2023-04-10 12:31:13,654 - INFO - Epoch [87/100] train_loss: 3.9951, val_loss: 3.9951, lr: 0.000001, 0.06s
2023-04-10 12:31:13,663 - INFO - Saved model at 87
2023-04-10 12:31:13,663 - INFO - Val loss decrease from 3.9951 to 3.9951, saving to ./libcity/cache/6757/model_cache/RNN_Xiongan_epoch87.tar
2023-04-10 12:31:13,702 - INFO - epoch complete!
2023-04-10 12:31:13,702 - INFO - evaluating now!
2023-04-10 12:31:13,722 - INFO - Epoch [88/100] train_loss: 3.9951, val_loss: 3.9950, lr: 0.000001, 0.06s
2023-04-10 12:31:13,728 - INFO - Saved model at 88
2023-04-10 12:31:13,728 - INFO - Val loss decrease from 3.9951 to 3.9950, saving to ./libcity/cache/6757/model_cache/RNN_Xiongan_epoch88.tar
2023-04-10 12:31:13,766 - INFO - epoch complete!
2023-04-10 12:31:13,766 - INFO - evaluating now!
2023-04-10 12:31:13,785 - INFO - Epoch [89/100] train_loss: 3.9950, val_loss: 3.9950, lr: 0.000001, 0.06s
2023-04-10 12:31:13,792 - INFO - Saved model at 89
2023-04-10 12:31:13,792 - INFO - Val loss decrease from 3.9950 to 3.9950, saving to ./libcity/cache/6757/model_cache/RNN_Xiongan_epoch89.tar
2023-04-10 12:31:13,827 - INFO - epoch complete!
2023-04-10 12:31:13,828 - INFO - evaluating now!
2023-04-10 12:31:13,846 - INFO - Epoch [90/100] train_loss: 3.9950, val_loss: 3.9949, lr: 0.000001, 0.05s
2023-04-10 12:31:13,852 - INFO - Saved model at 90
2023-04-10 12:31:13,852 - INFO - Val loss decrease from 3.9950 to 3.9949, saving to ./libcity/cache/6757/model_cache/RNN_Xiongan_epoch90.tar
2023-04-10 12:31:13,888 - INFO - epoch complete!
2023-04-10 12:31:13,889 - INFO - evaluating now!
2023-04-10 12:31:13,906 - INFO - Epoch [91/100] train_loss: 3.9949, val_loss: 3.9949, lr: 0.000001, 0.05s
2023-04-10 12:31:13,913 - INFO - Saved model at 91
2023-04-10 12:31:13,913 - INFO - Val loss decrease from 3.9949 to 3.9949, saving to ./libcity/cache/6757/model_cache/RNN_Xiongan_epoch91.tar
2023-04-10 12:31:13,951 - INFO - epoch complete!
2023-04-10 12:31:13,951 - INFO - evaluating now!
2023-04-10 12:31:13,970 - INFO - Epoch [92/100] train_loss: 3.9949, val_loss: 3.9949, lr: 0.000001, 0.06s
2023-04-10 12:31:13,977 - INFO - Saved model at 92
2023-04-10 12:31:13,978 - INFO - Val loss decrease from 3.9949 to 3.9949, saving to ./libcity/cache/6757/model_cache/RNN_Xiongan_epoch92.tar
2023-04-10 12:31:14,013 - INFO - epoch complete!
2023-04-10 12:31:14,014 - INFO - evaluating now!
2023-04-10 12:31:14,035 - INFO - Epoch [93/100] train_loss: 3.9949, val_loss: 3.9948, lr: 0.000001, 0.06s
2023-04-10 12:31:14,041 - INFO - Saved model at 93
2023-04-10 12:31:14,041 - INFO - Val loss decrease from 3.9949 to 3.9948, saving to ./libcity/cache/6757/model_cache/RNN_Xiongan_epoch93.tar
2023-04-10 12:31:14,075 - INFO - epoch complete!
2023-04-10 12:31:14,075 - INFO - evaluating now!
2023-04-10 12:31:14,095 - INFO - Epoch [94/100] train_loss: 3.9948, val_loss: 3.9948, lr: 0.000001, 0.05s
2023-04-10 12:31:14,101 - INFO - Saved model at 94
2023-04-10 12:31:14,101 - INFO - Val loss decrease from 3.9948 to 3.9948, saving to ./libcity/cache/6757/model_cache/RNN_Xiongan_epoch94.tar
2023-04-10 12:31:14,133 - INFO - epoch complete!
2023-04-10 12:31:14,134 - INFO - evaluating now!
2023-04-10 12:31:14,153 - INFO - Epoch [95/100] train_loss: 3.9948, val_loss: 3.9947, lr: 0.000001, 0.05s
2023-04-10 12:31:14,159 - INFO - Saved model at 95
2023-04-10 12:31:14,159 - INFO - Val loss decrease from 3.9948 to 3.9947, saving to ./libcity/cache/6757/model_cache/RNN_Xiongan_epoch95.tar
2023-04-10 12:31:14,194 - INFO - epoch complete!
2023-04-10 12:31:14,194 - INFO - evaluating now!
2023-04-10 12:31:14,212 - INFO - Epoch [96/100] train_loss: 3.9947, val_loss: 3.9947, lr: 0.000001, 0.05s
2023-04-10 12:31:14,219 - INFO - Saved model at 96
2023-04-10 12:31:14,219 - INFO - Val loss decrease from 3.9947 to 3.9947, saving to ./libcity/cache/6757/model_cache/RNN_Xiongan_epoch96.tar
2023-04-10 12:31:14,258 - INFO - epoch complete!
2023-04-10 12:31:14,259 - INFO - evaluating now!
2023-04-10 12:31:14,277 - INFO - Epoch [97/100] train_loss: 3.9947, val_loss: 3.9946, lr: 0.000001, 0.06s
2023-04-10 12:31:14,284 - INFO - Saved model at 97
2023-04-10 12:31:14,284 - INFO - Val loss decrease from 3.9947 to 3.9946, saving to ./libcity/cache/6757/model_cache/RNN_Xiongan_epoch97.tar
2023-04-10 12:31:14,319 - INFO - epoch complete!
2023-04-10 12:31:14,319 - INFO - evaluating now!
2023-04-10 12:31:14,338 - INFO - Epoch [98/100] train_loss: 3.9946, val_loss: 3.9946, lr: 0.000001, 0.05s
2023-04-10 12:31:14,345 - INFO - Saved model at 98
2023-04-10 12:31:14,345 - INFO - Val loss decrease from 3.9946 to 3.9946, saving to ./libcity/cache/6757/model_cache/RNN_Xiongan_epoch98.tar
2023-04-10 12:31:14,387 - INFO - epoch complete!
2023-04-10 12:31:14,387 - INFO - evaluating now!
2023-04-10 12:31:14,405 - INFO - Epoch [99/100] train_loss: 3.9946, val_loss: 3.9945, lr: 0.000001, 0.06s
2023-04-10 12:31:14,411 - INFO - Saved model at 99
2023-04-10 12:31:14,412 - INFO - Val loss decrease from 3.9946 to 3.9945, saving to ./libcity/cache/6757/model_cache/RNN_Xiongan_epoch99.tar
2023-04-10 12:31:14,412 - INFO - Trained totally 100 epochs, average train time is 0.038s, average eval time is 0.020s
2023-04-10 12:31:14,422 - INFO - Loaded model at 99
2023-04-10 12:31:14,422 - INFO - Saved model at ./libcity/cache/6757/model_cache/GRU_Xiongan.m
2023-04-10 12:31:14,428 - INFO - Start evaluating ...
2023-04-10 12:31:14,564 - INFO - Note that you select the single mode to evaluate!
2023-04-10 12:31:14,573 - INFO - Evaluate result is saved at ./libcity/cache/6757/evaluate_cache/2023_04_10_12_31_14_RNN_Xiongan.csv
2023-04-10 12:31:14,589 - INFO - 
         MAE      MAPE        MSE      RMSE  masked_MAE  masked_MAPE  masked_MSE  masked_RMSE        R2      EVAR
1   2.230092  0.037297  12.287292  3.505323    2.230092     0.037297   12.287292     3.505323  0.595770  0.597192
2   3.327570  0.055684  20.382071  4.514651    3.327570     0.055684   20.382071     4.514651  0.376309  0.377915
3   4.012453  0.069001  27.131676  5.208807    4.012453     0.069001   27.131676     5.208807  0.203201  0.211143
4   4.116233  0.069286  26.667940  5.164101    4.116233     0.069286   26.667940     5.164101  0.198810  0.198841
5   4.295671  0.071587  28.265242  5.316506    4.295671     0.071587   28.265242     5.316506  0.111318  0.116584
6   4.129789  0.069615  27.351294  5.229846    4.129789     0.069615   27.351294     5.229846  0.175677  0.175972
7   4.291564  0.073067  28.898844  5.375764    4.291564     0.073067   28.898844     5.375764  0.091295  0.092710
8   4.445208  0.075385  30.204252  5.495840    4.445208     0.075385   30.204252     5.495840  0.113896  0.114328
9   4.330501  0.073312  29.236362  5.407066    4.330501     0.073312   29.236362     5.407066  0.129026  0.129027
10  4.431842  0.074059  31.557770  5.617630    4.431842     0.074059   31.557770     5.617630  0.076622  0.078483
11  4.453346  0.075815  32.266026  5.680319    4.453346     0.075815   32.266026     5.680319  0.036820  0.038135
12  3.870319  0.065340  24.401165  4.939754    3.870319     0.065340   24.401165     4.939754  0.250687  0.251341
