2023-04-10 15:53:57,017 - INFO - Log directory: ./libcity/log
2023-04-10 15:53:57,616 - INFO - Loaded file Xiongan.geo, num_nodes=487
2023-04-10 15:53:57,618 - INFO - set_weight_link_or_dist: dist
2023-04-10 15:53:57,618 - INFO - init_weight_inf_or_zero: inf
2023-04-10 15:53:57,622 - INFO - Loaded file Xiongan.rel, shape=(487, 487)
2023-04-10 15:53:57,622 - INFO - Start Calculate the weight by Gauss kernel!
2023-04-10 15:53:57,625 - INFO - Loading ./libcity/cache/dataset_cache/point_based_Xiongan_12_12_0.7_0.1_standard_64_True_True_False_True.npz
2023-04-10 15:53:57,665 - INFO - train	x: (26, 12, 487, 2), y: (26, 12, 487, 2)
2023-04-10 15:53:57,665 - INFO - eval	x: (4, 12, 487, 2), y: (4, 12, 487, 2)
2023-04-10 15:53:57,665 - INFO - test	x: (7, 12, 487, 2), y: (7, 12, 487, 2)
2023-04-10 15:53:57,666 - INFO - StandardScaler mean: 59.92392878005366, std: 5.807862904711059
2023-04-10 15:53:57,666 - INFO - NoneScaler
2023-04-10 15:53:58,066 - INFO - You select rnn_type GRU in RNN!
2023-04-10 15:54:01,588 - INFO - RNN(
  (rnn): GRU(974, 64)
  (fc): Linear(in_features=64, out_features=487, bias=True)
)
2023-04-10 15:54:01,588 - INFO - rnn.weight_ih_l0	torch.Size([192, 974])	cuda:0	True
2023-04-10 15:54:01,588 - INFO - rnn.weight_hh_l0	torch.Size([192, 64])	cuda:0	True
2023-04-10 15:54:01,588 - INFO - rnn.bias_ih_l0	torch.Size([192])	cuda:0	True
2023-04-10 15:54:01,588 - INFO - rnn.bias_hh_l0	torch.Size([192])	cuda:0	True
2023-04-10 15:54:01,588 - INFO - fc.weight	torch.Size([487, 64])	cuda:0	True
2023-04-10 15:54:01,588 - INFO - fc.bias	torch.Size([487])	cuda:0	True
2023-04-10 15:54:01,589 - INFO - Total parameter numbers: 231335
2023-04-10 15:54:01,589 - INFO - You select `adam` optimizer.
2023-04-10 15:54:01,589 - INFO - You select `multisteplr` lr_scheduler.
2023-04-10 15:54:01,589 - WARNING - Received none train loss func and will use the loss func defined in the model.
2023-04-10 15:54:01,590 - INFO - Loaded model at ./libcity/cache/50001/model_cache/GRU_Xiongan.m
