2023-04-14 11:29:35,043 - INFO - Log directory: ./libcity/log
2023-04-14 11:29:35,589 - INFO - Loaded file Xiongan.geo, num_nodes=487
2023-04-14 11:29:35,592 - INFO - set_weight_link_or_dist: dist
2023-04-14 11:29:35,592 - INFO - init_weight_inf_or_zero: inf
2023-04-14 11:29:35,596 - INFO - Loaded file Xiongan.rel, shape=(487, 487)
2023-04-14 11:29:35,596 - INFO - Start Calculate the weight by Gauss kernel!
2023-04-14 11:29:35,599 - INFO - Loading ./libcity/cache/dataset_cache/point_based_Xiongan_12_12_0.7_0.1_standard_64_True_True_False_True.npz
2023-04-14 11:29:35,639 - INFO - train	x: (26, 12, 487, 2), y: (26, 12, 487, 2)
2023-04-14 11:29:35,639 - INFO - eval	x: (4, 12, 487, 2), y: (4, 12, 487, 2)
2023-04-14 11:29:35,639 - INFO - test	x: (7, 12, 487, 2), y: (7, 12, 487, 2)
2023-04-14 11:29:35,639 - INFO - StandardScaler mean: 59.92392878005366, std: 5.807862904711059
2023-04-14 11:29:35,639 - INFO - NoneScaler
2023-04-14 11:29:36,038 - INFO - You select rnn_type GRU in RNN!
2023-04-14 11:29:39,353 - INFO - RNN(
  (rnn): GRU(974, 64)
  (fc): Linear(in_features=64, out_features=487, bias=True)
)
2023-04-14 11:29:39,354 - INFO - rnn.weight_ih_l0	torch.Size([192, 974])	cuda:0	True
2023-04-14 11:29:39,354 - INFO - rnn.weight_hh_l0	torch.Size([192, 64])	cuda:0	True
2023-04-14 11:29:39,354 - INFO - rnn.bias_ih_l0	torch.Size([192])	cuda:0	True
2023-04-14 11:29:39,354 - INFO - rnn.bias_hh_l0	torch.Size([192])	cuda:0	True
2023-04-14 11:29:39,354 - INFO - fc.weight	torch.Size([487, 64])	cuda:0	True
2023-04-14 11:29:39,355 - INFO - fc.bias	torch.Size([487])	cuda:0	True
2023-04-14 11:29:39,355 - INFO - Total parameter numbers: 231335
2023-04-14 11:29:39,355 - INFO - You select `adam` optimizer.
2023-04-14 11:29:39,355 - INFO - You select `multisteplr` lr_scheduler.
2023-04-14 11:29:39,356 - WARNING - Received none train loss func and will use the loss func defined in the model.
2023-04-14 11:29:39,356 - INFO - Loaded model at ./libcity/cache/50001/model_cache/GRU_Xiongan.m
2023-04-14 11:29:39,366 - INFO - Start evaluating ...
2023-04-14 11:29:39,509 - INFO - Note that you select the single mode to evaluate!
2023-04-14 11:29:39,515 - INFO - Evaluate result is saved at ./libcity/cache/50001/evaluate_cache/2023_04_14_11_29_39_RNN_Xiongan.csv
2023-04-14 11:29:39,530 - INFO - 
         MAE      MAPE        MSE      RMSE  masked_MAE  masked_MAPE  masked_MSE  masked_RMSE        R2      EVAR
1   2.229697  0.037292  12.286907  3.505269    2.229697     0.037292   12.286907     3.505269  0.595783  0.597192
2   3.328123  0.055695  20.387878  4.515294    3.328123     0.055695   20.387878     4.515294  0.376132  0.377738
3   4.012465  0.069000  27.124794  5.208147    4.012465     0.069000   27.124794     5.208147  0.203403  0.211336
4   4.116612  0.069292  26.674088  5.164696    4.116612     0.069292   26.674088     5.164696  0.198626  0.198655
5   4.293787  0.071557  28.251209  5.315187    4.293787     0.071557   28.251209     5.315187  0.111760  0.117019
6   4.129188  0.069604  27.347466  5.229480    4.129188     0.069604   27.347466     5.229480  0.175792  0.176086
7   4.291301  0.073062  28.897448  5.375635    4.291301     0.073062   28.897448     5.375635  0.091339  0.092750
8   4.445604  0.075391  30.205399  5.495944    4.445604     0.075391   30.205399     5.495944  0.113862  0.114292
9   4.330382  0.073310  29.235285  5.406966    4.330382     0.073310   29.235285     5.406966  0.129058  0.129059
10  4.432410  0.074066  31.566448  5.618402    4.432410     0.074066   31.566448     5.618402  0.076368  0.078236
11  4.452816  0.075806  32.270695  5.680730    4.452816     0.075806   32.270695     5.680730  0.036680  0.037989
12  3.869789  0.065331  24.398218  4.939455    3.869789     0.065331   24.398218     4.939455  0.250778  0.251435
