2023-04-10 16:59:43,278 - INFO - Log directory: ./libcity/log
2023-04-10 16:59:43,825 - INFO - Loaded file Xiongan.geo, num_nodes=487
2023-04-10 16:59:43,828 - INFO - set_weight_link_or_dist: dist
2023-04-10 16:59:43,828 - INFO - init_weight_inf_or_zero: inf
2023-04-10 16:59:43,834 - INFO - Loaded file Xiongan.rel, shape=(487, 487)
2023-04-10 16:59:43,834 - INFO - Start Calculate the weight by Gauss kernel!
2023-04-10 16:59:43,837 - INFO - Loading ./libcity/cache/dataset_cache/point_based_Xiongan_12_12_0.7_0.1_standard_64_True_True_False_True.npz
2023-04-10 16:59:43,876 - INFO - train	x: (26, 12, 487, 2), y: (26, 12, 487, 2)
2023-04-10 16:59:43,877 - INFO - eval	x: (4, 12, 487, 2), y: (4, 12, 487, 2)
2023-04-10 16:59:43,877 - INFO - test	x: (7, 12, 487, 2), y: (7, 12, 487, 2)
2023-04-10 16:59:43,877 - INFO - StandardScaler mean: 59.92392878005366, std: 5.807862904711059
2023-04-10 16:59:43,877 - INFO - NoneScaler
2023-04-10 16:59:44,287 - INFO - You select rnn_type GRU in RNN!
2023-04-10 16:59:47,602 - INFO - RNN(
  (rnn): GRU(974, 64)
  (fc): Linear(in_features=64, out_features=487, bias=True)
)
2023-04-10 16:59:47,603 - INFO - rnn.weight_ih_l0	torch.Size([192, 974])	cuda:0	True
2023-04-10 16:59:47,603 - INFO - rnn.weight_hh_l0	torch.Size([192, 64])	cuda:0	True
2023-04-10 16:59:47,603 - INFO - rnn.bias_ih_l0	torch.Size([192])	cuda:0	True
2023-04-10 16:59:47,603 - INFO - rnn.bias_hh_l0	torch.Size([192])	cuda:0	True
2023-04-10 16:59:47,603 - INFO - fc.weight	torch.Size([487, 64])	cuda:0	True
2023-04-10 16:59:47,603 - INFO - fc.bias	torch.Size([487])	cuda:0	True
2023-04-10 16:59:47,604 - INFO - Total parameter numbers: 231335
2023-04-10 16:59:47,604 - INFO - You select `adam` optimizer.
2023-04-10 16:59:47,604 - INFO - You select `multisteplr` lr_scheduler.
2023-04-10 16:59:47,605 - WARNING - Received none train loss func and will use the loss func defined in the model.
2023-04-10 16:59:47,605 - INFO - Loaded model at ./libcity/cache/50001/model_cache/GRU_Xiongan.m
2023-04-10 16:59:47,615 - INFO - Start evaluating ...
2023-04-10 16:59:47,762 - INFO - Note that you select the single mode to evaluate!
2023-04-10 16:59:47,771 - INFO - Evaluate result is saved at ./libcity/cache/50001/evaluate_cache/2023_04_10_16_59_47_RNN_Xiongan.csv
2023-04-10 16:59:47,787 - INFO - 
         MAE      MAPE        MSE      RMSE  masked_MAE  masked_MAPE  masked_MSE  masked_RMSE        R2      EVAR
1   2.230092  0.037297  12.287292  3.505323    2.230092     0.037297   12.287292     3.505323  0.595770  0.597192
2   3.327570  0.055684  20.382071  4.514651    3.327570     0.055684   20.382071     4.514651  0.376309  0.377915
3   4.012453  0.069001  27.131676  5.208807    4.012453     0.069001   27.131676     5.208807  0.203201  0.211143
4   4.116233  0.069286  26.667940  5.164101    4.116233     0.069286   26.667940     5.164101  0.198810  0.198841
5   4.295671  0.071587  28.265242  5.316506    4.295671     0.071587   28.265242     5.316506  0.111318  0.116584
6   4.129789  0.069615  27.351294  5.229846    4.129789     0.069615   27.351294     5.229846  0.175677  0.175972
7   4.291564  0.073067  28.898844  5.375764    4.291564     0.073067   28.898844     5.375764  0.091295  0.092710
8   4.445208  0.075385  30.204252  5.495840    4.445208     0.075385   30.204252     5.495840  0.113896  0.114328
9   4.330501  0.073312  29.236362  5.407066    4.330501     0.073312   29.236362     5.407066  0.129026  0.129027
10  4.431842  0.074059  31.557770  5.617630    4.431842     0.074059   31.557770     5.617630  0.076622  0.078483
11  4.453346  0.075815  32.266026  5.680319    4.453346     0.075815   32.266026     5.680319  0.036820  0.038135
12  3.870319  0.065340  24.401165  4.939754    3.870319     0.065340   24.401165     4.939754  0.250687  0.251341
