2023-04-20 20:41:56,654 - INFO - Log directory: ./libcity/log
2023-04-20 20:41:57,152 - INFO - Loaded file Xiongan.geo, num_nodes=487
2023-04-20 20:41:57,154 - INFO - set_weight_link_or_dist: dist
2023-04-20 20:41:57,154 - INFO - init_weight_inf_or_zero: inf
2023-04-20 20:41:57,157 - INFO - Loaded file Xiongan.rel, shape=(487, 487)
2023-04-20 20:41:57,157 - INFO - Start Calculate the weight by Gauss kernel!
2023-04-20 20:41:57,160 - INFO - Loading ./libcity/cache/dataset_cache/point_based_Xiongan_12_12_0.7_0.1_standard_64_True_True_False_True.npz
2023-04-20 20:41:57,198 - INFO - train	x: (26, 12, 487, 2), y: (26, 12, 487, 2)
2023-04-20 20:41:57,198 - INFO - eval	x: (4, 12, 487, 2), y: (4, 12, 487, 2)
2023-04-20 20:41:57,198 - INFO - test	x: (7, 12, 487, 2), y: (7, 12, 487, 2)
2023-04-20 20:41:57,199 - INFO - StandardScaler mean: 59.92392878005366, std: 5.807862904711059
2023-04-20 20:41:57,199 - INFO - NoneScaler
2023-04-20 20:41:57,569 - INFO - You select rnn_type GRU in RNN!
2023-04-20 20:42:00,352 - INFO - RNN(
  (rnn): GRU(974, 64)
  (fc): Linear(in_features=64, out_features=487, bias=True)
)
2023-04-20 20:42:00,353 - INFO - rnn.weight_ih_l0	torch.Size([192, 974])	cuda:0	True
2023-04-20 20:42:00,353 - INFO - rnn.weight_hh_l0	torch.Size([192, 64])	cuda:0	True
2023-04-20 20:42:00,353 - INFO - rnn.bias_ih_l0	torch.Size([192])	cuda:0	True
2023-04-20 20:42:00,353 - INFO - rnn.bias_hh_l0	torch.Size([192])	cuda:0	True
2023-04-20 20:42:00,353 - INFO - fc.weight	torch.Size([487, 64])	cuda:0	True
2023-04-20 20:42:00,353 - INFO - fc.bias	torch.Size([487])	cuda:0	True
2023-04-20 20:42:00,353 - INFO - Total parameter numbers: 231335
2023-04-20 20:42:00,353 - INFO - You select `adam` optimizer.
2023-04-20 20:42:00,353 - INFO - You select `multisteplr` lr_scheduler.
2023-04-20 20:42:00,354 - WARNING - Received none train loss func and will use the loss func defined in the model.
2023-04-20 20:42:00,354 - INFO - Loaded model at ./libcity/cache/50001/model_cache/GRU_Xiongan.m
2023-04-20 20:42:00,360 - INFO - Start evaluating ...
2023-04-20 20:42:00,500 - INFO - Note that you select the single mode to evaluate!
2023-04-20 20:42:00,504 - INFO - Evaluate result is saved at ./libcity/cache/50001/evaluate_cache/2023_04_20_20_42_00_RNN_Xiongan.csv
2023-04-20 20:42:00,515 - INFO - 
         MAE      MAPE        MSE      RMSE  masked_MAE  masked_MAPE  masked_MSE  masked_RMSE        R2      EVAR
1   2.250877  0.037646  12.368327  3.516863    2.250877     0.037646   12.368327     3.516863  0.593104  0.594518
2   3.344364  0.055967  20.481571  4.525657    3.344364     0.055967   20.481571     4.525657  0.373265  0.374893
3   4.026151  0.069235  27.211924  5.216505    4.026151     0.069235   27.211924     5.216505  0.200844  0.208782
4   4.127776  0.069482  26.736513  5.170736    4.127776     0.069482   26.736513     5.170736  0.196750  0.196779
5   4.303192  0.071718  28.311281  5.320835    4.303192     0.071718   28.311281     5.320835  0.109871  0.115089
6   4.137738  0.069749  27.397114  5.234225    4.137738     0.069749   27.397114     5.234225  0.174296  0.174589
7   4.298231  0.073178  28.926432  5.378330    4.298231     0.073178   28.926432     5.378330  0.090428  0.091841
8   4.452752  0.075512  30.249722  5.499975    4.452752     0.075512   30.249722     5.499975  0.112562  0.112993
9   4.334168  0.073377  29.228312  5.406322    4.334168     0.073377   29.228312     5.406322  0.129265  0.129267
10  4.437537  0.074155  31.575331  5.619193    4.437537     0.074155   31.575331     5.619193  0.076108  0.077953
11  4.457962  0.075895  32.281181  5.681653    4.457962     0.075895   32.281181     5.681653  0.036367  0.037706
12  3.879189  0.065490  24.455545  4.945255    3.879189     0.065490   24.455545     4.945255  0.249017  0.249651
