2023-04-14 10:56:31,174 - INFO - Log directory: ./libcity/log
2023-04-14 10:56:31,698 - INFO - Loaded file Xiongan.geo, num_nodes=487
2023-04-14 10:56:31,700 - INFO - set_weight_link_or_dist: dist
2023-04-14 10:56:31,700 - INFO - init_weight_inf_or_zero: inf
2023-04-14 10:56:31,704 - INFO - Loaded file Xiongan.rel, shape=(487, 487)
2023-04-14 10:56:31,704 - INFO - Start Calculate the weight by Gauss kernel!
2023-04-14 10:56:31,706 - INFO - Loading ./libcity/cache/dataset_cache/point_based_Xiongan_12_12_0.7_0.1_standard_64_True_True_False_True.npz
2023-04-14 10:56:31,745 - INFO - train	x: (26, 12, 487, 2), y: (26, 12, 487, 2)
2023-04-14 10:56:31,746 - INFO - eval	x: (4, 12, 487, 2), y: (4, 12, 487, 2)
2023-04-14 10:56:31,746 - INFO - test	x: (7, 12, 487, 2), y: (7, 12, 487, 2)
2023-04-14 10:56:31,746 - INFO - StandardScaler mean: 59.92392878005366, std: 5.807862904711059
2023-04-14 10:56:31,746 - INFO - NoneScaler
2023-04-14 10:56:32,132 - INFO - You select rnn_type GRU in RNN!
2023-04-14 10:56:35,397 - INFO - RNN(
  (rnn): GRU(974, 64)
  (fc): Linear(in_features=64, out_features=487, bias=True)
)
2023-04-14 10:56:35,398 - INFO - rnn.weight_ih_l0	torch.Size([192, 974])	cuda:0	True
2023-04-14 10:56:35,398 - INFO - rnn.weight_hh_l0	torch.Size([192, 64])	cuda:0	True
2023-04-14 10:56:35,398 - INFO - rnn.bias_ih_l0	torch.Size([192])	cuda:0	True
2023-04-14 10:56:35,398 - INFO - rnn.bias_hh_l0	torch.Size([192])	cuda:0	True
2023-04-14 10:56:35,398 - INFO - fc.weight	torch.Size([487, 64])	cuda:0	True
2023-04-14 10:56:35,398 - INFO - fc.bias	torch.Size([487])	cuda:0	True
2023-04-14 10:56:35,398 - INFO - Total parameter numbers: 231335
2023-04-14 10:56:35,399 - INFO - You select `adam` optimizer.
2023-04-14 10:56:35,399 - INFO - You select `multisteplr` lr_scheduler.
2023-04-14 10:56:35,399 - WARNING - Received none train loss func and will use the loss func defined in the model.
2023-04-14 10:56:35,400 - INFO - Loaded model at ./libcity/cache/50001/model_cache/GRU_Xiongan.m
2023-04-14 10:56:35,409 - INFO - Start evaluating ...
2023-04-14 10:56:35,562 - INFO - Note that you select the single mode to evaluate!
2023-04-14 10:56:35,566 - INFO - Evaluate result is saved at ./libcity/cache/50001/evaluate_cache/2023_04_14_10_56_35_RNN_Xiongan.csv
2023-04-14 10:56:35,580 - INFO - 
         MAE      MAPE        MSE      RMSE  masked_MAE  masked_MAPE  masked_MSE  masked_RMSE        R2      EVAR
1   2.229723  0.037292  12.286780  3.505250    2.229723     0.037292   12.286780     3.505250  0.595787  0.597197
2   3.328067  0.055694  20.387548  4.515257    3.328067     0.055694   20.387548     4.515257  0.376142  0.377749
3   4.012460  0.069000  27.123976  5.208068    4.012460     0.069000   27.123976     5.208068  0.203427  0.211357
4   4.116687  0.069293  26.674688  5.164754    4.116687     0.069293   26.674688     5.164754  0.198608  0.198638
5   4.293715  0.071556  28.250546  5.315124    4.293715     0.071556   28.250546     5.315124  0.111780  0.117041
6   4.129187  0.069604  27.347860  5.229518    4.129187     0.069604   27.347860     5.229518  0.175780  0.176074
7   4.291363  0.073063  28.897638  5.375652    4.291363     0.073063   28.897638     5.375652  0.091333  0.092744
8   4.445473  0.075389  30.203197  5.495744    4.445473     0.075389   30.203197     5.495744  0.113927  0.114357
9   4.330372  0.073310  29.234360  5.406881    4.330372     0.073310   29.234360     5.406881  0.129085  0.129086
10  4.432531  0.074068  31.567852  5.618527    4.432531     0.074068   31.567852     5.618527  0.076327  0.078195
11  4.452781  0.075805  32.269772  5.680649    4.452781     0.075805   32.269772     5.680649  0.036708  0.038017
12  3.869825  0.065332  24.398264  4.939460    3.869825     0.065332   24.398264     4.939460  0.250776  0.251433
