2023-04-14 11:42:32,118 - INFO - Log directory: ./libcity/log
2023-04-14 11:42:32,650 - INFO - Loaded file Xiongan.geo, num_nodes=487
2023-04-14 11:42:32,652 - INFO - set_weight_link_or_dist: dist
2023-04-14 11:42:32,652 - INFO - init_weight_inf_or_zero: inf
2023-04-14 11:42:32,655 - INFO - Loaded file Xiongan.rel, shape=(487, 487)
2023-04-14 11:42:32,656 - INFO - Start Calculate the weight by Gauss kernel!
2023-04-14 11:42:32,658 - INFO - Loading ./libcity/cache/dataset_cache/point_based_Xiongan_12_12_0.7_0.1_standard_64_True_True_False_True.npz
2023-04-14 11:42:32,699 - INFO - train	x: (26, 12, 487, 2), y: (26, 12, 487, 2)
2023-04-14 11:42:32,699 - INFO - eval	x: (4, 12, 487, 2), y: (4, 12, 487, 2)
2023-04-14 11:42:32,699 - INFO - test	x: (7, 12, 487, 2), y: (7, 12, 487, 2)
2023-04-14 11:42:32,699 - INFO - StandardScaler mean: 59.92392878005366, std: 5.807862904711059
2023-04-14 11:42:32,700 - INFO - NoneScaler
2023-04-14 11:42:33,092 - INFO - You select rnn_type GRU in RNN!
2023-04-14 11:42:36,433 - INFO - RNN(
  (rnn): GRU(974, 64)
  (fc): Linear(in_features=64, out_features=487, bias=True)
)
2023-04-14 11:42:36,434 - INFO - rnn.weight_ih_l0	torch.Size([192, 974])	cuda:0	True
2023-04-14 11:42:36,434 - INFO - rnn.weight_hh_l0	torch.Size([192, 64])	cuda:0	True
2023-04-14 11:42:36,434 - INFO - rnn.bias_ih_l0	torch.Size([192])	cuda:0	True
2023-04-14 11:42:36,435 - INFO - rnn.bias_hh_l0	torch.Size([192])	cuda:0	True
2023-04-14 11:42:36,435 - INFO - fc.weight	torch.Size([487, 64])	cuda:0	True
2023-04-14 11:42:36,435 - INFO - fc.bias	torch.Size([487])	cuda:0	True
2023-04-14 11:42:36,435 - INFO - Total parameter numbers: 231335
2023-04-14 11:42:36,435 - INFO - You select `adam` optimizer.
2023-04-14 11:42:36,435 - INFO - You select `multisteplr` lr_scheduler.
2023-04-14 11:42:36,436 - WARNING - Received none train loss func and will use the loss func defined in the model.
2023-04-14 11:42:36,436 - INFO - Loaded model at ./libcity/cache/50001/model_cache/GRU_Xiongan.m
2023-04-14 11:42:36,445 - INFO - Start evaluating ...
2023-04-14 11:42:36,590 - INFO - Note that you select the single mode to evaluate!
2023-04-14 11:42:36,595 - INFO - Evaluate result is saved at ./libcity/cache/50001/evaluate_cache/2023_04_14_11_42_36_RNN_Xiongan.csv
2023-04-14 11:42:36,608 - INFO - 
         MAE      MAPE        MSE      RMSE  masked_MAE  masked_MAPE  masked_MSE  masked_RMSE        R2      EVAR
1   2.229687  0.037292  12.287099  3.505296    2.229687     0.037292   12.287099     3.505296  0.595777  0.597185
2   3.328150  0.055695  20.387774  4.515282    3.328150     0.055695   20.387774     4.515282  0.376135  0.377742
3   4.012425  0.068999  27.124069  5.208077    4.012425     0.068999   27.124069     5.208077  0.203424  0.211356
4   4.116663  0.069293  26.674522  5.164738    4.116663     0.069293   26.674522     5.164738  0.198613  0.198643
5   4.293737  0.071556  28.249847  5.315059    4.293737     0.071556   28.249847     5.315059  0.111802  0.117063
6   4.129207  0.069605  27.348194  5.229550    4.129207     0.069605   27.348194     5.229550  0.175770  0.176064
7   4.291323  0.073062  28.897024  5.375595    4.291323     0.073062   28.897024     5.375595  0.091353  0.092762
8   4.445671  0.075393  30.205507  5.495954    4.445671     0.075393   30.205507     5.495954  0.113859  0.114289
9   4.330264  0.073308  29.233526  5.406804    4.330264     0.073308   29.233526     5.406804  0.129110  0.129111
10  4.432477  0.074067  31.566320  5.618391    4.432477     0.074067   31.566320     5.618391  0.076372  0.078240
11  4.452721  0.075804  32.268673  5.680552    4.452721     0.075804   32.268673     5.680552  0.036740  0.038050
12  3.869882  0.065332  24.398058  4.939439    3.869882     0.065332   24.398058     4.939439  0.250783  0.251440
