2022-10-11 10:27:18,882 - INFO - Log directory: ./libcity/log
2022-10-11 10:27:18,883 - INFO - Begin pipeline, task=traffic_state_pred, model_name=DCRNN, dataset_name=METR_LA, exp_id=55765
2022-10-11 10:27:18,883 - INFO - {'task': 'traffic_state_pred', 'model': 'DCRNN', 'dataset': 'METR_LA', 'saved_model': True, 'train': True, 'seed': 0, 'dataset_class': 'TrafficStatePointDataset', 'executor': 'DCRNNExecutor', 'evaluator': 'TrafficStateEvaluator', 'cl_decay_steps': 2000, 'filter_type': 'dual_random_walk', 'bidir_adj_mx': False, 'max_diffusion_step': 2, 'num_rnn_layers': 2, 'rnn_units': 64, 'use_curriculum_learning': True, 'scaler': 'standard', 'load_external': True, 'normal_external': False, 'ext_scaler': 'none', 'add_time_in_day': True, 'add_day_in_week': False, 'max_epoch': 100, 'learner': 'adam', 'learning_rate': 0.01, 'lr_decay': True, 'lr_scheduler': 'multisteplr', 'lr_decay_ratio': 0.1, 'steps': [5, 20, 40, 70], 'clip_grad_norm': True, 'max_grad_norm': 5, 'use_early_stop': True, 'patience': 50, 'batch_size': 64, 'cache_dataset': True, 'num_workers': 0, 'pad_with_last_sample': True, 'train_rate': 0.7, 'eval_rate': 0.1, 'input_window': 12, 'output_window': 12, 'gpu': True, 'gpu_id': 0, 'train_loss': 'none', 'epoch': 0, 'weight_decay': 0, 'lr_epsilon': 1e-08, 'lr_beta1': 0.9, 'lr_beta2': 0.999, 'lr_alpha': 0.99, 'lr_momentum': 0, 'step_size': 10, 'lr_T_max': 30, 'lr_eta_min': 0, 'lr_patience': 10, 'lr_threshold': 0.0001, 'log_level': 'INFO', 'log_every': 1, 'load_best_epoch': True, 'hyper_tune': False, 'metrics': ['MAE', 'MAPE', 'MSE', 'RMSE', 'masked_MAE', 'masked_MAPE', 'masked_MSE', 'masked_RMSE', 'R2', 'EVAR'], 'evaluator_mode': 'single', 'save_mode': ['csv'], 'geo': {'including_types': ['Point'], 'Point': {}}, 'rel': {'including_types': ['geo'], 'geo': {'cost': 'num'}}, 'dyna': {'including_types': ['state'], 'state': {'entity_id': 'geo_id', 'traffic_speed': 'num'}}, 'data_col': ['traffic_speed'], 'weight_col': 'cost', 'data_files': ['METR_LA'], 'geo_file': 'METR_LA', 'rel_file': 'METR_LA', 'output_dim': 1, 'time_intervals': 300, 'init_weight_inf_or_zero': 'inf', 'set_weight_link_or_dist': 'dist', 'calculate_weight_adj': True, 'weight_adj_epsilon': 0.1, 'device': device(type='cuda', index=0), 'exp_id': 55765}
2022-10-11 10:27:18,899 - INFO - Loaded file METR_LA.geo, num_nodes=207
2022-10-11 10:27:18,910 - INFO - set_weight_link_or_dist: dist
2022-10-11 10:27:18,910 - INFO - init_weight_inf_or_zero: inf
2022-10-11 10:27:18,972 - INFO - Loaded file METR_LA.rel, shape=(207, 207)
2022-10-11 10:27:18,972 - INFO - Start Calculate the weight by Gauss kernel!
2022-10-11 10:27:18,973 - INFO - Loading file METR_LA.dyna
2022-10-11 10:27:27,123 - INFO - Loaded file METR_LA.dyna, shape=(34272, 207, 1)
2022-10-11 10:27:45,268 - INFO - Dataset created
2022-10-11 10:27:45,268 - INFO - x shape: (34249, 12, 207, 2), y shape: (34249, 12, 207, 2)
2022-10-11 10:27:45,379 - INFO - train	x: (23974, 12, 207, 2), y: (23974, 12, 207, 2)
2022-10-11 10:27:45,379 - INFO - eval	x: (3425, 12, 207, 2), y: (3425, 12, 207, 2)
2022-10-11 10:27:45,379 - INFO - test	x: (6850, 12, 207, 2), y: (6850, 12, 207, 2)
2022-10-11 10:29:38,684 - INFO - Saved at ./libcity/cache/dataset_cache/point_based_METR_LA_12_12_0.7_0.1_standard_64_True_True_False_True.npz
2022-10-11 10:29:39,579 - INFO - StandardScaler mean: 54.40592829587626, std: 19.493739270573098
2022-10-11 10:29:39,579 - INFO - NoneScaler
2022-10-11 10:29:53,738 - INFO - DCRNN(
  (encoder_model): EncoderModel(
    (dcgru_layers): ModuleList(
      (0): DCGRUCell(
        (_fn): GCONV()
        (_gconv): GCONV()
      )
      (1): DCGRUCell(
        (_fn): GCONV()
        (_gconv): GCONV()
      )
    )
  )
  (decoder_model): DecoderModel(
    (projection_layer): Linear(in_features=64, out_features=1, bias=True)
    (dcgru_layers): ModuleList(
      (0): DCGRUCell(
        (_fn): GCONV()
        (_gconv): GCONV()
      )
      (1): DCGRUCell(
        (_fn): GCONV()
        (_gconv): GCONV()
      )
    )
  )
)
2022-10-11 10:29:53,739 - INFO - encoder_model.dcgru_layers.0._fn.weight	torch.Size([330, 128])	cuda:0	True
2022-10-11 10:29:53,739 - INFO - encoder_model.dcgru_layers.0._fn.biases	torch.Size([128])	cuda:0	True
2022-10-11 10:29:53,739 - INFO - encoder_model.dcgru_layers.0._gconv.weight	torch.Size([330, 64])	cuda:0	True
2022-10-11 10:29:53,739 - INFO - encoder_model.dcgru_layers.0._gconv.biases	torch.Size([64])	cuda:0	True
2022-10-11 10:29:53,739 - INFO - encoder_model.dcgru_layers.1._fn.weight	torch.Size([640, 128])	cuda:0	True
2022-10-11 10:29:53,739 - INFO - encoder_model.dcgru_layers.1._fn.biases	torch.Size([128])	cuda:0	True
2022-10-11 10:29:53,739 - INFO - encoder_model.dcgru_layers.1._gconv.weight	torch.Size([640, 64])	cuda:0	True
2022-10-11 10:29:53,739 - INFO - encoder_model.dcgru_layers.1._gconv.biases	torch.Size([64])	cuda:0	True
2022-10-11 10:29:53,739 - INFO - decoder_model.projection_layer.weight	torch.Size([1, 64])	cuda:0	True
2022-10-11 10:29:53,740 - INFO - decoder_model.projection_layer.bias	torch.Size([1])	cuda:0	True
2022-10-11 10:29:53,740 - INFO - decoder_model.dcgru_layers.0._fn.weight	torch.Size([325, 128])	cuda:0	True
2022-10-11 10:29:53,740 - INFO - decoder_model.dcgru_layers.0._fn.biases	torch.Size([128])	cuda:0	True
2022-10-11 10:29:53,740 - INFO - decoder_model.dcgru_layers.0._gconv.weight	torch.Size([325, 64])	cuda:0	True
2022-10-11 10:29:53,740 - INFO - decoder_model.dcgru_layers.0._gconv.biases	torch.Size([64])	cuda:0	True
2022-10-11 10:29:53,740 - INFO - decoder_model.dcgru_layers.1._fn.weight	torch.Size([640, 128])	cuda:0	True
2022-10-11 10:29:53,740 - INFO - decoder_model.dcgru_layers.1._fn.biases	torch.Size([128])	cuda:0	True
2022-10-11 10:29:53,740 - INFO - decoder_model.dcgru_layers.1._gconv.weight	torch.Size([640, 64])	cuda:0	True
2022-10-11 10:29:53,740 - INFO - decoder_model.dcgru_layers.1._gconv.biases	torch.Size([64])	cuda:0	True
2022-10-11 10:29:53,741 - INFO - Total parameter numbers: 372353
2022-10-11 10:29:53,741 - INFO - You select `adam` optimizer.
2022-10-11 10:29:53,741 - INFO - You select `multisteplr` lr_scheduler.
2022-10-11 10:29:53,742 - WARNING - Received none train loss func and will use the loss func defined in the model.
2022-10-11 10:29:53,742 - INFO - Start training ...
2022-10-11 10:29:53,742 - INFO - num_batches:375
2022-10-11 10:29:55,318 - INFO - Total trainable parameters 372353
2022-10-11 10:36:29,589 - INFO - epoch complete!
2022-10-11 10:36:29,590 - INFO - evaluating now!
2022-10-11 10:36:59,951 - INFO - Epoch [0/100] (375) train_loss: 2.7230, val_loss: 3.3985, lr: 0.010000, 426.21s
2022-10-11 10:36:59,966 - INFO - Saved model at 0
2022-10-11 10:36:59,967 - INFO - Val loss decrease from inf to 3.3985, saving to ./libcity/cache/55765/model_cache/DCRNN_METR_LA_epoch0.tar
2022-10-11 10:43:33,784 - INFO - epoch complete!
2022-10-11 10:43:33,785 - INFO - evaluating now!
2022-10-11 10:44:03,208 - INFO - Epoch [1/100] (750) train_loss: 2.2776, val_loss: 3.1336, lr: 0.010000, 423.24s
2022-10-11 10:44:03,224 - INFO - Saved model at 1
2022-10-11 10:44:03,224 - INFO - Val loss decrease from 3.3985 to 3.1336, saving to ./libcity/cache/55765/model_cache/DCRNN_METR_LA_epoch1.tar
2022-10-11 10:50:39,389 - INFO - epoch complete!
2022-10-11 10:50:39,390 - INFO - evaluating now!
2022-10-11 10:51:08,532 - INFO - Epoch [2/100] (1125) train_loss: 2.1982, val_loss: 3.1130, lr: 0.010000, 425.31s
2022-10-11 10:51:08,543 - INFO - Saved model at 2
2022-10-11 10:51:08,544 - INFO - Val loss decrease from 3.1336 to 3.1130, saving to ./libcity/cache/55765/model_cache/DCRNN_METR_LA_epoch2.tar
2022-10-11 10:57:37,348 - INFO - epoch complete!
2022-10-11 10:57:37,349 - INFO - evaluating now!
2022-10-11 10:58:06,492 - INFO - Epoch [3/100] (1500) train_loss: 2.1565, val_loss: 3.1677, lr: 0.010000, 417.95s
