2022-10-13 18:18:51,987 - INFO - Log directory: ./libcity/log
2022-10-13 18:18:51,987 - INFO - Begin pipeline, task=traffic_state_pred, model_name=DCRNN, dataset_name=METR_LA, exp_id=83773
2022-10-13 18:18:51,987 - INFO - {'task': 'traffic_state_pred', 'model': 'DCRNN', 'dataset': 'METR_LA', 'saved_model': True, 'train': False, 'seed': 0, 'train_rate': 0.0, 'eval_rate': 0.0, 'batch_size': 1, 'exp_id': 83773, 'dataset_class': 'TrafficStatePointDataset', 'executor': 'DCRNNExecutor', 'evaluator': 'TrafficStateEvaluator', 'cl_decay_steps': 2000, 'filter_type': 'dual_random_walk', 'bidir_adj_mx': False, 'max_diffusion_step': 2, 'num_rnn_layers': 2, 'rnn_units': 64, 'use_curriculum_learning': True, 'scaler': 'standard', 'load_external': True, 'normal_external': False, 'ext_scaler': 'none', 'add_time_in_day': True, 'add_day_in_week': False, 'max_epoch': 100, 'learner': 'adam', 'learning_rate': 0.01, 'lr_decay': True, 'lr_scheduler': 'multisteplr', 'lr_decay_ratio': 0.1, 'steps': [5, 20, 40, 70], 'clip_grad_norm': True, 'max_grad_norm': 5, 'use_early_stop': True, 'patience': 50, 'cache_dataset': True, 'num_workers': 0, 'pad_with_last_sample': True, 'input_window': 12, 'output_window': 12, 'gpu': True, 'gpu_id': 0, 'train_loss': 'none', 'epoch': 0, 'weight_decay': 0, 'lr_epsilon': 1e-08, 'lr_beta1': 0.9, 'lr_beta2': 0.999, 'lr_alpha': 0.99, 'lr_momentum': 0, 'step_size': 10, 'lr_T_max': 30, 'lr_eta_min': 0, 'lr_patience': 10, 'lr_threshold': 0.0001, 'log_level': 'INFO', 'log_every': 1, 'load_best_epoch': True, 'hyper_tune': False, 'metrics': ['MAE', 'MAPE', 'MSE', 'RMSE', 'masked_MAE', 'masked_MAPE', 'masked_MSE', 'masked_RMSE', 'R2', 'EVAR'], 'evaluator_mode': 'single', 'save_mode': ['csv'], 'geo': {'including_types': ['Point'], 'Point': {}}, 'rel': {'including_types': ['geo'], 'geo': {'cost': 'num'}}, 'dyna': {'including_types': ['state'], 'state': {'entity_id': 'geo_id', 'traffic_speed': 'num'}}, 'data_col': ['traffic_speed'], 'weight_col': 'cost', 'data_files': ['METR_LA'], 'geo_file': 'METR_LA', 'rel_file': 'METR_LA', 'output_dim': 1, 'time_intervals': 300, 'init_weight_inf_or_zero': 'inf', 'set_weight_link_or_dist': 'dist', 'calculate_weight_adj': True, 'weight_adj_epsilon': 0.1, 'device': device(type='cuda', index=0)}
2022-10-13 18:18:51,998 - INFO - Loaded file METR_LA.geo, num_nodes=207
2022-10-13 18:18:52,009 - INFO - set_weight_link_or_dist: dist
2022-10-13 18:18:52,009 - INFO - init_weight_inf_or_zero: inf
2022-10-13 18:18:52,069 - INFO - Loaded file METR_LA.rel, shape=(207, 207)
2022-10-13 18:18:52,069 - INFO - Start Calculate the weight by Gauss kernel!
2022-10-13 18:18:52,070 - INFO - Loading file METR_LA.dyna
2022-10-13 18:18:52,090 - INFO - Loaded file METR_LA.dyna, shape=(24, 207, 1)
2022-10-13 18:18:52,091 - INFO - Dataset created
2022-10-13 18:18:52,091 - INFO - x shape: (1, 12, 207, 2), y shape: (1, 12, 207, 2)
2022-10-13 18:18:52,091 - INFO - train	x: (0, 12, 207, 2), y: (0, 12, 207, 2)
2022-10-13 18:18:52,091 - INFO - eval	x: (0, 12, 207, 2), y: (0, 12, 207, 2)
2022-10-13 18:18:52,091 - INFO - test	x: (1, 12, 207, 2), y: (1, 12, 207, 2)
2022-10-13 18:18:52,100 - INFO - Saved at ./libcity/cache/dataset_cache/point_based_METR_LA_12_12_0.0_0.0_standard_1_True_True_False_True.npz
2022-10-13 18:18:52,101 - INFO - StandardScaler mean: 60.70929312680522, std: 12.98930639952291
2022-10-13 18:18:52,101 - INFO - NoneScaler
2022-10-13 18:18:55,230 - INFO - DCRNN(
  (encoder_model): EncoderModel(
    (dcgru_layers): ModuleList(
      (0): DCGRUCell(
        (_fn): GCONV()
        (_gconv): GCONV()
      )
      (1): DCGRUCell(
        (_fn): GCONV()
        (_gconv): GCONV()
      )
    )
  )
  (decoder_model): DecoderModel(
    (projection_layer): Linear(in_features=64, out_features=1, bias=True)
    (dcgru_layers): ModuleList(
      (0): DCGRUCell(
        (_fn): GCONV()
        (_gconv): GCONV()
      )
      (1): DCGRUCell(
        (_fn): GCONV()
        (_gconv): GCONV()
      )
    )
  )
)
2022-10-13 18:18:55,231 - INFO - encoder_model.dcgru_layers.0._fn.weight	torch.Size([330, 128])	cuda:0	True
2022-10-13 18:18:55,231 - INFO - encoder_model.dcgru_layers.0._fn.biases	torch.Size([128])	cuda:0	True
2022-10-13 18:18:55,231 - INFO - encoder_model.dcgru_layers.0._gconv.weight	torch.Size([330, 64])	cuda:0	True
2022-10-13 18:18:55,231 - INFO - encoder_model.dcgru_layers.0._gconv.biases	torch.Size([64])	cuda:0	True
2022-10-13 18:18:55,231 - INFO - encoder_model.dcgru_layers.1._fn.weight	torch.Size([640, 128])	cuda:0	True
2022-10-13 18:18:55,231 - INFO - encoder_model.dcgru_layers.1._fn.biases	torch.Size([128])	cuda:0	True
2022-10-13 18:18:55,231 - INFO - encoder_model.dcgru_layers.1._gconv.weight	torch.Size([640, 64])	cuda:0	True
2022-10-13 18:18:55,231 - INFO - encoder_model.dcgru_layers.1._gconv.biases	torch.Size([64])	cuda:0	True
2022-10-13 18:18:55,231 - INFO - decoder_model.projection_layer.weight	torch.Size([1, 64])	cuda:0	True
2022-10-13 18:18:55,231 - INFO - decoder_model.projection_layer.bias	torch.Size([1])	cuda:0	True
2022-10-13 18:18:55,231 - INFO - decoder_model.dcgru_layers.0._fn.weight	torch.Size([325, 128])	cuda:0	True
2022-10-13 18:18:55,231 - INFO - decoder_model.dcgru_layers.0._fn.biases	torch.Size([128])	cuda:0	True
2022-10-13 18:18:55,231 - INFO - decoder_model.dcgru_layers.0._gconv.weight	torch.Size([325, 64])	cuda:0	True
2022-10-13 18:18:55,231 - INFO - decoder_model.dcgru_layers.0._gconv.biases	torch.Size([64])	cuda:0	True
2022-10-13 18:18:55,231 - INFO - decoder_model.dcgru_layers.1._fn.weight	torch.Size([640, 128])	cuda:0	True
2022-10-13 18:18:55,232 - INFO - decoder_model.dcgru_layers.1._fn.biases	torch.Size([128])	cuda:0	True
2022-10-13 18:18:55,232 - INFO - decoder_model.dcgru_layers.1._gconv.weight	torch.Size([640, 64])	cuda:0	True
2022-10-13 18:18:55,232 - INFO - decoder_model.dcgru_layers.1._gconv.biases	torch.Size([64])	cuda:0	True
2022-10-13 18:18:55,232 - INFO - Total parameter numbers: 372353
2022-10-13 18:18:55,232 - INFO - You select `adam` optimizer.
2022-10-13 18:18:55,232 - INFO - You select `multisteplr` lr_scheduler.
2022-10-13 18:18:55,233 - WARNING - Received none train loss func and will use the loss func defined in the model.
2022-10-13 18:18:55,233 - INFO - Loaded model at ./libcity/cache/83773/model_cache/DCRNN_METR_LA.m
2022-10-13 18:18:55,247 - INFO - Start evaluating ...
2022-10-13 18:18:56,218 - INFO - Note that you select the single mode to evaluate!
2022-10-13 18:18:56,226 - INFO - Evaluate result is saved at ./libcity/cache/83773/evaluate_cache/2022_10_13_18_18_56_DCRNN_METR_LA.csv
2022-10-13 18:18:56,246 - INFO - 
         MAE  MAPE         MSE       RMSE  masked_MAE  masked_MAPE  masked_MSE  masked_RMSE        R2      EVAR
1   4.622344   inf  161.273605  12.699354    2.484933     0.043191   15.860715     3.982551 -0.037515  0.049074
2   5.170198   inf  171.928818  13.112163    3.017156     0.052490   22.280733     4.720247 -0.109959  0.021832
3   5.635411   inf  177.939514  13.339397    3.475102     0.059575   25.334509     5.033340 -0.159627  0.011559
4   5.428718   inf  174.866959  13.223727    3.255129     0.054762   21.337608     4.619265 -0.157394  0.012782
5   6.033410   inf  184.871964  13.596763    3.871616     0.066675   30.430178     5.516356 -0.205685  0.015685
6   7.462838   inf  208.719162  14.447116    5.345880     0.095332   54.405876     7.376034 -0.318610 -0.000523
7   6.508780   inf  189.433456  13.763483    4.353016     0.073851   33.709274     5.805969 -0.244751  0.002669
8   6.893933   inf  199.030289  14.107809    4.747313     0.082613   43.051178     6.561340 -0.278968 -0.002485
9   6.863823   inf  199.092865  14.110027    4.712183     0.081732   42.575493     6.524990 -0.274309 -0.003892
10  6.677804   inf  196.198425  14.007085    4.516416     0.078229   39.137856     6.256025 -0.249474  0.009358
11  6.736118   inf  198.475616  14.088138    4.573903     0.078887   41.102924     6.411156 -0.274409 -0.015927
12  6.658474   inf  194.924103  13.961522    4.491042     0.077030   37.085175     6.089760 -0.260262  0.004567
