2023-04-10 11:16:36,214 - INFO - Log directory: ./libcity/log
2023-04-10 11:16:36,215 - INFO - Begin pipeline, task=traffic_state_pred, model_name=DCRNN, dataset_name=Xiongan, exp_id=88757
2023-04-10 11:16:36,215 - INFO - {'task': 'traffic_state_pred', 'model': 'DCRNN', 'dataset': 'Xiongan', 'saved_model': True, 'train': True, 'seed': 0, 'dataset_class': 'TrafficStatePointDataset', 'executor': 'DCRNNExecutor', 'evaluator': 'TrafficStateEvaluator', 'cl_decay_steps': 2000, 'filter_type': 'dual_random_walk', 'bidir_adj_mx': False, 'max_diffusion_step': 2, 'num_rnn_layers': 2, 'rnn_units': 64, 'use_curriculum_learning': True, 'scaler': 'standard', 'load_external': True, 'normal_external': False, 'ext_scaler': 'none', 'add_time_in_day': True, 'add_day_in_week': False, 'max_epoch': 100, 'learner': 'adam', 'learning_rate': 0.01, 'lr_decay': True, 'lr_scheduler': 'multisteplr', 'lr_decay_ratio': 0.1, 'steps': [5, 20, 40, 70], 'clip_grad_norm': True, 'max_grad_norm': 5, 'use_early_stop': True, 'patience': 50, 'batch_size': 64, 'cache_dataset': True, 'num_workers': 0, 'pad_with_last_sample': True, 'train_rate': 0.7, 'eval_rate': 0.1, 'input_window': 12, 'output_window': 12, 'gpu': True, 'gpu_id': 0, 'train_loss': 'none', 'epoch': 0, 'weight_decay': 0, 'lr_epsilon': 1e-08, 'lr_beta1': 0.9, 'lr_beta2': 0.999, 'lr_alpha': 0.99, 'lr_momentum': 0, 'step_size': 10, 'lr_T_max': 30, 'lr_eta_min': 0, 'lr_patience': 10, 'lr_threshold': 0.0001, 'log_level': 'INFO', 'log_every': 1, 'load_best_epoch': True, 'hyper_tune': False, 'metrics': ['MAE', 'MAPE', 'MSE', 'RMSE', 'masked_MAE', 'masked_MAPE', 'masked_MSE', 'masked_RMSE', 'R2', 'EVAR'], 'evaluator_mode': 'single', 'save_mode': ['csv'], 'geo': {'including_types': ['Point'], 'Point': {}}, 'rel': {'including_types': ['geo'], 'geo': {'cost': 'num'}}, 'dyna': {'including_types': ['state'], 'state': {'entity_id': 'geo_id', 'traffic_speed': 'num'}}, 'data_col': ['traffic_speed'], 'weight_col': 'cost', 'data_files': ['Xiongan'], 'geo_file': 'Xiongan', 'rel_file': 'Xiongan', 'output_dim': 1, 'time_intervals': 300, 'init_weight_inf_or_zero': 'inf', 'set_weight_link_or_dist': 'dist', 'calculate_weight_adj': True, 'weight_adj_epsilon': 0.1, 'device': device(type='cuda', index=0), 'exp_id': 88757}
2023-04-10 11:16:36,224 - INFO - Loaded file Xiongan.geo, num_nodes=487
2023-04-10 11:16:36,226 - INFO - set_weight_link_or_dist: dist
2023-04-10 11:16:36,227 - INFO - init_weight_inf_or_zero: inf
2023-04-10 11:16:36,230 - INFO - Loaded file Xiongan.rel, shape=(487, 487)
2023-04-10 11:16:36,231 - INFO - Start Calculate the weight by Gauss kernel!
2023-04-10 11:16:36,234 - INFO - Loading file Xiongan.dyna
2023-04-10 11:16:36,274 - INFO - Loaded file Xiongan.dyna, shape=(60, 487, 1)
2023-04-10 11:16:36,288 - INFO - Dataset created
2023-04-10 11:16:36,288 - INFO - x shape: (37, 12, 487, 2), y shape: (37, 12, 487, 2)
2023-04-10 11:16:36,289 - INFO - train	x: (26, 12, 487, 2), y: (26, 12, 487, 2)
2023-04-10 11:16:36,289 - INFO - eval	x: (4, 12, 487, 2), y: (4, 12, 487, 2)
2023-04-10 11:16:36,289 - INFO - test	x: (7, 12, 487, 2), y: (7, 12, 487, 2)
2023-04-10 11:16:36,564 - INFO - Saved at ./libcity/cache/dataset_cache/point_based_Xiongan_12_12_0.7_0.1_standard_64_True_True_False_True.npz
2023-04-10 11:16:36,564 - INFO - StandardScaler mean: 59.92392878005366, std: 5.807862904711059
2023-04-10 11:16:36,564 - INFO - NoneScaler
2023-04-10 11:16:41,646 - INFO - DCRNN(
  (encoder_model): EncoderModel(
    (dcgru_layers): ModuleList(
      (0): DCGRUCell(
        (_fn): GCONV()
        (_gconv): GCONV()
      )
      (1): DCGRUCell(
        (_fn): GCONV()
        (_gconv): GCONV()
      )
    )
  )
  (decoder_model): DecoderModel(
    (projection_layer): Linear(in_features=64, out_features=1, bias=True)
    (dcgru_layers): ModuleList(
      (0): DCGRUCell(
        (_fn): GCONV()
        (_gconv): GCONV()
      )
      (1): DCGRUCell(
        (_fn): GCONV()
        (_gconv): GCONV()
      )
    )
  )
)
2023-04-10 11:16:41,646 - INFO - encoder_model.dcgru_layers.0._fn.weight	torch.Size([330, 128])	cuda:0	True
2023-04-10 11:16:41,646 - INFO - encoder_model.dcgru_layers.0._fn.biases	torch.Size([128])	cuda:0	True
2023-04-10 11:16:41,647 - INFO - encoder_model.dcgru_layers.0._gconv.weight	torch.Size([330, 64])	cuda:0	True
2023-04-10 11:16:41,647 - INFO - encoder_model.dcgru_layers.0._gconv.biases	torch.Size([64])	cuda:0	True
2023-04-10 11:16:41,647 - INFO - encoder_model.dcgru_layers.1._fn.weight	torch.Size([640, 128])	cuda:0	True
2023-04-10 11:16:41,647 - INFO - encoder_model.dcgru_layers.1._fn.biases	torch.Size([128])	cuda:0	True
2023-04-10 11:16:41,647 - INFO - encoder_model.dcgru_layers.1._gconv.weight	torch.Size([640, 64])	cuda:0	True
2023-04-10 11:16:41,647 - INFO - encoder_model.dcgru_layers.1._gconv.biases	torch.Size([64])	cuda:0	True
2023-04-10 11:16:41,647 - INFO - decoder_model.projection_layer.weight	torch.Size([1, 64])	cuda:0	True
2023-04-10 11:16:41,647 - INFO - decoder_model.projection_layer.bias	torch.Size([1])	cuda:0	True
2023-04-10 11:16:41,647 - INFO - decoder_model.dcgru_layers.0._fn.weight	torch.Size([325, 128])	cuda:0	True
2023-04-10 11:16:41,647 - INFO - decoder_model.dcgru_layers.0._fn.biases	torch.Size([128])	cuda:0	True
2023-04-10 11:16:41,647 - INFO - decoder_model.dcgru_layers.0._gconv.weight	torch.Size([325, 64])	cuda:0	True
2023-04-10 11:16:41,647 - INFO - decoder_model.dcgru_layers.0._gconv.biases	torch.Size([64])	cuda:0	True
2023-04-10 11:16:41,647 - INFO - decoder_model.dcgru_layers.1._fn.weight	torch.Size([640, 128])	cuda:0	True
2023-04-10 11:16:41,647 - INFO - decoder_model.dcgru_layers.1._fn.biases	torch.Size([128])	cuda:0	True
2023-04-10 11:16:41,647 - INFO - decoder_model.dcgru_layers.1._gconv.weight	torch.Size([640, 64])	cuda:0	True
2023-04-10 11:16:41,647 - INFO - decoder_model.dcgru_layers.1._gconv.biases	torch.Size([64])	cuda:0	True
2023-04-10 11:16:41,648 - INFO - Total parameter numbers: 372353
2023-04-10 11:16:41,648 - INFO - You select `adam` optimizer.
2023-04-10 11:16:41,648 - INFO - You select `multisteplr` lr_scheduler.
2023-04-10 11:16:41,648 - WARNING - Received none train loss func and will use the loss func defined in the model.
2023-04-10 11:16:41,648 - INFO - Start training ...
2023-04-10 11:16:41,648 - INFO - num_batches:1
